=== RakSAMP Lite вҖ” РҫРұСҠРөРҙРёРҪС‘РҪРҪСӢР№ Р»РҫРі РҙРІСғС… РұРҫСӮРҫРІ (87.228.5.12:7777) ===
РҳСҒСӮРҫСҮРҪРёРә: /workspace/lite_run/
РЎРөСҖРІРөСҖ: 87.228.5.12:7777
Р‘РҫСӮ 1: Roman_Orlov | Р‘РҫСӮ 2: Vitaly_Zaycev

---------- lite_run/bot1.log ----------

---------- lite_run/bot2.log ----------

---------- bot1_Roman_Orlov/RakSAMP Lite.log ----------
[18:18:55]  
[18:18:55] * ===================================================== *
[18:18:55]   RakSAMP Lite initialized on 01/04/2026 18:18:55
[18:18:55]   Authors: jlfm, bartekdvd, P3ti, Rei
[18:18:55]   Visit t.me/reiscripts
[18:18:55] * ===================================================== *
[18:18:55]  
[18:18:55] [LUA] Loading scripts...
[18:18:55] [LUA] [00_forum_bundle] skip damage_status.lua: cannot open forum_lua_blasthk/damage_status.lua: No such file or directory
[18:18:55] [LUA] [00_forum_bundle] skip InvalidPositionFix.lua: cannot open forum_lua_blasthk/InvalidPositionFix.lua: No such file or directory
[18:18:55] [LUA] [00_forum_bundle] OK: damage_status, InvalidPositionFix
[18:18:55] [LUA] Z:\workspace\lite_run\bot1_Roman_Orlov\scripts\00_forum_bundle.lua loaded
[18:18:55] [LUA] Z:\workspace\lite_run\bot1_Roman_Orlov\scripts\blasthk_aim_and_ping_merged.lua loaded
[18:18:55] [LUA] ========== blasthk_aim_and_ping_merged onLoad ==========
[18:18:55] [LUA] [merged] aim_fix + send_ping_fix + PRIME RUSSIA GUI handler
[18:18:55] [LUA] [merged] GUI packets: in=251/252 out=251
[18:18:55] [LUA] [merged] pw_len=15
[18:18:55] [LUA] [merged] samp.events callbacks registered via MODULE
[18:18:55] [NET] Connecting to 87.228.5.12:7777...
[18:18:55] [LUA] [pkt in] id=12
[18:18:55] [LUA] [pkt in] id=34
[18:18:55] [LUA] [merged] ConnectionRequestAccepted ip=-1390444029 port=22291 playerId=0
[18:18:55] [NET] Connected. Joining the game...
[18:18:56] [LUA] [pkt in] id=41
[18:18:56] [LUA] [RPC in] id=60
[18:18:56] [LUA] [RPC in] id=14
[18:18:56] [LUA] [RPC in] id=66
[18:18:56] [LUA] [RPC in] id=21
[18:18:56] [LUA] [RPC in] id=93
[18:18:56] [LUA] [merged] ServerMsg color=FFFFFFFFFFFFFFFF ascii=" " hex=20 
[18:18:56] [MSG]  
[18:18:56] [LUA] [RPC in] id=93
[18:18:56] [LUA] [merged] ServerMsg color=FFFFFFFFFFFFFFFF ascii=" " hex=20 
[18:18:56] [MSG]  
[18:18:56] [LUA] [RPC in] id=93
[18:18:56] [LUA] [merged] ServerMsg color=FFFFFFFFFFFFFFFF ascii=" " hex=20 
[18:18:56] [MSG]  
[18:18:56] [LUA] [RPC in] id=93
[18:18:56] [LUA] [merged] ServerMsg color=FFFFFFFFFFFFFFFF ascii=" " hex=20 
[18:18:56] [MSG]  
[18:18:56] [LUA] [RPC in] id=93
[18:18:56] [LUA] [merged] ServerMsg color=FFFFFFFFFFFFFFFF ascii=" " hex=20 
[18:18:56] [MSG]  
[18:18:56] [LUA] [RPC in] id=93
[18:18:56] [LUA] [merged] ServerMsg color=FFFFFFFFFFFFFFFF ascii=" " hex=20 
[18:18:56] [MSG]  
[18:18:56] [LUA] [RPC in] id=93
[18:18:56] [LUA] [merged] ServerMsg color=FFFFFFFFFFFFFFFF ascii=" " hex=20 
[18:18:56] [MSG]  
[18:18:56] [LUA] [RPC in] id=93
[18:18:56] [LUA] [merged] ServerMsg color=FFFFFFFFFFFFFFFF ascii=" " hex=20 
[18:18:56] [MSG]  
[18:18:56] [LUA] [RPC in] id=93
[18:18:56] [LUA] [merged] ServerMsg color=FFFFFFFFFFFFFFFF ascii=" " hex=20 
[18:18:56] [MSG]  
[18:18:56] [LUA] [RPC in] id=93
[18:18:56] [LUA] [merged] ServerMsg color=FFFFFFFFFFFFFFFF ascii=" " hex=20 
[18:18:56] [MSG]  
[18:18:56] [LUA] [RPC in] id=93
[18:18:56] [LUA] [merged] ServerMsg color=FFFFFFFFFFFFFFFF ascii=" " hex=20 
[18:18:56] [MSG]  
[18:18:56] [LUA] [RPC in] id=93
[18:18:56] [LUA] [merged] ServerMsg color=FFFFFFFFFFFFFFFF ascii=" " hex=20 
[18:18:56] [MSG]  
[18:18:56] [LUA] [RPC in] id=93
[18:18:56] [LUA] [merged] ServerMsg color=FFFFFFFFFFFFFFFF ascii=" " hex=20 
[18:18:56] [MSG]  
[18:18:56] [LUA] [RPC in] id=93
[18:18:56] [LUA] [merged] ServerMsg color=FFFFFFFFFFFFFFFF ascii=" " hex=20 
[18:18:56] [MSG]  
[18:18:56] [LUA] [RPC in] id=93
[18:18:56] [LUA] [merged] ServerMsg color=FFFFFFFFFFFFFFFF ascii=" " hex=20 
[18:18:56] [MSG]  
[18:18:56] [LUA] [RPC in] id=93
[18:18:56] [LUA] [merged] ServerMsg color=FFFFFFFFFFFFFFFF ascii=" " hex=20 
[18:18:56] [MSG]  
[18:18:56] [LUA] [RPC in] id=93
[18:18:56] [LUA] [merged] ServerMsg color=FFFFFFFFFFFFFFFF ascii=" " hex=20 
[18:18:56] [MSG]  
[18:18:56] [LUA] [RPC in] id=93
[18:18:56] [LUA] [merged] ServerMsg color=FFFFFFFFFFFFFFFF ascii=" " hex=20 
[18:18:56] [MSG]  
[18:18:56] [LUA] [RPC in] id=93
[18:18:56] [LUA] [merged] ServerMsg color=FFFFFFFFFFFFFFFF ascii=" " hex=20 
[18:18:56] [MSG]  
[18:18:56] [LUA] [RPC in] id=93
[18:18:56] [LUA] [merged] ServerMsg color=FFFFFFFFFFFFFFFF ascii=" " hex=20 
[18:18:56] [MSG]  
[18:18:56] [LUA] [RPC in] id=93
[18:18:56] [LUA] [merged] ServerMsg color=FFFFFFFFFFFFFFFF ascii=" " hex=20 
[18:18:56] [MSG]  
[18:18:56] [LUA] [RPC in] id=93
[18:18:56] [LUA] [merged] ServerMsg color=FFFFFFFFFFFFFFFF ascii=" " hex=20 
[18:18:56] [MSG]  
[18:18:56] [LUA] [RPC in] id=93
[18:18:56] [LUA] [merged] ServerMsg color=FFFFFFFFFFFFFFFF ascii=" " hex=20 
[18:18:56] [MSG]  
[18:18:56] [LUA] [RPC in] id=93
[18:18:56] [LUA] [merged] ServerMsg color=FFFFFFFFFFFFFFFF ascii=" " hex=20 
[18:18:56] [MSG]  
[18:18:56] [LUA] [RPC in] id=93
[18:18:56] [LUA] [merged] ServerMsg color=FFFFFFFFFFFFFFFF ascii=" " hex=20 
[18:18:56] [MSG]  
[18:18:56] [LUA] [RPC in] id=93
[18:18:56] [LUA] [merged] ServerMsg color=FFFFFFFFFFFFFFFF ascii=" " hex=20 
[18:18:56] [MSG]  
[18:18:56] [LUA] [RPC in] id=168
[18:18:56] [LUA] [RPC in] id=168
[18:18:56] [LUA] [RPC in] id=168
[18:18:56] [LUA] [RPC in] id=93
[18:18:56] [LUA] [merged] ServerMsg color=FFFFFFFFFFFFFFFF ascii="{FFFFFF}| ..... .......... .. {E24B4B}PRIME RUSSIA{FFFFFF}, ...... ." hex=7B 46 46 46 46 46 46 7D 7C 20 C4 EE E1 F0 EE 20 EF EE E6 E0 EB EE E2 E0 F2 FC 20 ED E0 20 7B 45 32 34 42 34 42 7D 50 52 49 4D 45 20 52 55 53 53 49 41 7B 46 46 46 46 46 46 7D 2C 20 F1 E5 F0 E2 E5 F0 20 97 
[18:18:56] [MSG] {FFFFFF}| Добро пожаловать на {E24B4B}PRIME RUSSIA{FFFFFF}, сервер —
[18:18:56] [LUA] [RPC in] id=93
[18:18:56] [LUA] [merged] ServerMsg color=FFFFFFFFFFFFFFFF ascii="{FFFFFF}| . {E24B4B}RED" hex=7B 46 46 46 46 46 46 7D 7C 20 97 20 7B 45 32 34 42 34 42 7D 52 45 44 
[18:18:56] [MSG] {FFFFFF}| — {E24B4B}RED
[18:18:56] [LUA] [RPC in] id=93
[18:18:56] [LUA] [merged] ServerMsg color=FFFFFFFFFFFFFFFF ascii="{FFFFFF}| . ..... ...... ........ {E24B4B}t.me/primee_dev{FFFFFF} ...." hex=7B 46 46 46 46 46 46 7D 7C 20 C2 20 ED E0 F8 E5 EC 20 EA E0 ED E0 EB E5 20 D2 E5 EB E5 E3 F0 E0 EC 20 7B 45 32 34 42 34 42 7D 74 2E 6D 65 2F 70 72 69 6D 65 65 5F 64 65 76 7B 46 46 46 46 46 46 7D 20 E8 E4 B8 F2 
[18:18:56] [MSG] {FFFFFF}| В нашем канале Телеграм {E24B4B}t.me/primee_dev{FFFFFF} идёт
[18:18:56] [LUA] [RPC in] id=93
[18:18:56] [LUA] [merged] ServerMsg color=FFFFFFFFFFFFFFFF ascii="{FFFFFF}| . ....... ........" hex=7B 46 46 46 46 46 46 7D 7C 20 97 20 F0 E0 E7 E4 E0 F7 E0 20 EF EE E4 E0 F0 EA EE E2 
[18:18:56] [MSG] {FFFFFF}| — раздача подарков
[18:18:56] [LUA] [RPC in] id=93
[18:18:56] [LUA] [merged] ServerMsg color=FFFFFFFFFFFFFFFF ascii="{FFFFFF}| ... ....... ..... ........ . .. ...... ......." hex=7B 46 46 46 46 46 46 7D 7C 20 C4 EB FF 20 F3 F7 E0 F1 F2 E8 FF 20 ED F3 E6 ED EE 20 ED E0 EF E8 F1 E0 F2 FC 20 E2 20 CB D1 20 E3 F0 F3 EF EF FB 20 EA EE E4 EE E2 EE E5 
[18:18:56] [MSG] {FFFFFF}| Для участия нужно написать в ЛС группы кодовое
[18:18:56] [LUA] [RPC in] id=93
[18:18:56] [LUA] [merged] ServerMsg color=FFFFFFFFFFFFFFFF ascii="{FFFFFF}| . ..... {E24B4B}#...." hex=7B 46 46 46 46 46 46 7D 7C 20 97 20 F1 EB EE E2 EE 20 7B 45 32 34 42 34 42 7D 23 D5 CE D7 D3 
[18:18:56] [MSG] {FFFFFF}| — слово {E24B4B}#ХОЧУ
[18:18:56] [LUA] [RPC in] id=93
[18:18:56] [LUA] [merged] ServerMsg color=FFFFFFFFFFFFFFFF ascii=" " hex=20 
[18:18:56] [MSG]  
[18:18:56] [LUA] [RPC in] id=29
[18:18:56] [LUA] [RPC in] id=72
[18:18:56] [LUA] [RPC in] id=108
[18:18:56] [LUA] [RPC in] id=108
[18:18:56] [LUA] [RPC in] id=108
[18:18:56] [LUA] [RPC in] id=108
[18:18:56] [LUA] [RPC in] id=108
[18:18:56] [LUA] [RPC in] id=108
[18:18:56] [LUA] [RPC in] id=108
[18:18:56] [LUA] [RPC in] id=108
[18:18:56] [LUA] [RPC in] id=108
[18:18:56] [LUA] [RPC in] id=108
[18:18:56] [LUA] [RPC in] id=108
[18:18:56] [LUA] [RPC in] id=108
[18:18:56] [LUA] [RPC in] id=108
[18:18:56] [LUA] [RPC in] id=108
[18:18:56] [LUA] [RPC in] id=108
[18:18:56] [LUA] [RPC in] id=108
[18:18:56] [LUA] [RPC in] id=108
[18:18:56] [LUA] [RPC in] id=108
[18:18:56] [LUA] [RPC in] id=108
[18:18:56] [LUA] [RPC in] id=108
[18:18:56] [LUA] [RPC in] id=108
[18:18:56] [LUA] [RPC in] id=108
[18:18:56] [LUA] [RPC in] id=108
[18:18:56] [LUA] [RPC in] id=108
[18:18:56] [LUA] [RPC in] id=108
[18:18:56] [LUA] [RPC in] id=108
[18:18:56] [LUA] [RPC in] id=108
[18:18:56] [LUA] [RPC in] id=108
[18:18:56] [LUA] [RPC in] id=108
[18:18:56] [LUA] [RPC in] id=108
[18:18:56] [LUA] [RPC in] id=108
[18:18:56] [LUA] [RPC in] id=108
[18:18:56] [LUA] [RPC in] id=168
[18:18:56] [LUA] [RPC in] id=108
[18:18:56] [LUA] [RPC in] id=108
[18:18:56] [LUA] [RPC in] id=108
[18:18:56] [LUA] [RPC in] id=108
[18:18:56] [LUA] [RPC in] id=108
[18:18:56] [LUA] [RPC in] id=108
[18:18:56] [LUA] [RPC in] id=108
[18:18:56] [LUA] [RPC in] id=108
[18:18:56] [LUA] [RPC in] id=108
[18:18:56] [LUA] [RPC in] id=108
[18:18:56] [LUA] [RPC in] id=108
[18:18:56] [LUA] [RPC in] id=108
[18:18:56] [LUA] [RPC in] id=108
[18:18:56] [LUA] [RPC in] id=108
[18:18:56] [LUA] [RPC in] id=108
[18:18:56] [LUA] [RPC in] id=108
[18:18:56] [LUA] [RPC in] id=168
[18:18:56] [LUA] [RPC in] id=108
[18:18:56] [LUA] [RPC in] id=108
[18:18:56] [LUA] [RPC in] id=108
[18:18:56] [LUA] [RPC in] id=108
[18:18:56] [LUA] [RPC in] id=108
[18:18:56] [LUA] [RPC in] id=108
[18:18:56] [LUA] [RPC in] id=108
[18:18:56] [LUA] [RPC in] id=108
[18:18:56] [LUA] [RPC in] id=108
[18:18:56] [LUA] [RPC in] id=108
[18:18:56] [LUA] [RPC in] id=108
[18:18:56] [LUA] [RPC in] id=108
[18:18:56] [LUA] [RPC in] id=108
[18:18:56] [LUA] [RPC in] id=108
[18:18:56] [LUA] [RPC in] id=108
[18:18:56] [LUA] [RPC in] id=108
[18:18:56] [LUA] [RPC in] id=108
[18:18:56] [LUA] [RPC in] id=108
[18:18:56] [LUA] [RPC in] id=108
[18:18:56] [LUA] [RPC in] id=108
[18:18:56] [LUA] [RPC in] id=108
[18:18:56] [LUA] [RPC in] id=108
[18:18:56] [LUA] [RPC in] id=108
[18:18:56] [LUA] [RPC in] id=108
[18:18:56] [LUA] [RPC in] id=108
[18:18:56] [LUA] [RPC in] id=108
[18:18:56] [LUA] [RPC in] id=108
[18:18:56] [LUA] [RPC in] id=108
[18:18:56] [LUA] [RPC in] id=108
[18:18:56] [LUA] [RPC in] id=108
[18:18:56] [LUA] [RPC in] id=108
[18:18:56] [LUA] [RPC in] id=108
[18:18:56] [LUA] [RPC in] id=108
[18:18:56] [LUA] [RPC in] id=108
[18:18:56] [LUA] [RPC in] id=108
[18:18:56] [LUA] [RPC in] id=108
[18:18:56] [LUA] [RPC in] id=108
[18:18:56] [LUA] [RPC in] id=108
[18:18:56] [LUA] [RPC in] id=108
[18:18:56] [LUA] [RPC in] id=108
[18:18:56] [LUA] [RPC in] id=108
[18:18:56] [LUA] [RPC in] id=108
[18:18:56] [LUA] [RPC in] id=108
[18:18:56] [LUA] [RPC in] id=108
[18:18:56] [LUA] [RPC in] id=108
[18:18:56] [LUA] [RPC in] id=108
[18:18:56] [LUA] [RPC in] id=108
[18:18:56] [LUA] [RPC in] id=108
[18:18:57] [LUA] [RPC in] id=108
[18:18:57] [LUA] [RPC in] id=108
[18:18:57] [LUA] [RPC in] id=108
[18:18:57] [LUA] [RPC in] id=108
[18:18:57] [LUA] [RPC in] id=108
[18:18:57] [LUA] [RPC in] id=44
[18:18:57] [LUA] [RPC in] id=44
[18:18:57] [LUA] [RPC in] id=44
[18:18:57] [LUA] [RPC in] id=44
[18:18:57] [LUA] [RPC in] id=44
[18:18:57] [LUA] [RPC in] id=44
[18:18:57] [LUA] [RPC in] id=44
[18:18:57] [LUA] [RPC in] id=44
[18:18:57] [LUA] [RPC in] id=44
[18:18:57] [LUA] [RPC in] id=44
[18:18:57] [LUA] [RPC in] id=44
[18:18:57] [LUA] [RPC in] id=44
[18:18:57] [LUA] [RPC in] id=44
[18:18:57] [LUA] [RPC in] id=44
[18:18:57] [LUA] [RPC in] id=44
[18:18:57] [LUA] [RPC in] id=44
[18:18:57] [LUA] [RPC in] id=44
[18:18:57] [LUA] [RPC in] id=44
[18:18:57] [LUA] [RPC in] id=44
[18:18:57] [LUA] [RPC in] id=44
[18:18:57] [LUA] [RPC in] id=44
[18:18:57] [LUA] [RPC in] id=44
[18:18:57] [LUA] [RPC in] id=44
[18:18:57] [LUA] [RPC in] id=44
[18:18:57] [LUA] [RPC in] id=44
[18:18:57] [LUA] [RPC in] id=44
[18:18:57] [LUA] [RPC in] id=44
[18:18:57] [LUA] [RPC in] id=44
[18:18:57] [LUA] [RPC in] id=44
[18:18:57] [LUA] [RPC in] id=44
[18:18:57] [LUA] [RPC in] id=44
[18:18:57] [LUA] [RPC in] id=44
[18:18:57] [LUA] [RPC in] id=44
[18:18:57] [LUA] [RPC in] id=44
[18:18:57] [LUA] [RPC in] id=44
[18:18:57] [LUA] [RPC in] id=44
[18:18:57] [LUA] [RPC in] id=44
[18:18:57] [LUA] [RPC in] id=44
[18:18:57] [LUA] [RPC in] id=44
[18:18:57] [LUA] [RPC in] id=44
[18:18:57] [LUA] [RPC in] id=44
[18:18:57] [LUA] [RPC in] id=44
[18:18:57] [LUA] [RPC in] id=44
[18:18:57] [LUA] [RPC in] id=44
[18:18:57] [LUA] [RPC in] id=44
[18:18:57] [LUA] [RPC in] id=44
[18:18:57] [LUA] [RPC in] id=44
[18:18:57] [LUA] [RPC in] id=44
[18:18:57] [LUA] [RPC in] id=44
[18:18:57] [LUA] [RPC in] id=44
[18:18:57] [LUA] [RPC in] id=44
[18:18:57] [LUA] [RPC in] id=44
[18:18:57] [LUA] [RPC in] id=44
[18:18:57] [LUA] [RPC in] id=44
[18:18:57] [LUA] [RPC in] id=44
[18:18:57] [LUA] [RPC in] id=44
[18:18:57] [LUA] [RPC in] id=44
[18:18:57] [LUA] [RPC in] id=44
[18:18:57] [LUA] [RPC in] id=44
[18:18:57] [LUA] [RPC in] id=44
[18:18:57] [LUA] [RPC in] id=44
[18:18:57] [LUA] [RPC in] id=44
[18:18:57] [LUA] [RPC in] id=44
[18:18:57] [LUA] [RPC in] id=41
[18:18:57] [AUDIO] 
[18:18:57] [LUA] [RPC in] id=168
[18:18:57] [LUA] [pkt in] id=251
[18:18:57] [LUA] [PR-IN] pkt=251 total_bytes=54
[18:18:57] [LUA] [PR-IN-HEX] FB 05 00 00 00 30 68 74 74 70 3A 2F 2F 77 68 33 36 30 36 2E 
[18:18:57] [LUA] [PR-IN-PARSE] pkt=0xFB screen=5 len=0 dup=26672 total=54
[18:18:57] [LUA] [PR-IN] screen=5 json=ttp://wh3606.web3.maze-host.ru/music/enter_.mp3
[18:18:57] [LUA] [PR-IN] screen=5 json=ttp://wh3606.web3.maze-host.ru/music/enter_.mp3
[18:18:58] [LUA] [pkt in] id=251
[18:18:58] [LUA] [PR-IN] pkt=251 total_bytes=54
[18:18:58] [LUA] [PR-IN-HEX] FB 05 00 00 00 30 68 74 74 70 3A 2F 2F 77 68 33 36 30 36 2E 
[18:18:58] [LUA] [PR-IN-PARSE] pkt=0xFB screen=5 len=0 dup=26672 total=54
[18:18:58] [LUA] [PR-IN] screen=5 json=ttp://wh3606.web3.maze-host.ru/music/enter_.mp3
[18:18:58] [LUA] [PR-IN] screen=5 json=ttp://wh3606.web3.maze-host.ru/music/enter_.mp3
[18:18:58] [LUA] [RPC in] id=139
[18:18:58] [LUA] [merged] onInitGame playerId=0 host=PRIME RUSSIA classes=1
[18:18:58] [LUA] [merged] onInitGame: waiting for JSON GUI flow (screen 38/50)
[18:18:58] [NET] Connected to PRIME RUSSIA
[18:18:58] [RPC] >> Class 0 requested
[18:18:58] [LUA] [RPC in] id=157
[18:18:58] [LUA] [RPC in] id=158
[18:18:58] [LUA] [pkt in] id=252
[18:18:58] [LUA] [PR-IN] pkt=252 total_bytes=20
[18:18:58] [LUA] [PR-IN-HEX] FC 26 00 0D 00 00 00 7B 22 6F 22 3A 31 2C 22 72 22 3A 30 7D 
[18:18:58] [LUA] [PR-IN-PARSE] pkt=0xFC screen=38 len=13 dup=0 total=20
[18:18:58] [LUA] [PR-IN] screen=38 json={"o":1,"r":0}
[18:18:58] [LUA] [PR-IN] screen=38 json={"o":1,"r":0}
[18:18:58] [LUA] [PR] GUI38 OPEN: REGISTRATION mode
[18:18:58] [LUA] [RPC in] id=128
[18:18:58] [LUA] [merged] RequestClassResponse canSpawn=true skin=0
[18:18:58] [LUA] [PR] REGISTER attempt=1 pw_len=15 skin=239
[18:18:58] [LUA] [PR-SEND mode=FIXED] screen=38 len=47 json={"t":1,"s":"Roman_Orlov","p":"[REDACTED_PASSWORD]"}
[18:18:59] [LUA] [PR-SEND mode=FIXED] screen=38 len=20 json={"t":2,"s":"","r":0}
[18:18:59] [LUA] [PR-SEND mode=FIXED] screen=38 len=14 json={"t":4,"s":""}
[18:18:59] [LUA] [PR-SEND mode=FIXED] screen=38 len=13 json={"t":3,"r":0}
[18:18:59] [LUA] [RPC in] id=120
[18:18:59] [LUA] [RPC in] id=72
[18:18:59] [LUA] [PR-SEND mode=FIXED] screen=38 len=15 json={"t":5,"r":239}
[18:19:00] [LUA] [RPC in] id=94
[18:19:00] [LUA] [RPC in] id=29
[18:19:00] [LUA] [PR-SEND mode=FIXED] screen=38 len=7 json={"c":1}
[18:19:00] [LUA] [PR] Registration sequence sent
[18:19:19] [LUA] [RPC in] id=47
[18:19:19] [LUA] [RPC in] id=44
[18:19:19] [LUA] [RPC in] id=47
[18:19:19] [LUA] [RPC in] id=44
[18:19:19] [LUA] [RPC in] id=47
[18:19:19] [LUA] [RPC in] id=44
[18:19:19] [LUA] [RPC in] id=47
[18:19:19] [LUA] [RPC in] id=44
[18:19:19] [LUA] [RPC in] id=47
[18:19:19] [LUA] [RPC in] id=44
[18:19:19] [LUA] [RPC in] id=47
[18:19:19] [LUA] [RPC in] id=44
[18:19:19] [LUA] [RPC in] id=47
[18:19:19] [LUA] [RPC in] id=44
[18:19:19] [LUA] [RPC in] id=47
[18:19:19] [LUA] [RPC in] id=44
[18:19:19] [LUA] [RPC in] id=47
[18:19:19] [LUA] [RPC in] id=44
[18:19:19] [LUA] [RPC in] id=47
[18:19:19] [LUA] [RPC in] id=44
[18:19:19] [LUA] [RPC in] id=47
[18:19:19] [LUA] [RPC in] id=44
[18:19:19] [LUA] [RPC in] id=47
[18:19:19] [LUA] [RPC in] id=44
[18:19:19] [LUA] [RPC in] id=47
[18:19:19] [LUA] [RPC in] id=44
[18:19:19] [LUA] [RPC in] id=47
[18:19:19] [LUA] [RPC in] id=44
[18:19:19] [LUA] [RPC in] id=47
[18:19:19] [LUA] [RPC in] id=44
[18:19:19] [LUA] [RPC in] id=47
[18:19:19] [LUA] [RPC in] id=44
[18:19:19] [LUA] [RPC in] id=47
[18:19:19] [LUA] [RPC in] id=44
[18:19:20] [LUA] [RPC in] id=47
[18:19:20] [LUA] [RPC in] id=44
[18:19:22] [LUA] [RPC in] id=47
[18:19:22] [LUA] [RPC in] id=44
[18:19:22] [LUA] [RPC in] id=47
[18:19:22] [LUA] [RPC in] id=44
[18:19:22] [LUA] [RPC in] id=47
[18:19:22] [LUA] [RPC in] id=44
[18:19:22] [LUA] [RPC in] id=47
[18:19:22] [LUA] [RPC in] id=44
[18:19:22] [LUA] [RPC in] id=47
[18:19:22] [LUA] [RPC in] id=44
[18:19:22] [LUA] [RPC in] id=47
[18:19:22] [LUA] [RPC in] id=44
[18:19:22] [LUA] [RPC in] id=47
[18:19:22] [LUA] [RPC in] id=44
[18:19:22] [LUA] [RPC in] id=47
[18:19:22] [LUA] [RPC in] id=44
[18:19:22] [LUA] [RPC in] id=47
[18:19:22] [LUA] [RPC in] id=44
[18:19:22] [LUA] [RPC in] id=47
[18:19:22] [LUA] [RPC in] id=44
[18:19:22] [LUA] [RPC in] id=47
[18:19:22] [LUA] [RPC in] id=44
[18:19:22] [LUA] [RPC in] id=47
[18:19:22] [LUA] [RPC in] id=44
[18:19:22] [LUA] [RPC in] id=47
[18:19:22] [LUA] [RPC in] id=44
[18:19:22] [LUA] [RPC in] id=47
[18:19:22] [LUA] [RPC in] id=44
[18:19:22] [LUA] [RPC in] id=47
[18:19:22] [LUA] [RPC in] id=44
[18:19:22] [LUA] [RPC in] id=47
[18:19:22] [LUA] [RPC in] id=44
[18:19:23] [LUA] [RPC in] id=47
[18:19:23] [LUA] [RPC in] id=44
[18:19:23] [LUA] [RPC in] id=47
[18:19:23] [LUA] [RPC in] id=44
[18:19:23] [LUA] [RPC in] id=60
[18:19:48] [LUA] [RPC in] id=47
[18:19:48] [LUA] [RPC in] id=44
[18:19:48] [LUA] [RPC in] id=47
[18:19:48] [LUA] [RPC in] id=44
[18:19:48] [LUA] [RPC in] id=47
[18:19:48] [LUA] [RPC in] id=44
[18:19:48] [LUA] [RPC in] id=47
[18:19:48] [LUA] [RPC in] id=44
[18:19:48] [LUA] [RPC in] id=47
[18:19:48] [LUA] [RPC in] id=44
[18:19:48] [LUA] [RPC in] id=47
[18:19:48] [LUA] [RPC in] id=44
[18:19:48] [LUA] [RPC in] id=47
[18:19:48] [LUA] [RPC in] id=44
[18:19:48] [LUA] [RPC in] id=47
[18:19:48] [LUA] [RPC in] id=44
[18:19:48] [LUA] [RPC in] id=47
[18:19:48] [LUA] [RPC in] id=44
[18:19:48] [LUA] [RPC in] id=47
[18:19:48] [LUA] [RPC in] id=44
[18:19:48] [LUA] [RPC in] id=47
[18:19:48] [LUA] [RPC in] id=44
[18:19:48] [LUA] [RPC in] id=47
[18:19:48] [LUA] [RPC in] id=44
[18:19:48] [LUA] [RPC in] id=47
[18:19:48] [LUA] [RPC in] id=44
[18:19:48] [LUA] [RPC in] id=47
[18:19:48] [LUA] [RPC in] id=44
[18:19:48] [LUA] [RPC in] id=47
[18:19:48] [LUA] [RPC in] id=44
[18:19:48] [LUA] [RPC in] id=47
[18:19:48] [LUA] [RPC in] id=44
[18:19:48] [LUA] [RPC in] id=47
[18:19:48] [LUA] [RPC in] id=44
[18:19:48] [LUA] [RPC in] id=47
[18:19:48] [LUA] [RPC in] id=44
[18:19:51] [LUA] [RPC in] id=72
[18:19:51] [LUA] [RPC in] id=47
[18:19:51] [LUA] [RPC in] id=44
[18:19:51] [LUA] [RPC in] id=47
[18:19:51] [LUA] [RPC in] id=44
[18:19:51] [LUA] [RPC in] id=47
[18:19:51] [LUA] [RPC in] id=44
[18:19:51] [LUA] [RPC in] id=47
[18:19:51] [LUA] [RPC in] id=44
[18:19:51] [LUA] [RPC in] id=47
[18:19:51] [LUA] [RPC in] id=44
[18:19:51] [LUA] [RPC in] id=47
[18:19:51] [LUA] [RPC in] id=44
[18:19:51] [LUA] [RPC in] id=47
[18:19:51] [LUA] [RPC in] id=44
[18:19:51] [LUA] [RPC in] id=47
[18:19:51] [LUA] [RPC in] id=44
[18:19:51] [LUA] [RPC in] id=47
[18:19:51] [LUA] [RPC in] id=44
[18:19:51] [LUA] [RPC in] id=47
[18:19:51] [LUA] [RPC in] id=44
[18:19:51] [LUA] [RPC in] id=47
[18:19:51] [LUA] [RPC in] id=44
[18:19:51] [LUA] [RPC in] id=47
[18:19:51] [LUA] [RPC in] id=44
[18:19:51] [LUA] [RPC in] id=47
[18:19:51] [LUA] [RPC in] id=44
[18:19:51] [LUA] [RPC in] id=47
[18:19:51] [LUA] [RPC in] id=44
[18:19:51] [LUA] [RPC in] id=47
[18:19:51] [LUA] [RPC in] id=44
[18:19:51] [LUA] [RPC in] id=47
[18:19:51] [LUA] [RPC in] id=44
[18:19:51] [LUA] [RPC in] id=47
[18:19:51] [LUA] [RPC in] id=44
[18:19:51] [LUA] [RPC in] id=47
[18:19:51] [LUA] [RPC in] id=44
[18:19:52] [LUA] [RPC in] id=151
[18:19:53] [LUA] [RPC in] id=60
[18:19:55] [LUA] [RPC in] id=151
[18:19:56] [LUA] [RPC in] id=151
[18:19:57] [LUA] [RPC in] id=151
[18:19:58] [LUA] [RPC in] id=151
[18:19:59] [LUA] [RPC in] id=151
[18:20:00] [LUA] [RPC in] id=151
[18:20:00] [LUA] [RPC in] id=72
[18:20:00] [LUA] [RPC in] id=94
[18:20:00] [LUA] [RPC in] id=29
[18:20:00] [LUA] [RPC in] id=151
[18:20:00] [LUA] [RPC in] id=151
[18:20:00] [LUA] [RPC in] id=151
[18:20:00] [LUA] [RPC in] id=72
[18:20:00] [LUA] [RPC in] id=72
[18:20:01] [LUA] [RPC in] id=151
[18:20:01] [LUA] [RPC in] id=72
[18:20:02] [LUA] [RPC in] id=151
[18:20:03] [LUA] [RPC in] id=151
[18:20:04] [LUA] [RPC in] id=151
[18:20:05] [LUA] [RPC in] id=151
[18:20:06] [LUA] [RPC in] id=151
[18:20:07] [LUA] [RPC in] id=151
[18:20:08] [LUA] [RPC in] id=151
[18:20:09] [LUA] [RPC in] id=151
[18:20:10] [LUA] [RPC in] id=151
[18:20:11] [LUA] [RPC in] id=151
[18:20:12] [LUA] [RPC in] id=151
[18:20:13] [LUA] [RPC in] id=151
[18:20:14] [LUA] [RPC in] id=151
[18:20:15] [LUA] [RPC in] id=151
[18:20:16] [LUA] [RPC in] id=151
[18:20:16] [LUA] [RPC in] id=47
[18:20:16] [LUA] [RPC in] id=44
[18:20:16] [LUA] [RPC in] id=47
[18:20:16] [LUA] [RPC in] id=44
[18:20:16] [LUA] [RPC in] id=47
[18:20:16] [LUA] [RPC in] id=44
[18:20:16] [LUA] [RPC in] id=47
[18:20:16] [LUA] [RPC in] id=44
[18:20:16] [LUA] [RPC in] id=47
[18:20:16] [LUA] [RPC in] id=44
[18:20:16] [LUA] [RPC in] id=47
[18:20:16] [LUA] [RPC in] id=44
[18:20:16] [LUA] [RPC in] id=47
[18:20:16] [LUA] [RPC in] id=44
[18:20:16] [LUA] [RPC in] id=47
[18:20:16] [LUA] [RPC in] id=44
[18:20:16] [LUA] [RPC in] id=47
[18:20:16] [LUA] [RPC in] id=44
[18:20:16] [LUA] [RPC in] id=47
[18:20:16] [LUA] [RPC in] id=44
[18:20:16] [LUA] [RPC in] id=47
[18:20:16] [LUA] [RPC in] id=44
[18:20:16] [LUA] [RPC in] id=47
[18:20:16] [LUA] [RPC in] id=44
[18:20:16] [LUA] [RPC in] id=47
[18:20:16] [LUA] [RPC in] id=44
[18:20:16] [LUA] [RPC in] id=47
[18:20:16] [LUA] [RPC in] id=44
[18:20:16] [LUA] [RPC in] id=47
[18:20:16] [LUA] [RPC in] id=44
[18:20:16] [LUA] [RPC in] id=47
[18:20:16] [LUA] [RPC in] id=44
[18:20:16] [LUA] [RPC in] id=47
[18:20:16] [LUA] [RPC in] id=44
[18:20:17] [LUA] [RPC in] id=47
[18:20:17] [LUA] [RPC in] id=44
[18:20:17] [LUA] [RPC in] id=151
[18:20:18] [LUA] [RPC in] id=151
[18:20:19] [LUA] [RPC in] id=151
[18:20:19] [LUA] [RPC in] id=47
[18:20:19] [LUA] [RPC in] id=44
[18:20:19] [LUA] [RPC in] id=47
[18:20:19] [LUA] [RPC in] id=44
[18:20:19] [LUA] [RPC in] id=47
[18:20:19] [LUA] [RPC in] id=44
[18:20:19] [LUA] [RPC in] id=47
[18:20:19] [LUA] [RPC in] id=44
[18:20:19] [LUA] [RPC in] id=47
[18:20:19] [LUA] [RPC in] id=44
[18:20:19] [LUA] [RPC in] id=47
[18:20:19] [LUA] [RPC in] id=44
[18:20:19] [LUA] [RPC in] id=47
[18:20:19] [LUA] [RPC in] id=44
[18:20:19] [LUA] [RPC in] id=47
[18:20:19] [LUA] [RPC in] id=44
[18:20:19] [LUA] [RPC in] id=47
[18:20:19] [LUA] [RPC in] id=44
[18:20:19] [LUA] [RPC in] id=47
[18:20:19] [LUA] [RPC in] id=44
[18:20:19] [LUA] [RPC in] id=47
[18:20:19] [LUA] [RPC in] id=44
[18:20:19] [LUA] [RPC in] id=47
[18:20:19] [LUA] [RPC in] id=44
[18:20:19] [LUA] [RPC in] id=47
[18:20:19] [LUA] [RPC in] id=44
[18:20:19] [LUA] [RPC in] id=47
[18:20:19] [LUA] [RPC in] id=44
[18:20:19] [LUA] [RPC in] id=47
[18:20:20] [LUA] [RPC in] id=44
[18:20:20] [LUA] [RPC in] id=47
[18:20:20] [LUA] [RPC in] id=44
[18:20:20] [LUA] [RPC in] id=47
[18:20:20] [LUA] [RPC in] id=44
[18:20:20] [LUA] [RPC in] id=151
[18:20:20] [LUA] [RPC in] id=47
[18:20:20] [LUA] [RPC in] id=44
[18:20:21] [LUA] [RPC in] id=151
[18:20:22] [LUA] [RPC in] id=151
[18:20:23] [LUA] [RPC in] id=151
[18:20:23] [LUA] [RPC in] id=60
[18:20:24] [LUA] [RPC in] id=151
[18:20:25] [LUA] [RPC in] id=151
[18:20:26] [LUA] [RPC in] id=151
[18:20:27] [LUA] [RPC in] id=151
[18:20:28] [LUA] [RPC in] id=151
[18:20:29] [LUA] [RPC in] id=151
[18:20:30] [LUA] [RPC in] id=151
[18:20:31] [LUA] [RPC in] id=151
[18:20:32] [LUA] [RPC in] id=151
[18:20:33] [LUA] [RPC in] id=151
[18:20:34] [LUA] [RPC in] id=151
[18:20:35] [LUA] [RPC in] id=151
[18:20:36] [LUA] [RPC in] id=151
[18:20:37] [LUA] [RPC in] id=151
[18:20:38] [LUA] [RPC in] id=151
[18:20:39] [LUA] [RPC in] id=151
[18:20:40] [LUA] [RPC in] id=151
[18:20:42] [LUA] [RPC in] id=151
[18:20:43] [LUA] [RPC in] id=151
[18:20:44] [LUA] [RPC in] id=151

---------- bot1_Roman_Orlov/lite_debug.log ----------
2026-04-01 18:18:55 ========== blasthk_aim_and_ping_merged onLoad ==========
2026-04-01 18:18:55 [merged] aim_fix + send_ping_fix + PRIME RUSSIA GUI handler
2026-04-01 18:18:55 [merged] GUI packets: in=251/252 out=251
2026-04-01 18:18:55 [merged] pw_len=15
2026-04-01 18:18:55 [merged] samp.events callbacks registered via MODULE
2026-04-01 18:18:55 [pkt in] id=12
2026-04-01 18:18:55 [pkt in] id=34
2026-04-01 18:18:55 [merged] ConnectionRequestAccepted ip=-1390444029 port=22291 playerId=0
2026-04-01 18:18:56 [pkt in] id=41
2026-04-01 18:18:56 [RPC in] id=60
2026-04-01 18:18:56 [RPC in] id=14
2026-04-01 18:18:56 [RPC in] id=66
2026-04-01 18:18:56 [RPC in] id=21
2026-04-01 18:18:56 [RPC in] id=93
2026-04-01 18:18:56 [merged] ServerMsg color=FFFFFFFFFFFFFFFF ascii=" " hex=20 
2026-04-01 18:18:56 [RPC in] id=93
2026-04-01 18:18:56 [merged] ServerMsg color=FFFFFFFFFFFFFFFF ascii=" " hex=20 
2026-04-01 18:18:56 [RPC in] id=93
2026-04-01 18:18:56 [merged] ServerMsg color=FFFFFFFFFFFFFFFF ascii=" " hex=20 
2026-04-01 18:18:56 [RPC in] id=93
2026-04-01 18:18:56 [merged] ServerMsg color=FFFFFFFFFFFFFFFF ascii=" " hex=20 
2026-04-01 18:18:56 [RPC in] id=93
2026-04-01 18:18:56 [merged] ServerMsg color=FFFFFFFFFFFFFFFF ascii=" " hex=20 
2026-04-01 18:18:56 [RPC in] id=93
2026-04-01 18:18:56 [merged] ServerMsg color=FFFFFFFFFFFFFFFF ascii=" " hex=20 
2026-04-01 18:18:56 [RPC in] id=93
2026-04-01 18:18:56 [merged] ServerMsg color=FFFFFFFFFFFFFFFF ascii=" " hex=20 
2026-04-01 18:18:56 [RPC in] id=93
2026-04-01 18:18:56 [merged] ServerMsg color=FFFFFFFFFFFFFFFF ascii=" " hex=20 
2026-04-01 18:18:56 [RPC in] id=93
2026-04-01 18:18:56 [merged] ServerMsg color=FFFFFFFFFFFFFFFF ascii=" " hex=20 
2026-04-01 18:18:56 [RPC in] id=93
2026-04-01 18:18:56 [merged] ServerMsg color=FFFFFFFFFFFFFFFF ascii=" " hex=20 
2026-04-01 18:18:56 [RPC in] id=93
2026-04-01 18:18:56 [merged] ServerMsg color=FFFFFFFFFFFFFFFF ascii=" " hex=20 
2026-04-01 18:18:56 [RPC in] id=93
2026-04-01 18:18:56 [merged] ServerMsg color=FFFFFFFFFFFFFFFF ascii=" " hex=20 
2026-04-01 18:18:56 [RPC in] id=93
2026-04-01 18:18:56 [merged] ServerMsg color=FFFFFFFFFFFFFFFF ascii=" " hex=20 
2026-04-01 18:18:56 [RPC in] id=93
2026-04-01 18:18:56 [merged] ServerMsg color=FFFFFFFFFFFFFFFF ascii=" " hex=20 
2026-04-01 18:18:56 [RPC in] id=93
2026-04-01 18:18:56 [merged] ServerMsg color=FFFFFFFFFFFFFFFF ascii=" " hex=20 
2026-04-01 18:18:56 [RPC in] id=93
2026-04-01 18:18:56 [merged] ServerMsg color=FFFFFFFFFFFFFFFF ascii=" " hex=20 
2026-04-01 18:18:56 [RPC in] id=93
2026-04-01 18:18:56 [merged] ServerMsg color=FFFFFFFFFFFFFFFF ascii=" " hex=20 
2026-04-01 18:18:56 [RPC in] id=93
2026-04-01 18:18:56 [merged] ServerMsg color=FFFFFFFFFFFFFFFF ascii=" " hex=20 
2026-04-01 18:18:56 [RPC in] id=93
2026-04-01 18:18:56 [merged] ServerMsg color=FFFFFFFFFFFFFFFF ascii=" " hex=20 
2026-04-01 18:18:56 [RPC in] id=93
2026-04-01 18:18:56 [merged] ServerMsg color=FFFFFFFFFFFFFFFF ascii=" " hex=20 
2026-04-01 18:18:56 [RPC in] id=93
2026-04-01 18:18:56 [merged] ServerMsg color=FFFFFFFFFFFFFFFF ascii=" " hex=20 
2026-04-01 18:18:56 [RPC in] id=93
2026-04-01 18:18:56 [merged] ServerMsg color=FFFFFFFFFFFFFFFF ascii=" " hex=20 
2026-04-01 18:18:56 [RPC in] id=93
2026-04-01 18:18:56 [merged] ServerMsg color=FFFFFFFFFFFFFFFF ascii=" " hex=20 
2026-04-01 18:18:56 [RPC in] id=93
2026-04-01 18:18:56 [merged] ServerMsg color=FFFFFFFFFFFFFFFF ascii=" " hex=20 
2026-04-01 18:18:56 [RPC in] id=93
2026-04-01 18:18:56 [merged] ServerMsg color=FFFFFFFFFFFFFFFF ascii=" " hex=20 
2026-04-01 18:18:56 [RPC in] id=93
2026-04-01 18:18:56 [merged] ServerMsg color=FFFFFFFFFFFFFFFF ascii=" " hex=20 
2026-04-01 18:18:56 [RPC in] id=168
2026-04-01 18:18:56 [RPC in] id=168
2026-04-01 18:18:56 [RPC in] id=168
2026-04-01 18:18:56 [RPC in] id=93
2026-04-01 18:18:56 [merged] ServerMsg color=FFFFFFFFFFFFFFFF ascii="{FFFFFF}| ..... .......... .. {E24B4B}PRIME RUSSIA{FFFFFF}, ...... ." hex=7B 46 46 46 46 46 46 7D 7C 20 C4 EE E1 F0 EE 20 EF EE E6 E0 EB EE E2 E0 F2 FC 20 ED E0 20 7B 45 32 34 42 34 42 7D 50 52 49 4D 45 20 52 55 53 53 49 41 7B 46 46 46 46 46 46 7D 2C 20 F1 E5 F0 E2 E5 F0 20 97 
2026-04-01 18:18:56 [RPC in] id=93
2026-04-01 18:18:56 [merged] ServerMsg color=FFFFFFFFFFFFFFFF ascii="{FFFFFF}| . {E24B4B}RED" hex=7B 46 46 46 46 46 46 7D 7C 20 97 20 7B 45 32 34 42 34 42 7D 52 45 44 
2026-04-01 18:18:56 [RPC in] id=93
2026-04-01 18:18:56 [merged] ServerMsg color=FFFFFFFFFFFFFFFF ascii="{FFFFFF}| . ..... ...... ........ {E24B4B}t.me/primee_dev{FFFFFF} ...." hex=7B 46 46 46 46 46 46 7D 7C 20 C2 20 ED E0 F8 E5 EC 20 EA E0 ED E0 EB E5 20 D2 E5 EB E5 E3 F0 E0 EC 20 7B 45 32 34 42 34 42 7D 74 2E 6D 65 2F 70 72 69 6D 65 65 5F 64 65 76 7B 46 46 46 46 46 46 7D 20 E8 E4 B8 F2 
2026-04-01 18:18:56 [RPC in] id=93
2026-04-01 18:18:56 [merged] ServerMsg color=FFFFFFFFFFFFFFFF ascii="{FFFFFF}| . ....... ........" hex=7B 46 46 46 46 46 46 7D 7C 20 97 20 F0 E0 E7 E4 E0 F7 E0 20 EF EE E4 E0 F0 EA EE E2 
2026-04-01 18:18:56 [RPC in] id=93
2026-04-01 18:18:56 [merged] ServerMsg color=FFFFFFFFFFFFFFFF ascii="{FFFFFF}| ... ....... ..... ........ . .. ...... ......." hex=7B 46 46 46 46 46 46 7D 7C 20 C4 EB FF 20 F3 F7 E0 F1 F2 E8 FF 20 ED F3 E6 ED EE 20 ED E0 EF E8 F1 E0 F2 FC 20 E2 20 CB D1 20 E3 F0 F3 EF EF FB 20 EA EE E4 EE E2 EE E5 
2026-04-01 18:18:56 [RPC in] id=93
2026-04-01 18:18:56 [merged] ServerMsg color=FFFFFFFFFFFFFFFF ascii="{FFFFFF}| . ..... {E24B4B}#...." hex=7B 46 46 46 46 46 46 7D 7C 20 97 20 F1 EB EE E2 EE 20 7B 45 32 34 42 34 42 7D 23 D5 CE D7 D3 
2026-04-01 18:18:56 [RPC in] id=93
2026-04-01 18:18:56 [merged] ServerMsg color=FFFFFFFFFFFFFFFF ascii=" " hex=20 
2026-04-01 18:18:56 [RPC in] id=29
2026-04-01 18:18:56 [RPC in] id=72
2026-04-01 18:18:56 [RPC in] id=108
2026-04-01 18:18:56 [RPC in] id=108
2026-04-01 18:18:56 [RPC in] id=108
2026-04-01 18:18:56 [RPC in] id=108
2026-04-01 18:18:56 [RPC in] id=108
2026-04-01 18:18:56 [RPC in] id=108
2026-04-01 18:18:56 [RPC in] id=108
2026-04-01 18:18:56 [RPC in] id=108
2026-04-01 18:18:56 [RPC in] id=108
2026-04-01 18:18:56 [RPC in] id=108
2026-04-01 18:18:56 [RPC in] id=108
2026-04-01 18:18:56 [RPC in] id=108
2026-04-01 18:18:56 [RPC in] id=108
2026-04-01 18:18:56 [RPC in] id=108
2026-04-01 18:18:56 [RPC in] id=108
2026-04-01 18:18:56 [RPC in] id=108
2026-04-01 18:18:56 [RPC in] id=108
2026-04-01 18:18:56 [RPC in] id=108
2026-04-01 18:18:56 [RPC in] id=108
2026-04-01 18:18:56 [RPC in] id=108
2026-04-01 18:18:56 [RPC in] id=108
2026-04-01 18:18:56 [RPC in] id=108
2026-04-01 18:18:56 [RPC in] id=108
2026-04-01 18:18:56 [RPC in] id=108
2026-04-01 18:18:56 [RPC in] id=108
2026-04-01 18:18:56 [RPC in] id=108
2026-04-01 18:18:56 [RPC in] id=108
2026-04-01 18:18:56 [RPC in] id=108
2026-04-01 18:18:56 [RPC in] id=108
2026-04-01 18:18:56 [RPC in] id=108
2026-04-01 18:18:56 [RPC in] id=108
2026-04-01 18:18:56 [RPC in] id=108
2026-04-01 18:18:56 [RPC in] id=168
2026-04-01 18:18:56 [RPC in] id=108
2026-04-01 18:18:56 [RPC in] id=108
2026-04-01 18:18:56 [RPC in] id=108
2026-04-01 18:18:56 [RPC in] id=108
2026-04-01 18:18:56 [RPC in] id=108
2026-04-01 18:18:56 [RPC in] id=108
2026-04-01 18:18:56 [RPC in] id=108
2026-04-01 18:18:56 [RPC in] id=108
2026-04-01 18:18:56 [RPC in] id=108
2026-04-01 18:18:56 [RPC in] id=108
2026-04-01 18:18:56 [RPC in] id=108
2026-04-01 18:18:56 [RPC in] id=108
2026-04-01 18:18:56 [RPC in] id=108
2026-04-01 18:18:56 [RPC in] id=108
2026-04-01 18:18:56 [RPC in] id=108
2026-04-01 18:18:56 [RPC in] id=108
2026-04-01 18:18:56 [RPC in] id=168
2026-04-01 18:18:56 [RPC in] id=108
2026-04-01 18:18:56 [RPC in] id=108
2026-04-01 18:18:56 [RPC in] id=108
2026-04-01 18:18:56 [RPC in] id=108
2026-04-01 18:18:56 [RPC in] id=108
2026-04-01 18:18:56 [RPC in] id=108
2026-04-01 18:18:56 [RPC in] id=108
2026-04-01 18:18:56 [RPC in] id=108
2026-04-01 18:18:56 [RPC in] id=108
2026-04-01 18:18:56 [RPC in] id=108
2026-04-01 18:18:56 [RPC in] id=108
2026-04-01 18:18:56 [RPC in] id=108
2026-04-01 18:18:56 [RPC in] id=108
2026-04-01 18:18:56 [RPC in] id=108
2026-04-01 18:18:56 [RPC in] id=108
2026-04-01 18:18:56 [RPC in] id=108
2026-04-01 18:18:56 [RPC in] id=108
2026-04-01 18:18:56 [RPC in] id=108
2026-04-01 18:18:56 [RPC in] id=108
2026-04-01 18:18:56 [RPC in] id=108
2026-04-01 18:18:56 [RPC in] id=108
2026-04-01 18:18:56 [RPC in] id=108
2026-04-01 18:18:56 [RPC in] id=108
2026-04-01 18:18:56 [RPC in] id=108
2026-04-01 18:18:56 [RPC in] id=108
2026-04-01 18:18:56 [RPC in] id=108
2026-04-01 18:18:56 [RPC in] id=108
2026-04-01 18:18:56 [RPC in] id=108
2026-04-01 18:18:56 [RPC in] id=108
2026-04-01 18:18:56 [RPC in] id=108
2026-04-01 18:18:56 [RPC in] id=108
2026-04-01 18:18:56 [RPC in] id=108
2026-04-01 18:18:56 [RPC in] id=108
2026-04-01 18:18:56 [RPC in] id=108
2026-04-01 18:18:56 [RPC in] id=108
2026-04-01 18:18:56 [RPC in] id=108
2026-04-01 18:18:56 [RPC in] id=108
2026-04-01 18:18:56 [RPC in] id=108
2026-04-01 18:18:56 [RPC in] id=108
2026-04-01 18:18:56 [RPC in] id=108
2026-04-01 18:18:56 [RPC in] id=108
2026-04-01 18:18:56 [RPC in] id=108
2026-04-01 18:18:56 [RPC in] id=108
2026-04-01 18:18:56 [RPC in] id=108
2026-04-01 18:18:56 [RPC in] id=108
2026-04-01 18:18:56 [RPC in] id=108
2026-04-01 18:18:56 [RPC in] id=108
2026-04-01 18:18:56 [RPC in] id=108
2026-04-01 18:18:57 [RPC in] id=108
2026-04-01 18:18:57 [RPC in] id=108
2026-04-01 18:18:57 [RPC in] id=108
2026-04-01 18:18:57 [RPC in] id=108
2026-04-01 18:18:57 [RPC in] id=108
2026-04-01 18:18:57 [RPC in] id=44
2026-04-01 18:18:57 [RPC in] id=44
2026-04-01 18:18:57 [RPC in] id=44
2026-04-01 18:18:57 [RPC in] id=44
2026-04-01 18:18:57 [RPC in] id=44
2026-04-01 18:18:57 [RPC in] id=44
2026-04-01 18:18:57 [RPC in] id=44
2026-04-01 18:18:57 [RPC in] id=44
2026-04-01 18:18:57 [RPC in] id=44
2026-04-01 18:18:57 [RPC in] id=44
2026-04-01 18:18:57 [RPC in] id=44
2026-04-01 18:18:57 [RPC in] id=44
2026-04-01 18:18:57 [RPC in] id=44
2026-04-01 18:18:57 [RPC in] id=44
2026-04-01 18:18:57 [RPC in] id=44
2026-04-01 18:18:57 [RPC in] id=44
2026-04-01 18:18:57 [RPC in] id=44
2026-04-01 18:18:57 [RPC in] id=44
2026-04-01 18:18:57 [RPC in] id=44
2026-04-01 18:18:57 [RPC in] id=44
2026-04-01 18:18:57 [RPC in] id=44
2026-04-01 18:18:57 [RPC in] id=44
2026-04-01 18:18:57 [RPC in] id=44
2026-04-01 18:18:57 [RPC in] id=44
2026-04-01 18:18:57 [RPC in] id=44
2026-04-01 18:18:57 [RPC in] id=44
2026-04-01 18:18:57 [RPC in] id=44
2026-04-01 18:18:57 [RPC in] id=44
2026-04-01 18:18:57 [RPC in] id=44
2026-04-01 18:18:57 [RPC in] id=44
2026-04-01 18:18:57 [RPC in] id=44
2026-04-01 18:18:57 [RPC in] id=44
2026-04-01 18:18:57 [RPC in] id=44
2026-04-01 18:18:57 [RPC in] id=44
2026-04-01 18:18:57 [RPC in] id=44
2026-04-01 18:18:57 [RPC in] id=44
2026-04-01 18:18:57 [RPC in] id=44
2026-04-01 18:18:57 [RPC in] id=44
2026-04-01 18:18:57 [RPC in] id=44
2026-04-01 18:18:57 [RPC in] id=44
2026-04-01 18:18:57 [RPC in] id=44
2026-04-01 18:18:57 [RPC in] id=44
2026-04-01 18:18:57 [RPC in] id=44
2026-04-01 18:18:57 [RPC in] id=44
2026-04-01 18:18:57 [RPC in] id=44
2026-04-01 18:18:57 [RPC in] id=44
2026-04-01 18:18:57 [RPC in] id=44
2026-04-01 18:18:57 [RPC in] id=44
2026-04-01 18:18:57 [RPC in] id=44
2026-04-01 18:18:57 [RPC in] id=44
2026-04-01 18:18:57 [RPC in] id=44
2026-04-01 18:18:57 [RPC in] id=44
2026-04-01 18:18:57 [RPC in] id=44
2026-04-01 18:18:57 [RPC in] id=44
2026-04-01 18:18:57 [RPC in] id=44
2026-04-01 18:18:57 [RPC in] id=44
2026-04-01 18:18:57 [RPC in] id=44
2026-04-01 18:18:57 [RPC in] id=44
2026-04-01 18:18:57 [RPC in] id=44
2026-04-01 18:18:57 [RPC in] id=44
2026-04-01 18:18:57 [RPC in] id=44
2026-04-01 18:18:57 [RPC in] id=44
2026-04-01 18:18:57 [RPC in] id=44
2026-04-01 18:18:57 [RPC in] id=41
2026-04-01 18:18:57 [RPC in] id=168
2026-04-01 18:18:57 [pkt in] id=251
2026-04-01 18:18:57 [PR-IN] pkt=251 total_bytes=54
2026-04-01 18:18:57 [PR-IN-HEX] FB 05 00 00 00 30 68 74 74 70 3A 2F 2F 77 68 33 36 30 36 2E 
2026-04-01 18:18:57 [PR-IN-PARSE] pkt=0xFB screen=5 len=0 dup=26672 total=54
2026-04-01 18:18:57 [PR-IN] screen=5 json=ttp://wh3606.web3.maze-host.ru/music/enter_.mp3
2026-04-01 18:18:57 [PR-IN] screen=5 json=ttp://wh3606.web3.maze-host.ru/music/enter_.mp3
2026-04-01 18:18:57 [pkt in] id=251
2026-04-01 18:18:58 [PR-IN] pkt=251 total_bytes=54
2026-04-01 18:18:58 [PR-IN-HEX] FB 05 00 00 00 30 68 74 74 70 3A 2F 2F 77 68 33 36 30 36 2E 
2026-04-01 18:18:58 [PR-IN-PARSE] pkt=0xFB screen=5 len=0 dup=26672 total=54
2026-04-01 18:18:58 [PR-IN] screen=5 json=ttp://wh3606.web3.maze-host.ru/music/enter_.mp3
2026-04-01 18:18:58 [PR-IN] screen=5 json=ttp://wh3606.web3.maze-host.ru/music/enter_.mp3
2026-04-01 18:18:58 [RPC in] id=139
2026-04-01 18:18:58 [merged] onInitGame playerId=0 host=PRIME RUSSIA classes=1
2026-04-01 18:18:58 [merged] onInitGame: waiting for JSON GUI flow (screen 38/50)
2026-04-01 18:18:58 [RPC in] id=157
2026-04-01 18:18:58 [RPC in] id=158
2026-04-01 18:18:58 [pkt in] id=252
2026-04-01 18:18:58 [PR-IN] pkt=252 total_bytes=20
2026-04-01 18:18:58 [PR-IN-HEX] FC 26 00 0D 00 00 00 7B 22 6F 22 3A 31 2C 22 72 22 3A 30 7D 
2026-04-01 18:18:58 [PR-IN-PARSE] pkt=0xFC screen=38 len=13 dup=0 total=20
2026-04-01 18:18:58 [PR-IN] screen=38 json={"o":1,"r":0}
2026-04-01 18:18:58 [PR-IN] screen=38 json={"o":1,"r":0}
2026-04-01 18:18:58 [PR] GUI38 OPEN: REGISTRATION mode
2026-04-01 18:18:58 [RPC in] id=128
2026-04-01 18:18:58 [merged] RequestClassResponse canSpawn=true skin=0
2026-04-01 18:18:58 [PR] REGISTER attempt=1 pw_len=15 skin=239
2026-04-01 18:18:58 [PR-SEND mode=FIXED] screen=38 len=47 json={"t":1,"s":"Roman_Orlov","p":"[REDACTED_PASSWORD]"}
2026-04-01 18:18:59 [PR-SEND mode=FIXED] screen=38 len=20 json={"t":2,"s":"","r":0}
2026-04-01 18:18:59 [PR-SEND mode=FIXED] screen=38 len=14 json={"t":4,"s":""}
2026-04-01 18:18:59 [PR-SEND mode=FIXED] screen=38 len=13 json={"t":3,"r":0}
2026-04-01 18:18:59 [RPC in] id=120
2026-04-01 18:18:59 [RPC in] id=72
2026-04-01 18:18:59 [PR-SEND mode=FIXED] screen=38 len=15 json={"t":5,"r":239}
2026-04-01 18:19:00 [RPC in] id=94
2026-04-01 18:19:00 [RPC in] id=29
2026-04-01 18:19:00 [PR-SEND mode=FIXED] screen=38 len=7 json={"c":1}
2026-04-01 18:19:00 [PR] Registration sequence sent
2026-04-01 18:19:19 [RPC in] id=47
2026-04-01 18:19:19 [RPC in] id=44
2026-04-01 18:19:19 [RPC in] id=47
2026-04-01 18:19:19 [RPC in] id=44
2026-04-01 18:19:19 [RPC in] id=47
2026-04-01 18:19:19 [RPC in] id=44
2026-04-01 18:19:19 [RPC in] id=47
2026-04-01 18:19:19 [RPC in] id=44
2026-04-01 18:19:19 [RPC in] id=47
2026-04-01 18:19:19 [RPC in] id=44
2026-04-01 18:19:19 [RPC in] id=47
2026-04-01 18:19:19 [RPC in] id=44
2026-04-01 18:19:19 [RPC in] id=47
2026-04-01 18:19:19 [RPC in] id=44
2026-04-01 18:19:19 [RPC in] id=47
2026-04-01 18:19:19 [RPC in] id=44
2026-04-01 18:19:19 [RPC in] id=47
2026-04-01 18:19:19 [RPC in] id=44
2026-04-01 18:19:19 [RPC in] id=47
2026-04-01 18:19:19 [RPC in] id=44
2026-04-01 18:19:19 [RPC in] id=47
2026-04-01 18:19:19 [RPC in] id=44
2026-04-01 18:19:19 [RPC in] id=47
2026-04-01 18:19:19 [RPC in] id=44
2026-04-01 18:19:19 [RPC in] id=47
2026-04-01 18:19:19 [RPC in] id=44
2026-04-01 18:19:19 [RPC in] id=47
2026-04-01 18:19:19 [RPC in] id=44
2026-04-01 18:19:19 [RPC in] id=47
2026-04-01 18:19:19 [RPC in] id=44
2026-04-01 18:19:19 [RPC in] id=47
2026-04-01 18:19:19 [RPC in] id=44
2026-04-01 18:19:19 [RPC in] id=47
2026-04-01 18:19:19 [RPC in] id=44
2026-04-01 18:19:20 [RPC in] id=47
2026-04-01 18:19:20 [RPC in] id=44
2026-04-01 18:19:22 [RPC in] id=47
2026-04-01 18:19:22 [RPC in] id=44
2026-04-01 18:19:22 [RPC in] id=47
2026-04-01 18:19:22 [RPC in] id=44
2026-04-01 18:19:22 [RPC in] id=47
2026-04-01 18:19:22 [RPC in] id=44
2026-04-01 18:19:22 [RPC in] id=47
2026-04-01 18:19:22 [RPC in] id=44
2026-04-01 18:19:22 [RPC in] id=47
2026-04-01 18:19:22 [RPC in] id=44
2026-04-01 18:19:22 [RPC in] id=47
2026-04-01 18:19:22 [RPC in] id=44
2026-04-01 18:19:22 [RPC in] id=47
2026-04-01 18:19:22 [RPC in] id=44
2026-04-01 18:19:22 [RPC in] id=47
2026-04-01 18:19:22 [RPC in] id=44
2026-04-01 18:19:22 [RPC in] id=47
2026-04-01 18:19:22 [RPC in] id=44
2026-04-01 18:19:22 [RPC in] id=47
2026-04-01 18:19:22 [RPC in] id=44
2026-04-01 18:19:22 [RPC in] id=47
2026-04-01 18:19:22 [RPC in] id=44
2026-04-01 18:19:22 [RPC in] id=47
2026-04-01 18:19:22 [RPC in] id=44
2026-04-01 18:19:22 [RPC in] id=47
2026-04-01 18:19:22 [RPC in] id=44
2026-04-01 18:19:22 [RPC in] id=47
2026-04-01 18:19:22 [RPC in] id=44
2026-04-01 18:19:22 [RPC in] id=47
2026-04-01 18:19:22 [RPC in] id=44
2026-04-01 18:19:22 [RPC in] id=47
2026-04-01 18:19:22 [RPC in] id=44
2026-04-01 18:19:23 [RPC in] id=47
2026-04-01 18:19:23 [RPC in] id=44
2026-04-01 18:19:23 [RPC in] id=47
2026-04-01 18:19:23 [RPC in] id=44
2026-04-01 18:19:23 [RPC in] id=60
2026-04-01 18:19:48 [RPC in] id=47
2026-04-01 18:19:48 [RPC in] id=44
2026-04-01 18:19:48 [RPC in] id=47
2026-04-01 18:19:48 [RPC in] id=44
2026-04-01 18:19:48 [RPC in] id=47
2026-04-01 18:19:48 [RPC in] id=44
2026-04-01 18:19:48 [RPC in] id=47
2026-04-01 18:19:48 [RPC in] id=44
2026-04-01 18:19:48 [RPC in] id=47
2026-04-01 18:19:48 [RPC in] id=44
2026-04-01 18:19:48 [RPC in] id=47
2026-04-01 18:19:48 [RPC in] id=44
2026-04-01 18:19:48 [RPC in] id=47
2026-04-01 18:19:48 [RPC in] id=44
2026-04-01 18:19:48 [RPC in] id=47
2026-04-01 18:19:48 [RPC in] id=44
2026-04-01 18:19:48 [RPC in] id=47
2026-04-01 18:19:48 [RPC in] id=44
2026-04-01 18:19:48 [RPC in] id=47
2026-04-01 18:19:48 [RPC in] id=44
2026-04-01 18:19:48 [RPC in] id=47
2026-04-01 18:19:48 [RPC in] id=44
2026-04-01 18:19:48 [RPC in] id=47
2026-04-01 18:19:48 [RPC in] id=44
2026-04-01 18:19:48 [RPC in] id=47
2026-04-01 18:19:48 [RPC in] id=44
2026-04-01 18:19:48 [RPC in] id=47
2026-04-01 18:19:48 [RPC in] id=44
2026-04-01 18:19:48 [RPC in] id=47
2026-04-01 18:19:48 [RPC in] id=44
2026-04-01 18:19:48 [RPC in] id=47
2026-04-01 18:19:48 [RPC in] id=44
2026-04-01 18:19:48 [RPC in] id=47
2026-04-01 18:19:48 [RPC in] id=44
2026-04-01 18:19:48 [RPC in] id=47
2026-04-01 18:19:48 [RPC in] id=44
2026-04-01 18:19:51 [RPC in] id=72
2026-04-01 18:19:51 [RPC in] id=47
2026-04-01 18:19:51 [RPC in] id=44
2026-04-01 18:19:51 [RPC in] id=47
2026-04-01 18:19:51 [RPC in] id=44
2026-04-01 18:19:51 [RPC in] id=47
2026-04-01 18:19:51 [RPC in] id=44
2026-04-01 18:19:51 [RPC in] id=47
2026-04-01 18:19:51 [RPC in] id=44
2026-04-01 18:19:51 [RPC in] id=47
2026-04-01 18:19:51 [RPC in] id=44
2026-04-01 18:19:51 [RPC in] id=47
2026-04-01 18:19:51 [RPC in] id=44
2026-04-01 18:19:51 [RPC in] id=47
2026-04-01 18:19:51 [RPC in] id=44
2026-04-01 18:19:51 [RPC in] id=47
2026-04-01 18:19:51 [RPC in] id=44
2026-04-01 18:19:51 [RPC in] id=47
2026-04-01 18:19:51 [RPC in] id=44
2026-04-01 18:19:51 [RPC in] id=47
2026-04-01 18:19:51 [RPC in] id=44
2026-04-01 18:19:51 [RPC in] id=47
2026-04-01 18:19:51 [RPC in] id=44
2026-04-01 18:19:51 [RPC in] id=47
2026-04-01 18:19:51 [RPC in] id=44
2026-04-01 18:19:51 [RPC in] id=47
2026-04-01 18:19:51 [RPC in] id=44
2026-04-01 18:19:51 [RPC in] id=47
2026-04-01 18:19:51 [RPC in] id=44
2026-04-01 18:19:51 [RPC in] id=47
2026-04-01 18:19:51 [RPC in] id=44
2026-04-01 18:19:51 [RPC in] id=47
2026-04-01 18:19:51 [RPC in] id=44
2026-04-01 18:19:51 [RPC in] id=47
2026-04-01 18:19:51 [RPC in] id=44
2026-04-01 18:19:51 [RPC in] id=47
2026-04-01 18:19:51 [RPC in] id=44
2026-04-01 18:19:52 [RPC in] id=151
2026-04-01 18:19:53 [RPC in] id=60
2026-04-01 18:19:55 [RPC in] id=151
2026-04-01 18:19:56 [RPC in] id=151
2026-04-01 18:19:57 [RPC in] id=151
2026-04-01 18:19:58 [RPC in] id=151
2026-04-01 18:19:59 [RPC in] id=151
2026-04-01 18:20:00 [RPC in] id=151
2026-04-01 18:20:00 [RPC in] id=72
2026-04-01 18:20:00 [RPC in] id=94
2026-04-01 18:20:00 [RPC in] id=29
2026-04-01 18:20:00 [RPC in] id=151
2026-04-01 18:20:00 [RPC in] id=151
2026-04-01 18:20:00 [RPC in] id=151
2026-04-01 18:20:00 [RPC in] id=72
2026-04-01 18:20:00 [RPC in] id=72
2026-04-01 18:20:01 [RPC in] id=151
2026-04-01 18:20:01 [RPC in] id=72
2026-04-01 18:20:02 [RPC in] id=151
2026-04-01 18:20:03 [RPC in] id=151
2026-04-01 18:20:04 [RPC in] id=151
2026-04-01 18:20:05 [RPC in] id=151
2026-04-01 18:20:06 [RPC in] id=151
2026-04-01 18:20:07 [RPC in] id=151
2026-04-01 18:20:08 [RPC in] id=151
2026-04-01 18:20:09 [RPC in] id=151
2026-04-01 18:20:10 [RPC in] id=151
2026-04-01 18:20:11 [RPC in] id=151
2026-04-01 18:20:12 [RPC in] id=151
2026-04-01 18:20:13 [RPC in] id=151
2026-04-01 18:20:14 [RPC in] id=151
2026-04-01 18:20:15 [RPC in] id=151
2026-04-01 18:20:16 [RPC in] id=151
2026-04-01 18:20:16 [RPC in] id=47
2026-04-01 18:20:16 [RPC in] id=44
2026-04-01 18:20:16 [RPC in] id=47
2026-04-01 18:20:16 [RPC in] id=44
2026-04-01 18:20:16 [RPC in] id=47
2026-04-01 18:20:16 [RPC in] id=44
2026-04-01 18:20:16 [RPC in] id=47
2026-04-01 18:20:16 [RPC in] id=44
2026-04-01 18:20:16 [RPC in] id=47
2026-04-01 18:20:16 [RPC in] id=44
2026-04-01 18:20:16 [RPC in] id=47
2026-04-01 18:20:16 [RPC in] id=44
2026-04-01 18:20:16 [RPC in] id=47
2026-04-01 18:20:16 [RPC in] id=44
2026-04-01 18:20:16 [RPC in] id=47
2026-04-01 18:20:16 [RPC in] id=44
2026-04-01 18:20:16 [RPC in] id=47
2026-04-01 18:20:16 [RPC in] id=44
2026-04-01 18:20:16 [RPC in] id=47
2026-04-01 18:20:16 [RPC in] id=44
2026-04-01 18:20:16 [RPC in] id=47
2026-04-01 18:20:16 [RPC in] id=44
2026-04-01 18:20:16 [RPC in] id=47
2026-04-01 18:20:16 [RPC in] id=44
2026-04-01 18:20:16 [RPC in] id=47
2026-04-01 18:20:16 [RPC in] id=44
2026-04-01 18:20:16 [RPC in] id=47
2026-04-01 18:20:16 [RPC in] id=44
2026-04-01 18:20:16 [RPC in] id=47
2026-04-01 18:20:16 [RPC in] id=44
2026-04-01 18:20:16 [RPC in] id=47
2026-04-01 18:20:16 [RPC in] id=44
2026-04-01 18:20:16 [RPC in] id=47
2026-04-01 18:20:16 [RPC in] id=44
2026-04-01 18:20:17 [RPC in] id=47
2026-04-01 18:20:17 [RPC in] id=44
2026-04-01 18:20:17 [RPC in] id=151
2026-04-01 18:20:18 [RPC in] id=151
2026-04-01 18:20:19 [RPC in] id=151
2026-04-01 18:20:19 [RPC in] id=47
2026-04-01 18:20:19 [RPC in] id=44
2026-04-01 18:20:19 [RPC in] id=47
2026-04-01 18:20:19 [RPC in] id=44
2026-04-01 18:20:19 [RPC in] id=47
2026-04-01 18:20:19 [RPC in] id=44
2026-04-01 18:20:19 [RPC in] id=47
2026-04-01 18:20:19 [RPC in] id=44
2026-04-01 18:20:19 [RPC in] id=47
2026-04-01 18:20:19 [RPC in] id=44
2026-04-01 18:20:19 [RPC in] id=47
2026-04-01 18:20:19 [RPC in] id=44
2026-04-01 18:20:19 [RPC in] id=47
2026-04-01 18:20:19 [RPC in] id=44
2026-04-01 18:20:19 [RPC in] id=47
2026-04-01 18:20:19 [RPC in] id=44
2026-04-01 18:20:19 [RPC in] id=47
2026-04-01 18:20:19 [RPC in] id=44
2026-04-01 18:20:19 [RPC in] id=47
2026-04-01 18:20:19 [RPC in] id=44
2026-04-01 18:20:19 [RPC in] id=47
2026-04-01 18:20:19 [RPC in] id=44
2026-04-01 18:20:19 [RPC in] id=47
2026-04-01 18:20:19 [RPC in] id=44
2026-04-01 18:20:19 [RPC in] id=47
2026-04-01 18:20:19 [RPC in] id=44
2026-04-01 18:20:19 [RPC in] id=47
2026-04-01 18:20:19 [RPC in] id=44
2026-04-01 18:20:19 [RPC in] id=47
2026-04-01 18:20:20 [RPC in] id=44
2026-04-01 18:20:20 [RPC in] id=47
2026-04-01 18:20:20 [RPC in] id=44
2026-04-01 18:20:20 [RPC in] id=47
2026-04-01 18:20:20 [RPC in] id=44
2026-04-01 18:20:20 [RPC in] id=151
2026-04-01 18:20:20 [RPC in] id=47
2026-04-01 18:20:20 [RPC in] id=44
2026-04-01 18:20:21 [RPC in] id=151
2026-04-01 18:20:22 [RPC in] id=151
2026-04-01 18:20:23 [RPC in] id=151
2026-04-01 18:20:23 [RPC in] id=60
2026-04-01 18:20:24 [RPC in] id=151
2026-04-01 18:20:25 [RPC in] id=151
2026-04-01 18:20:26 [RPC in] id=151
2026-04-01 18:20:27 [RPC in] id=151
2026-04-01 18:20:28 [RPC in] id=151
2026-04-01 18:20:29 [RPC in] id=151
2026-04-01 18:20:30 [RPC in] id=151
2026-04-01 18:20:31 [RPC in] id=151
2026-04-01 18:20:32 [RPC in] id=151
2026-04-01 18:20:33 [RPC in] id=151
2026-04-01 18:20:34 [RPC in] id=151
2026-04-01 18:20:35 [RPC in] id=151
2026-04-01 18:20:36 [RPC in] id=151
2026-04-01 18:20:37 [RPC in] id=151
2026-04-01 18:20:38 [RPC in] id=151
2026-04-01 18:20:39 [RPC in] id=151
2026-04-01 18:20:40 [RPC in] id=151
2026-04-01 18:20:42 [RPC in] id=151
2026-04-01 18:20:43 [RPC in] id=151
2026-04-01 18:20:44 [RPC in] id=151

---------- bot2_Vitaly_Zaycev/RakSAMP Lite.log ----------
[18:18:58]  
[18:18:58] * ===================================================== *
[18:18:58]   RakSAMP Lite initialized on 01/04/2026 18:18:58
[18:18:58]   Authors: jlfm, bartekdvd, P3ti, Rei
[18:18:58]   Visit t.me/reiscripts
[18:18:58] * ===================================================== *
[18:18:58]  
[18:18:58] [LUA] Loading scripts...
[18:18:58] [LUA] [00_forum_bundle] skip damage_status.lua: cannot open forum_lua_blasthk/damage_status.lua: No such file or directory
[18:18:58] [LUA] [00_forum_bundle] skip InvalidPositionFix.lua: cannot open forum_lua_blasthk/InvalidPositionFix.lua: No such file or directory
[18:18:58] [LUA] [00_forum_bundle] OK: damage_status, InvalidPositionFix
[18:18:58] [LUA] Z:\workspace\lite_run\bot2_Vitaly_Zaycev\scripts\00_forum_bundle.lua loaded
[18:18:58] [LUA] Z:\workspace\lite_run\bot2_Vitaly_Zaycev\scripts\blasthk_aim_and_ping_merged.lua loaded
[18:18:58] [LUA] ========== blasthk_aim_and_ping_merged onLoad ==========
[18:18:58] [LUA] [merged] aim_fix + send_ping_fix + PRIME RUSSIA GUI handler
[18:18:58] [LUA] [merged] GUI packets: in=251/252 out=251
[18:18:58] [LUA] [merged] pw_len=15
[18:18:58] [LUA] [merged] samp.events callbacks registered via MODULE
[18:18:58] [NET] Connecting to 87.228.5.12:7777...
[18:18:59] [LUA] [pkt in] id=12
[18:18:59] [LUA] [pkt in] id=34
[18:18:59] [LUA] [merged] ConnectionRequestAccepted ip=1055553042 port=37483 playerId=1
[18:18:59] [NET] Connected. Joining the game...
[18:18:59] [LUA] [pkt in] id=41
[18:18:59] [LUA] [RPC in] id=60
[18:18:59] [LUA] [RPC in] id=14
[18:18:59] [LUA] [RPC in] id=66
[18:18:59] [LUA] [RPC in] id=21
[18:18:59] [LUA] [RPC in] id=120
[18:18:59] [LUA] [RPC in] id=93
[18:18:59] [LUA] [merged] ServerMsg color=FFFFFFFFFFFFFFFF ascii=" " hex=20 
[18:18:59] [MSG]  
[18:18:59] [LUA] [RPC in] id=93
[18:18:59] [LUA] [merged] ServerMsg color=FFFFFFFFFFFFFFFF ascii=" " hex=20 
[18:18:59] [MSG]  
[18:18:59] [LUA] [RPC in] id=93
[18:18:59] [LUA] [merged] ServerMsg color=FFFFFFFFFFFFFFFF ascii=" " hex=20 
[18:18:59] [MSG]  
[18:18:59] [LUA] [RPC in] id=93
[18:18:59] [LUA] [merged] ServerMsg color=FFFFFFFFFFFFFFFF ascii=" " hex=20 
[18:18:59] [MSG]  
[18:18:59] [LUA] [RPC in] id=93
[18:18:59] [LUA] [merged] ServerMsg color=FFFFFFFFFFFFFFFF ascii=" " hex=20 
[18:18:59] [MSG]  
[18:18:59] [LUA] [RPC in] id=93
[18:18:59] [LUA] [merged] ServerMsg color=FFFFFFFFFFFFFFFF ascii=" " hex=20 
[18:18:59] [MSG]  
[18:18:59] [LUA] [RPC in] id=93
[18:18:59] [LUA] [merged] ServerMsg color=FFFFFFFFFFFFFFFF ascii=" " hex=20 
[18:19:00] [MSG]  
[18:19:00] [LUA] [RPC in] id=93
[18:19:00] [LUA] [merged] ServerMsg color=FFFFFFFFFFFFFFFF ascii=" " hex=20 
[18:19:00] [MSG]  
[18:19:00] [LUA] [RPC in] id=93
[18:19:00] [LUA] [merged] ServerMsg color=FFFFFFFFFFFFFFFF ascii=" " hex=20 
[18:19:00] [MSG]  
[18:19:00] [LUA] [RPC in] id=93
[18:19:00] [LUA] [merged] ServerMsg color=FFFFFFFFFFFFFFFF ascii=" " hex=20 
[18:19:00] [MSG]  
[18:19:00] [LUA] [RPC in] id=93
[18:19:00] [LUA] [merged] ServerMsg color=FFFFFFFFFFFFFFFF ascii=" " hex=20 
[18:19:00] [MSG]  
[18:19:00] [LUA] [RPC in] id=93
[18:19:00] [LUA] [merged] ServerMsg color=FFFFFFFFFFFFFFFF ascii=" " hex=20 
[18:19:00] [MSG]  
[18:19:00] [LUA] [RPC in] id=93
[18:19:00] [LUA] [merged] ServerMsg color=FFFFFFFFFFFFFFFF ascii=" " hex=20 
[18:19:00] [MSG]  
[18:19:00] [LUA] [RPC in] id=93
[18:19:00] [LUA] [merged] ServerMsg color=FFFFFFFFFFFFFFFF ascii=" " hex=20 
[18:19:00] [MSG]  
[18:19:00] [LUA] [RPC in] id=93
[18:19:00] [LUA] [merged] ServerMsg color=FFFFFFFFFFFFFFFF ascii=" " hex=20 
[18:19:00] [MSG]  
[18:19:00] [LUA] [RPC in] id=93
[18:19:00] [LUA] [merged] ServerMsg color=FFFFFFFFFFFFFFFF ascii=" " hex=20 
[18:19:00] [MSG]  
[18:19:00] [LUA] [RPC in] id=93
[18:19:00] [LUA] [merged] ServerMsg color=FFFFFFFFFFFFFFFF ascii=" " hex=20 
[18:19:00] [MSG]  
[18:19:00] [LUA] [RPC in] id=93
[18:19:00] [LUA] [merged] ServerMsg color=FFFFFFFFFFFFFFFF ascii=" " hex=20 
[18:19:00] [MSG]  
[18:19:00] [LUA] [RPC in] id=93
[18:19:00] [LUA] [merged] ServerMsg color=FFFFFFFFFFFFFFFF ascii=" " hex=20 
[18:19:00] [MSG]  
[18:19:00] [LUA] [RPC in] id=93
[18:19:00] [LUA] [merged] ServerMsg color=FFFFFFFFFFFFFFFF ascii=" " hex=20 
[18:19:00] [MSG]  
[18:19:00] [LUA] [RPC in] id=93
[18:19:00] [LUA] [merged] ServerMsg color=FFFFFFFFFFFFFFFF ascii=" " hex=20 
[18:19:00] [MSG]  
[18:19:00] [LUA] [RPC in] id=93
[18:19:00] [LUA] [merged] ServerMsg color=FFFFFFFFFFFFFFFF ascii=" " hex=20 
[18:19:00] [MSG]  
[18:19:00] [LUA] [RPC in] id=93
[18:19:00] [LUA] [merged] ServerMsg color=FFFFFFFFFFFFFFFF ascii=" " hex=20 
[18:19:00] [MSG]  
[18:19:00] [LUA] [RPC in] id=93
[18:19:00] [LUA] [merged] ServerMsg color=FFFFFFFFFFFFFFFF ascii=" " hex=20 
[18:19:00] [MSG]  
[18:19:00] [LUA] [RPC in] id=93
[18:19:00] [LUA] [merged] ServerMsg color=FFFFFFFFFFFFFFFF ascii=" " hex=20 
[18:19:00] [MSG]  
[18:19:00] [LUA] [RPC in] id=93
[18:19:00] [LUA] [merged] ServerMsg color=FFFFFFFFFFFFFFFF ascii=" " hex=20 
[18:19:00] [MSG]  
[18:19:00] [LUA] [RPC in] id=168
[18:19:00] [LUA] [RPC in] id=168
[18:19:00] [LUA] [RPC in] id=93
[18:19:00] [LUA] [merged] ServerMsg color=FFFFFFFFFFFFFFFF ascii="{FFFFFF}| ..... .......... .. {E24B4B}PRIME RUSSIA{FFFFFF}, ...... ." hex=7B 46 46 46 46 46 46 7D 7C 20 C4 EE E1 F0 EE 20 EF EE E6 E0 EB EE E2 E0 F2 FC 20 ED E0 20 7B 45 32 34 42 34 42 7D 50 52 49 4D 45 20 52 55 53 53 49 41 7B 46 46 46 46 46 46 7D 2C 20 F1 E5 F0 E2 E5 F0 20 97 
[18:19:00] [MSG] {FFFFFF}| Добро пожаловать на {E24B4B}PRIME RUSSIA{FFFFFF}, сервер —
[18:19:00] [LUA] [RPC in] id=93
[18:19:00] [LUA] [merged] ServerMsg color=FFFFFFFFFFFFFFFF ascii="{FFFFFF}| . {E24B4B}RED" hex=7B 46 46 46 46 46 46 7D 7C 20 97 20 7B 45 32 34 42 34 42 7D 52 45 44 
[18:19:00] [MSG] {FFFFFF}| — {E24B4B}RED
[18:19:00] [LUA] [RPC in] id=93
[18:19:00] [LUA] [merged] ServerMsg color=FFFFFFFFFFFFFFFF ascii="{FFFFFF}| . ..... ...... ........ {E24B4B}t.me/primee_dev{FFFFFF} ...." hex=7B 46 46 46 46 46 46 7D 7C 20 C2 20 ED E0 F8 E5 EC 20 EA E0 ED E0 EB E5 20 D2 E5 EB E5 E3 F0 E0 EC 20 7B 45 32 34 42 34 42 7D 74 2E 6D 65 2F 70 72 69 6D 65 65 5F 64 65 76 7B 46 46 46 46 46 46 7D 20 E8 E4 B8 F2 
[18:19:00] [MSG] {FFFFFF}| В нашем канале Телеграм {E24B4B}t.me/primee_dev{FFFFFF} идёт
[18:19:00] [LUA] [RPC in] id=93
[18:19:00] [LUA] [merged] ServerMsg color=FFFFFFFFFFFFFFFF ascii="{FFFFFF}| . ....... ........" hex=7B 46 46 46 46 46 46 7D 7C 20 97 20 F0 E0 E7 E4 E0 F7 E0 20 EF EE E4 E0 F0 EA EE E2 
[18:19:00] [MSG] {FFFFFF}| — раздача подарков
[18:19:00] [LUA] [RPC in] id=93
[18:19:00] [LUA] [merged] ServerMsg color=FFFFFFFFFFFFFFFF ascii="{FFFFFF}| ... ....... ..... ........ . .. ...... ......." hex=7B 46 46 46 46 46 46 7D 7C 20 C4 EB FF 20 F3 F7 E0 F1 F2 E8 FF 20 ED F3 E6 ED EE 20 ED E0 EF E8 F1 E0 F2 FC 20 E2 20 CB D1 20 E3 F0 F3 EF EF FB 20 EA EE E4 EE E2 EE E5 
[18:19:00] [MSG] {FFFFFF}| Для участия нужно написать в ЛС группы кодовое
[18:19:00] [LUA] [RPC in] id=93
[18:19:00] [LUA] [merged] ServerMsg color=FFFFFFFFFFFFFFFF ascii="{FFFFFF}| . ..... {E24B4B}#...." hex=7B 46 46 46 46 46 46 7D 7C 20 97 20 F1 EB EE E2 EE 20 7B 45 32 34 42 34 42 7D 23 D5 CE D7 D3 
[18:19:00] [MSG] {FFFFFF}| — слово {E24B4B}#ХОЧУ
[18:19:00] [LUA] [RPC in] id=93
[18:19:00] [LUA] [merged] ServerMsg color=FFFFFFFFFFFFFFFF ascii=" " hex=20 
[18:19:00] [MSG]  
[18:19:00] [LUA] [RPC in] id=29
[18:19:00] [LUA] [RPC in] id=44
[18:19:00] [LUA] [RPC in] id=44
[18:19:00] [LUA] [RPC in] id=44
[18:19:00] [LUA] [RPC in] id=44
[18:19:00] [LUA] [RPC in] id=44
[18:19:00] [LUA] [RPC in] id=44
[18:19:00] [LUA] [RPC in] id=44
[18:19:00] [LUA] [RPC in] id=44
[18:19:00] [LUA] [RPC in] id=44
[18:19:00] [LUA] [RPC in] id=44
[18:19:00] [LUA] [RPC in] id=168
[18:19:00] [LUA] [RPC in] id=44
[18:19:00] [LUA] [RPC in] id=44
[18:19:00] [LUA] [RPC in] id=44
[18:19:00] [LUA] [RPC in] id=44
[18:19:00] [LUA] [RPC in] id=44
[18:19:00] [LUA] [RPC in] id=44
[18:19:00] [LUA] [RPC in] id=44
[18:19:00] [LUA] [RPC in] id=44
[18:19:00] [LUA] [RPC in] id=44
[18:19:00] [LUA] [RPC in] id=44
[18:19:00] [LUA] [RPC in] id=168
[18:19:00] [LUA] [RPC in] id=44
[18:19:00] [LUA] [RPC in] id=44
[18:19:00] [LUA] [RPC in] id=44
[18:19:00] [LUA] [RPC in] id=44
[18:19:00] [LUA] [RPC in] id=44
[18:19:00] [LUA] [RPC in] id=44
[18:19:00] [LUA] [RPC in] id=44
[18:19:00] [LUA] [RPC in] id=44
[18:19:00] [LUA] [RPC in] id=44
[18:19:00] [LUA] [RPC in] id=44
[18:19:00] [LUA] [RPC in] id=168
[18:19:00] [LUA] [RPC in] id=44
[18:19:00] [LUA] [RPC in] id=44
[18:19:00] [LUA] [RPC in] id=44
[18:19:00] [LUA] [RPC in] id=44
[18:19:00] [LUA] [RPC in] id=44
[18:19:00] [LUA] [RPC in] id=44
[18:19:00] [LUA] [RPC in] id=44
[18:19:00] [LUA] [RPC in] id=44
[18:19:00] [LUA] [RPC in] id=44
[18:19:00] [LUA] [RPC in] id=44
[18:19:00] [LUA] [RPC in] id=44
[18:19:00] [LUA] [RPC in] id=44
[18:19:00] [LUA] [RPC in] id=44
[18:19:00] [LUA] [RPC in] id=44
[18:19:00] [LUA] [RPC in] id=44
[18:19:00] [LUA] [RPC in] id=44
[18:19:00] [LUA] [RPC in] id=44
[18:19:00] [LUA] [RPC in] id=44
[18:19:00] [LUA] [RPC in] id=44
[18:19:00] [LUA] [RPC in] id=44
[18:19:00] [LUA] [RPC in] id=44
[18:19:00] [LUA] [RPC in] id=44
[18:19:00] [LUA] [RPC in] id=44
[18:19:00] [LUA] [RPC in] id=44
[18:19:00] [LUA] [RPC in] id=44
[18:19:00] [LUA] [RPC in] id=44
[18:19:00] [LUA] [RPC in] id=44
[18:19:00] [LUA] [RPC in] id=44
[18:19:00] [LUA] [RPC in] id=44
[18:19:00] [LUA] [RPC in] id=44
[18:19:00] [LUA] [RPC in] id=44
[18:19:00] [LUA] [RPC in] id=44
[18:19:00] [LUA] [RPC in] id=44
[18:19:00] [LUA] [RPC in] id=139
[18:19:00] [LUA] [merged] onInitGame playerId=1 host=PRIME RUSSIA classes=1
[18:19:00] [LUA] [merged] onInitGame: waiting for JSON GUI flow (screen 38/50)
[18:19:00] [NET] Connected to PRIME RUSSIA
[18:19:00] [RPC] >> Class 0 requested
[18:19:00] [LUA] [RPC in] id=94
[18:19:00] [LUA] [RPC in] id=29
[18:19:00] [LUA] [RPC in] id=157
[18:19:00] [LUA] [RPC in] id=158
[18:19:00] [LUA] [pkt in] id=252
[18:19:00] [LUA] [PR-IN] pkt=252 total_bytes=20
[18:19:00] [LUA] [PR-IN-HEX] FC 26 00 0D 00 00 00 7B 22 6F 22 3A 31 2C 22 72 22 3A 30 7D 
[18:19:00] [LUA] [PR-IN-PARSE] pkt=0xFC screen=38 len=13 dup=0 total=20
[18:19:00] [LUA] [PR-IN] screen=38 json={"o":1,"r":0}
[18:19:00] [LUA] [PR-IN] screen=38 json={"o":1,"r":0}
[18:19:00] [LUA] [PR] GUI38 OPEN: REGISTRATION mode
[18:19:00] [LUA] [RPC in] id=41
[18:19:00] [AUDIO] 
[18:19:00] [LUA] [RPC in] id=168
[18:19:01] [LUA] [pkt in] id=251
[18:19:01] [LUA] [PR-IN] pkt=251 total_bytes=54
[18:19:01] [LUA] [PR-IN-HEX] FB 05 00 00 00 30 68 74 74 70 3A 2F 2F 77 68 33 36 30 36 2E 
[18:19:01] [LUA] [PR-IN-PARSE] pkt=0xFB screen=5 len=0 dup=26672 total=54
[18:19:01] [LUA] [PR-IN] screen=5 json=ttp://wh3606.web3.maze-host.ru/music/enter_.mp3
[18:19:01] [LUA] [PR-IN] screen=5 json=ttp://wh3606.web3.maze-host.ru/music/enter_.mp3
[18:19:01] [LUA] [pkt in] id=251
[18:19:01] [LUA] [PR-IN] pkt=251 total_bytes=54
[18:19:01] [LUA] [PR-IN-HEX] FB 05 00 00 00 30 68 74 74 70 3A 2F 2F 77 68 33 36 30 36 2E 
[18:19:01] [LUA] [PR-IN-PARSE] pkt=0xFB screen=5 len=0 dup=26672 total=54
[18:19:01] [LUA] [PR-IN] screen=5 json=ttp://wh3606.web3.maze-host.ru/music/enter_.mp3
[18:19:01] [LUA] [PR-IN] screen=5 json=ttp://wh3606.web3.maze-host.ru/music/enter_.mp3
[18:19:01] [LUA] [RPC in] id=128
[18:19:01] [LUA] [merged] RequestClassResponse canSpawn=true skin=0
[18:19:01] [LUA] [PR] REGISTER attempt=1 pw_len=15 skin=239
[18:19:01] [LUA] [PR-SEND mode=FIXED] screen=38 len=49 json={"t":1,"s":"Vitaly_Zaycev","p":"[REDACTED_PASSWORD]"}
[18:19:02] [LUA] [PR-SEND mode=FIXED] screen=38 len=20 json={"t":2,"s":"","r":0}
[18:19:02] [LUA] [PR-SEND mode=FIXED] screen=38 len=14 json={"t":4,"s":""}
[18:19:02] [LUA] [PR-SEND mode=FIXED] screen=38 len=13 json={"t":3,"r":0}
[18:19:02] [LUA] [PR-SEND mode=FIXED] screen=38 len=15 json={"t":5,"r":239}
[18:19:03] [LUA] [PR-SEND mode=FIXED] screen=38 len=7 json={"c":1}
[18:19:03] [LUA] [PR] Registration sequence sent
[18:19:19] [LUA] [RPC in] id=47
[18:19:19] [LUA] [RPC in] id=44
[18:19:19] [LUA] [RPC in] id=47
[18:19:19] [LUA] [RPC in] id=44
[18:19:19] [LUA] [RPC in] id=47
[18:19:19] [LUA] [RPC in] id=44
[18:19:19] [LUA] [RPC in] id=47
[18:19:19] [LUA] [RPC in] id=44
[18:19:19] [LUA] [RPC in] id=47
[18:19:19] [LUA] [RPC in] id=44
[18:19:19] [LUA] [RPC in] id=47
[18:19:19] [LUA] [RPC in] id=44
[18:19:19] [LUA] [RPC in] id=47
[18:19:19] [LUA] [RPC in] id=44
[18:19:19] [LUA] [RPC in] id=47
[18:19:19] [LUA] [RPC in] id=44
[18:19:19] [LUA] [RPC in] id=47
[18:19:19] [LUA] [RPC in] id=44
[18:19:19] [LUA] [RPC in] id=47
[18:19:19] [LUA] [RPC in] id=44
[18:19:19] [LUA] [RPC in] id=47
[18:19:19] [LUA] [RPC in] id=44
[18:19:19] [LUA] [RPC in] id=47
[18:19:19] [LUA] [RPC in] id=44
[18:19:19] [LUA] [RPC in] id=47
[18:19:19] [LUA] [RPC in] id=44
[18:19:19] [LUA] [RPC in] id=47
[18:19:19] [LUA] [RPC in] id=44
[18:19:19] [LUA] [RPC in] id=47
[18:19:19] [LUA] [RPC in] id=44
[18:19:19] [LUA] [RPC in] id=47
[18:19:19] [LUA] [RPC in] id=44
[18:19:19] [LUA] [RPC in] id=47
[18:19:19] [LUA] [RPC in] id=44
[18:19:20] [LUA] [RPC in] id=47
[18:19:20] [LUA] [RPC in] id=44
[18:19:22] [LUA] [RPC in] id=47
[18:19:22] [LUA] [RPC in] id=44
[18:19:22] [LUA] [RPC in] id=47
[18:19:22] [LUA] [RPC in] id=44
[18:19:22] [LUA] [RPC in] id=47
[18:19:22] [LUA] [RPC in] id=44
[18:19:22] [LUA] [RPC in] id=47
[18:19:22] [LUA] [RPC in] id=44
[18:19:22] [LUA] [RPC in] id=47
[18:19:22] [LUA] [RPC in] id=44
[18:19:22] [LUA] [RPC in] id=47
[18:19:22] [LUA] [RPC in] id=44
[18:19:22] [LUA] [RPC in] id=47
[18:19:22] [LUA] [RPC in] id=44
[18:19:22] [LUA] [RPC in] id=47
[18:19:22] [LUA] [RPC in] id=44
[18:19:22] [LUA] [RPC in] id=47
[18:19:22] [LUA] [RPC in] id=44
[18:19:22] [LUA] [RPC in] id=47
[18:19:22] [LUA] [RPC in] id=44
[18:19:22] [LUA] [RPC in] id=47
[18:19:22] [LUA] [RPC in] id=44
[18:19:22] [LUA] [RPC in] id=47
[18:19:22] [LUA] [RPC in] id=44
[18:19:22] [LUA] [RPC in] id=47
[18:19:22] [LUA] [RPC in] id=44
[18:19:22] [LUA] [RPC in] id=47
[18:19:22] [LUA] [RPC in] id=44
[18:19:22] [LUA] [RPC in] id=47
[18:19:22] [LUA] [RPC in] id=44
[18:19:22] [LUA] [RPC in] id=47
[18:19:22] [LUA] [RPC in] id=44
[18:19:23] [LUA] [RPC in] id=47
[18:19:23] [LUA] [RPC in] id=44
[18:19:23] [LUA] [RPC in] id=47
[18:19:23] [LUA] [RPC in] id=44
[18:19:23] [LUA] [RPC in] id=60
[18:19:48] [LUA] [RPC in] id=47
[18:19:48] [LUA] [RPC in] id=44
[18:19:48] [LUA] [RPC in] id=47
[18:19:48] [LUA] [RPC in] id=44
[18:19:48] [LUA] [RPC in] id=47
[18:19:48] [LUA] [RPC in] id=44
[18:19:48] [LUA] [RPC in] id=47
[18:19:48] [LUA] [RPC in] id=44
[18:19:48] [LUA] [RPC in] id=47
[18:19:48] [LUA] [RPC in] id=44
[18:19:48] [LUA] [RPC in] id=47
[18:19:48] [LUA] [RPC in] id=44
[18:19:48] [LUA] [RPC in] id=47
[18:19:48] [LUA] [RPC in] id=44
[18:19:48] [LUA] [RPC in] id=47
[18:19:48] [LUA] [RPC in] id=44
[18:19:48] [LUA] [RPC in] id=47
[18:19:48] [LUA] [RPC in] id=44
[18:19:48] [LUA] [RPC in] id=47
[18:19:48] [LUA] [RPC in] id=44
[18:19:48] [LUA] [RPC in] id=47
[18:19:48] [LUA] [RPC in] id=44
[18:19:48] [LUA] [RPC in] id=47
[18:19:48] [LUA] [RPC in] id=44
[18:19:48] [LUA] [RPC in] id=47
[18:19:48] [LUA] [RPC in] id=44
[18:19:48] [LUA] [RPC in] id=47
[18:19:48] [LUA] [RPC in] id=44
[18:19:48] [LUA] [RPC in] id=47
[18:19:48] [LUA] [RPC in] id=44
[18:19:48] [LUA] [RPC in] id=47
[18:19:48] [LUA] [RPC in] id=44
[18:19:48] [LUA] [RPC in] id=47
[18:19:48] [LUA] [RPC in] id=44
[18:19:48] [LUA] [RPC in] id=47
[18:19:48] [LUA] [RPC in] id=44
[18:19:51] [LUA] [RPC in] id=72
[18:19:51] [LUA] [RPC in] id=47
[18:19:51] [LUA] [RPC in] id=44
[18:19:51] [LUA] [RPC in] id=47
[18:19:51] [LUA] [RPC in] id=44
[18:19:51] [LUA] [RPC in] id=47
[18:19:51] [LUA] [RPC in] id=44
[18:19:51] [LUA] [RPC in] id=47
[18:19:51] [LUA] [RPC in] id=44
[18:19:51] [LUA] [RPC in] id=47
[18:19:51] [LUA] [RPC in] id=44
[18:19:51] [LUA] [RPC in] id=47
[18:19:51] [LUA] [RPC in] id=44
[18:19:51] [LUA] [RPC in] id=47
[18:19:51] [LUA] [RPC in] id=44
[18:19:51] [LUA] [RPC in] id=47
[18:19:51] [LUA] [RPC in] id=44
[18:19:51] [LUA] [RPC in] id=47
[18:19:51] [LUA] [RPC in] id=44
[18:19:51] [LUA] [RPC in] id=47
[18:19:51] [LUA] [RPC in] id=44
[18:19:51] [LUA] [RPC in] id=47
[18:19:51] [LUA] [RPC in] id=44
[18:19:51] [LUA] [RPC in] id=47
[18:19:51] [LUA] [RPC in] id=44
[18:19:51] [LUA] [RPC in] id=47
[18:19:51] [LUA] [RPC in] id=44
[18:19:51] [LUA] [RPC in] id=47
[18:19:51] [LUA] [RPC in] id=44
[18:19:51] [LUA] [RPC in] id=47
[18:19:51] [LUA] [RPC in] id=44
[18:19:51] [LUA] [RPC in] id=47
[18:19:51] [LUA] [RPC in] id=44
[18:19:51] [LUA] [RPC in] id=47
[18:19:51] [LUA] [RPC in] id=44
[18:19:51] [LUA] [RPC in] id=47
[18:19:51] [LUA] [RPC in] id=44
[18:19:52] [LUA] [RPC in] id=151
[18:19:53] [LUA] [RPC in] id=60
[18:19:55] [LUA] [RPC in] id=151
[18:19:56] [LUA] [RPC in] id=151
[18:19:57] [LUA] [RPC in] id=151
[18:19:58] [LUA] [RPC in] id=151
[18:19:59] [LUA] [RPC in] id=151
[18:20:00] [LUA] [RPC in] id=151
[18:20:00] [LUA] [RPC in] id=72
[18:20:00] [LUA] [RPC in] id=94
[18:20:00] [LUA] [RPC in] id=29
[18:20:00] [LUA] [RPC in] id=151
[18:20:00] [LUA] [RPC in] id=151
[18:20:00] [LUA] [RPC in] id=151
[18:20:00] [LUA] [RPC in] id=72
[18:20:00] [LUA] [RPC in] id=72
[18:20:01] [LUA] [RPC in] id=151
[18:20:01] [LUA] [RPC in] id=72
[18:20:02] [LUA] [RPC in] id=151
[18:20:03] [LUA] [RPC in] id=151
[18:20:04] [LUA] [RPC in] id=151
[18:20:05] [LUA] [RPC in] id=151
[18:20:06] [LUA] [RPC in] id=151
[18:20:07] [LUA] [RPC in] id=151
[18:20:08] [LUA] [RPC in] id=151
[18:20:09] [LUA] [RPC in] id=151
[18:20:10] [LUA] [RPC in] id=151
[18:20:11] [LUA] [RPC in] id=151
[18:20:12] [LUA] [RPC in] id=151
[18:20:13] [LUA] [RPC in] id=151
[18:20:14] [LUA] [RPC in] id=151
[18:20:15] [LUA] [RPC in] id=151
[18:20:16] [LUA] [RPC in] id=151
[18:20:16] [LUA] [RPC in] id=47
[18:20:16] [LUA] [RPC in] id=44
[18:20:16] [LUA] [RPC in] id=47
[18:20:16] [LUA] [RPC in] id=44
[18:20:16] [LUA] [RPC in] id=47
[18:20:16] [LUA] [RPC in] id=44
[18:20:16] [LUA] [RPC in] id=47
[18:20:16] [LUA] [RPC in] id=44
[18:20:16] [LUA] [RPC in] id=47
[18:20:16] [LUA] [RPC in] id=44
[18:20:16] [LUA] [RPC in] id=47
[18:20:16] [LUA] [RPC in] id=44
[18:20:16] [LUA] [RPC in] id=47
[18:20:16] [LUA] [RPC in] id=44
[18:20:16] [LUA] [RPC in] id=47
[18:20:16] [LUA] [RPC in] id=44
[18:20:16] [LUA] [RPC in] id=47
[18:20:16] [LUA] [RPC in] id=44
[18:20:16] [LUA] [RPC in] id=47
[18:20:16] [LUA] [RPC in] id=44
[18:20:16] [LUA] [RPC in] id=47
[18:20:16] [LUA] [RPC in] id=44
[18:20:16] [LUA] [RPC in] id=47
[18:20:16] [LUA] [RPC in] id=44
[18:20:16] [LUA] [RPC in] id=47
[18:20:16] [LUA] [RPC in] id=44
[18:20:16] [LUA] [RPC in] id=47
[18:20:16] [LUA] [RPC in] id=44
[18:20:16] [LUA] [RPC in] id=47
[18:20:16] [LUA] [RPC in] id=44
[18:20:16] [LUA] [RPC in] id=47
[18:20:16] [LUA] [RPC in] id=44
[18:20:16] [LUA] [RPC in] id=47
[18:20:16] [LUA] [RPC in] id=44
[18:20:17] [LUA] [RPC in] id=47
[18:20:17] [LUA] [RPC in] id=44
[18:20:17] [LUA] [RPC in] id=151
[18:20:18] [LUA] [RPC in] id=151
[18:20:19] [LUA] [RPC in] id=151
[18:20:19] [LUA] [RPC in] id=47
[18:20:19] [LUA] [RPC in] id=44
[18:20:19] [LUA] [RPC in] id=47
[18:20:19] [LUA] [RPC in] id=44
[18:20:19] [LUA] [RPC in] id=47
[18:20:19] [LUA] [RPC in] id=44
[18:20:19] [LUA] [RPC in] id=47
[18:20:19] [LUA] [RPC in] id=44
[18:20:19] [LUA] [RPC in] id=47
[18:20:19] [LUA] [RPC in] id=44
[18:20:19] [LUA] [RPC in] id=47
[18:20:19] [LUA] [RPC in] id=44
[18:20:19] [LUA] [RPC in] id=47
[18:20:19] [LUA] [RPC in] id=44
[18:20:19] [LUA] [RPC in] id=47
[18:20:19] [LUA] [RPC in] id=44
[18:20:19] [LUA] [RPC in] id=47
[18:20:19] [LUA] [RPC in] id=44
[18:20:19] [LUA] [RPC in] id=47
[18:20:19] [LUA] [RPC in] id=44
[18:20:19] [LUA] [RPC in] id=47
[18:20:19] [LUA] [RPC in] id=44
[18:20:19] [LUA] [RPC in] id=47
[18:20:19] [LUA] [RPC in] id=44
[18:20:19] [LUA] [RPC in] id=47
[18:20:19] [LUA] [RPC in] id=44
[18:20:19] [LUA] [RPC in] id=47
[18:20:19] [LUA] [RPC in] id=44
[18:20:19] [LUA] [RPC in] id=47
[18:20:20] [LUA] [RPC in] id=44
[18:20:20] [LUA] [RPC in] id=47
[18:20:20] [LUA] [RPC in] id=44
[18:20:20] [LUA] [RPC in] id=47
[18:20:20] [LUA] [RPC in] id=44
[18:20:20] [LUA] [RPC in] id=151
[18:20:20] [LUA] [RPC in] id=47
[18:20:20] [LUA] [RPC in] id=44
[18:20:21] [LUA] [RPC in] id=151
[18:20:22] [LUA] [RPC in] id=151
[18:20:23] [LUA] [RPC in] id=151
[18:20:23] [LUA] [RPC in] id=60
[18:20:24] [LUA] [RPC in] id=151
[18:20:25] [LUA] [RPC in] id=151
[18:20:26] [LUA] [RPC in] id=151
[18:20:27] [LUA] [RPC in] id=151
[18:20:28] [LUA] [RPC in] id=151
[18:20:29] [LUA] [RPC in] id=151
[18:20:30] [LUA] [RPC in] id=151
[18:20:31] [LUA] [RPC in] id=151
[18:20:32] [LUA] [RPC in] id=151
[18:20:33] [LUA] [RPC in] id=151
[18:20:34] [LUA] [RPC in] id=151
[18:20:35] [LUA] [RPC in] id=151
[18:20:36] [LUA] [RPC in] id=151
[18:20:37] [LUA] [RPC in] id=151
[18:20:38] [LUA] [RPC in] id=151
[18:20:39] [LUA] [RPC in] id=151
[18:20:40] [LUA] [RPC in] id=151
[18:20:42] [LUA] [RPC in] id=151
[18:20:43] [LUA] [RPC in] id=151
[18:20:44] [LUA] [RPC in] id=151

---------- bot2_Vitaly_Zaycev/lite_debug.log ----------
2026-04-01 18:18:58 ========== blasthk_aim_and_ping_merged onLoad ==========
2026-04-01 18:18:58 [merged] aim_fix + send_ping_fix + PRIME RUSSIA GUI handler
2026-04-01 18:18:58 [merged] GUI packets: in=251/252 out=251
2026-04-01 18:18:58 [merged] pw_len=15
2026-04-01 18:18:58 [merged] samp.events callbacks registered via MODULE
2026-04-01 18:18:59 [pkt in] id=12
2026-04-01 18:18:59 [pkt in] id=34
2026-04-01 18:18:59 [merged] ConnectionRequestAccepted ip=1055553042 port=37483 playerId=1
2026-04-01 18:18:59 [pkt in] id=41
2026-04-01 18:18:59 [RPC in] id=60
2026-04-01 18:18:59 [RPC in] id=14
2026-04-01 18:18:59 [RPC in] id=66
2026-04-01 18:18:59 [RPC in] id=21
2026-04-01 18:18:59 [RPC in] id=120
2026-04-01 18:18:59 [RPC in] id=93
2026-04-01 18:18:59 [merged] ServerMsg color=FFFFFFFFFFFFFFFF ascii=" " hex=20 
2026-04-01 18:18:59 [RPC in] id=93
2026-04-01 18:18:59 [merged] ServerMsg color=FFFFFFFFFFFFFFFF ascii=" " hex=20 
2026-04-01 18:18:59 [RPC in] id=93
2026-04-01 18:18:59 [merged] ServerMsg color=FFFFFFFFFFFFFFFF ascii=" " hex=20 
2026-04-01 18:18:59 [RPC in] id=93
2026-04-01 18:18:59 [merged] ServerMsg color=FFFFFFFFFFFFFFFF ascii=" " hex=20 
2026-04-01 18:18:59 [RPC in] id=93
2026-04-01 18:18:59 [merged] ServerMsg color=FFFFFFFFFFFFFFFF ascii=" " hex=20 
2026-04-01 18:18:59 [RPC in] id=93
2026-04-01 18:18:59 [merged] ServerMsg color=FFFFFFFFFFFFFFFF ascii=" " hex=20 
2026-04-01 18:18:59 [RPC in] id=93
2026-04-01 18:18:59 [merged] ServerMsg color=FFFFFFFFFFFFFFFF ascii=" " hex=20 
2026-04-01 18:19:00 [RPC in] id=93
2026-04-01 18:19:00 [merged] ServerMsg color=FFFFFFFFFFFFFFFF ascii=" " hex=20 
2026-04-01 18:19:00 [RPC in] id=93
2026-04-01 18:19:00 [merged] ServerMsg color=FFFFFFFFFFFFFFFF ascii=" " hex=20 
2026-04-01 18:19:00 [RPC in] id=93
2026-04-01 18:19:00 [merged] ServerMsg color=FFFFFFFFFFFFFFFF ascii=" " hex=20 
2026-04-01 18:19:00 [RPC in] id=93
2026-04-01 18:19:00 [merged] ServerMsg color=FFFFFFFFFFFFFFFF ascii=" " hex=20 
2026-04-01 18:19:00 [RPC in] id=93
2026-04-01 18:19:00 [merged] ServerMsg color=FFFFFFFFFFFFFFFF ascii=" " hex=20 
2026-04-01 18:19:00 [RPC in] id=93
2026-04-01 18:19:00 [merged] ServerMsg color=FFFFFFFFFFFFFFFF ascii=" " hex=20 
2026-04-01 18:19:00 [RPC in] id=93
2026-04-01 18:19:00 [merged] ServerMsg color=FFFFFFFFFFFFFFFF ascii=" " hex=20 
2026-04-01 18:19:00 [RPC in] id=93
2026-04-01 18:19:00 [merged] ServerMsg color=FFFFFFFFFFFFFFFF ascii=" " hex=20 
2026-04-01 18:19:00 [RPC in] id=93
2026-04-01 18:19:00 [merged] ServerMsg color=FFFFFFFFFFFFFFFF ascii=" " hex=20 
2026-04-01 18:19:00 [RPC in] id=93
2026-04-01 18:19:00 [merged] ServerMsg color=FFFFFFFFFFFFFFFF ascii=" " hex=20 
2026-04-01 18:19:00 [RPC in] id=93
2026-04-01 18:19:00 [merged] ServerMsg color=FFFFFFFFFFFFFFFF ascii=" " hex=20 
2026-04-01 18:19:00 [RPC in] id=93
2026-04-01 18:19:00 [merged] ServerMsg color=FFFFFFFFFFFFFFFF ascii=" " hex=20 
2026-04-01 18:19:00 [RPC in] id=93
2026-04-01 18:19:00 [merged] ServerMsg color=FFFFFFFFFFFFFFFF ascii=" " hex=20 
2026-04-01 18:19:00 [RPC in] id=93
2026-04-01 18:19:00 [merged] ServerMsg color=FFFFFFFFFFFFFFFF ascii=" " hex=20 
2026-04-01 18:19:00 [RPC in] id=93
2026-04-01 18:19:00 [merged] ServerMsg color=FFFFFFFFFFFFFFFF ascii=" " hex=20 
2026-04-01 18:19:00 [RPC in] id=93
2026-04-01 18:19:00 [merged] ServerMsg color=FFFFFFFFFFFFFFFF ascii=" " hex=20 
2026-04-01 18:19:00 [RPC in] id=93
2026-04-01 18:19:00 [merged] ServerMsg color=FFFFFFFFFFFFFFFF ascii=" " hex=20 
2026-04-01 18:19:00 [RPC in] id=93
2026-04-01 18:19:00 [merged] ServerMsg color=FFFFFFFFFFFFFFFF ascii=" " hex=20 
2026-04-01 18:19:00 [RPC in] id=93
2026-04-01 18:19:00 [merged] ServerMsg color=FFFFFFFFFFFFFFFF ascii=" " hex=20 
2026-04-01 18:19:00 [RPC in] id=168
2026-04-01 18:19:00 [RPC in] id=168
2026-04-01 18:19:00 [RPC in] id=93
2026-04-01 18:19:00 [merged] ServerMsg color=FFFFFFFFFFFFFFFF ascii="{FFFFFF}| ..... .......... .. {E24B4B}PRIME RUSSIA{FFFFFF}, ...... ." hex=7B 46 46 46 46 46 46 7D 7C 20 C4 EE E1 F0 EE 20 EF EE E6 E0 EB EE E2 E0 F2 FC 20 ED E0 20 7B 45 32 34 42 34 42 7D 50 52 49 4D 45 20 52 55 53 53 49 41 7B 46 46 46 46 46 46 7D 2C 20 F1 E5 F0 E2 E5 F0 20 97 
2026-04-01 18:19:00 [RPC in] id=93
2026-04-01 18:19:00 [merged] ServerMsg color=FFFFFFFFFFFFFFFF ascii="{FFFFFF}| . {E24B4B}RED" hex=7B 46 46 46 46 46 46 7D 7C 20 97 20 7B 45 32 34 42 34 42 7D 52 45 44 
2026-04-01 18:19:00 [RPC in] id=93
2026-04-01 18:19:00 [merged] ServerMsg color=FFFFFFFFFFFFFFFF ascii="{FFFFFF}| . ..... ...... ........ {E24B4B}t.me/primee_dev{FFFFFF} ...." hex=7B 46 46 46 46 46 46 7D 7C 20 C2 20 ED E0 F8 E5 EC 20 EA E0 ED E0 EB E5 20 D2 E5 EB E5 E3 F0 E0 EC 20 7B 45 32 34 42 34 42 7D 74 2E 6D 65 2F 70 72 69 6D 65 65 5F 64 65 76 7B 46 46 46 46 46 46 7D 20 E8 E4 B8 F2 
2026-04-01 18:19:00 [RPC in] id=93
2026-04-01 18:19:00 [merged] ServerMsg color=FFFFFFFFFFFFFFFF ascii="{FFFFFF}| . ....... ........" hex=7B 46 46 46 46 46 46 7D 7C 20 97 20 F0 E0 E7 E4 E0 F7 E0 20 EF EE E4 E0 F0 EA EE E2 
2026-04-01 18:19:00 [RPC in] id=93
2026-04-01 18:19:00 [merged] ServerMsg color=FFFFFFFFFFFFFFFF ascii="{FFFFFF}| ... ....... ..... ........ . .. ...... ......." hex=7B 46 46 46 46 46 46 7D 7C 20 C4 EB FF 20 F3 F7 E0 F1 F2 E8 FF 20 ED F3 E6 ED EE 20 ED E0 EF E8 F1 E0 F2 FC 20 E2 20 CB D1 20 E3 F0 F3 EF EF FB 20 EA EE E4 EE E2 EE E5 
2026-04-01 18:19:00 [RPC in] id=93
2026-04-01 18:19:00 [merged] ServerMsg color=FFFFFFFFFFFFFFFF ascii="{FFFFFF}| . ..... {E24B4B}#...." hex=7B 46 46 46 46 46 46 7D 7C 20 97 20 F1 EB EE E2 EE 20 7B 45 32 34 42 34 42 7D 23 D5 CE D7 D3 
2026-04-01 18:19:00 [RPC in] id=93
2026-04-01 18:19:00 [merged] ServerMsg color=FFFFFFFFFFFFFFFF ascii=" " hex=20 
2026-04-01 18:19:00 [RPC in] id=29
2026-04-01 18:19:00 [RPC in] id=44
2026-04-01 18:19:00 [RPC in] id=44
2026-04-01 18:19:00 [RPC in] id=44
2026-04-01 18:19:00 [RPC in] id=44
2026-04-01 18:19:00 [RPC in] id=44
2026-04-01 18:19:00 [RPC in] id=44
2026-04-01 18:19:00 [RPC in] id=44
2026-04-01 18:19:00 [RPC in] id=44
2026-04-01 18:19:00 [RPC in] id=44
2026-04-01 18:19:00 [RPC in] id=44
2026-04-01 18:19:00 [RPC in] id=168
2026-04-01 18:19:00 [RPC in] id=44
2026-04-01 18:19:00 [RPC in] id=44
2026-04-01 18:19:00 [RPC in] id=44
2026-04-01 18:19:00 [RPC in] id=44
2026-04-01 18:19:00 [RPC in] id=44
2026-04-01 18:19:00 [RPC in] id=44
2026-04-01 18:19:00 [RPC in] id=44
2026-04-01 18:19:00 [RPC in] id=44
2026-04-01 18:19:00 [RPC in] id=44
2026-04-01 18:19:00 [RPC in] id=44
2026-04-01 18:19:00 [RPC in] id=168
2026-04-01 18:19:00 [RPC in] id=44
2026-04-01 18:19:00 [RPC in] id=44
2026-04-01 18:19:00 [RPC in] id=44
2026-04-01 18:19:00 [RPC in] id=44
2026-04-01 18:19:00 [RPC in] id=44
2026-04-01 18:19:00 [RPC in] id=44
2026-04-01 18:19:00 [RPC in] id=44
2026-04-01 18:19:00 [RPC in] id=44
2026-04-01 18:19:00 [RPC in] id=44
2026-04-01 18:19:00 [RPC in] id=44
2026-04-01 18:19:00 [RPC in] id=168
2026-04-01 18:19:00 [RPC in] id=44
2026-04-01 18:19:00 [RPC in] id=44
2026-04-01 18:19:00 [RPC in] id=44
2026-04-01 18:19:00 [RPC in] id=44
2026-04-01 18:19:00 [RPC in] id=44
2026-04-01 18:19:00 [RPC in] id=44
2026-04-01 18:19:00 [RPC in] id=44
2026-04-01 18:19:00 [RPC in] id=44
2026-04-01 18:19:00 [RPC in] id=44
2026-04-01 18:19:00 [RPC in] id=44
2026-04-01 18:19:00 [RPC in] id=44
2026-04-01 18:19:00 [RPC in] id=44
2026-04-01 18:19:00 [RPC in] id=44
2026-04-01 18:19:00 [RPC in] id=44
2026-04-01 18:19:00 [RPC in] id=44
2026-04-01 18:19:00 [RPC in] id=44
2026-04-01 18:19:00 [RPC in] id=44
2026-04-01 18:19:00 [RPC in] id=44
2026-04-01 18:19:00 [RPC in] id=44
2026-04-01 18:19:00 [RPC in] id=44
2026-04-01 18:19:00 [RPC in] id=44
2026-04-01 18:19:00 [RPC in] id=44
2026-04-01 18:19:00 [RPC in] id=44
2026-04-01 18:19:00 [RPC in] id=44
2026-04-01 18:19:00 [RPC in] id=44
2026-04-01 18:19:00 [RPC in] id=44
2026-04-01 18:19:00 [RPC in] id=44
2026-04-01 18:19:00 [RPC in] id=44
2026-04-01 18:19:00 [RPC in] id=44
2026-04-01 18:19:00 [RPC in] id=44
2026-04-01 18:19:00 [RPC in] id=44
2026-04-01 18:19:00 [RPC in] id=44
2026-04-01 18:19:00 [RPC in] id=44
2026-04-01 18:19:00 [RPC in] id=139
2026-04-01 18:19:00 [merged] onInitGame playerId=1 host=PRIME RUSSIA classes=1
2026-04-01 18:19:00 [merged] onInitGame: waiting for JSON GUI flow (screen 38/50)
2026-04-01 18:19:00 [RPC in] id=94
2026-04-01 18:19:00 [RPC in] id=29
2026-04-01 18:19:00 [RPC in] id=157
2026-04-01 18:19:00 [RPC in] id=158
2026-04-01 18:19:00 [pkt in] id=252
2026-04-01 18:19:00 [PR-IN] pkt=252 total_bytes=20
2026-04-01 18:19:00 [PR-IN-HEX] FC 26 00 0D 00 00 00 7B 22 6F 22 3A 31 2C 22 72 22 3A 30 7D 
2026-04-01 18:19:00 [PR-IN-PARSE] pkt=0xFC screen=38 len=13 dup=0 total=20
2026-04-01 18:19:00 [PR-IN] screen=38 json={"o":1,"r":0}
2026-04-01 18:19:00 [PR-IN] screen=38 json={"o":1,"r":0}
2026-04-01 18:19:00 [PR] GUI38 OPEN: REGISTRATION mode
2026-04-01 18:19:00 [RPC in] id=41
2026-04-01 18:19:00 [RPC in] id=168
2026-04-01 18:19:01 [pkt in] id=251
2026-04-01 18:19:01 [PR-IN] pkt=251 total_bytes=54
2026-04-01 18:19:01 [PR-IN-HEX] FB 05 00 00 00 30 68 74 74 70 3A 2F 2F 77 68 33 36 30 36 2E 
2026-04-01 18:19:01 [PR-IN-PARSE] pkt=0xFB screen=5 len=0 dup=26672 total=54
2026-04-01 18:19:01 [PR-IN] screen=5 json=ttp://wh3606.web3.maze-host.ru/music/enter_.mp3
2026-04-01 18:19:01 [PR-IN] screen=5 json=ttp://wh3606.web3.maze-host.ru/music/enter_.mp3
2026-04-01 18:19:01 [pkt in] id=251
2026-04-01 18:19:01 [PR-IN] pkt=251 total_bytes=54
2026-04-01 18:19:01 [PR-IN-HEX] FB 05 00 00 00 30 68 74 74 70 3A 2F 2F 77 68 33 36 30 36 2E 
2026-04-01 18:19:01 [PR-IN-PARSE] pkt=0xFB screen=5 len=0 dup=26672 total=54
2026-04-01 18:19:01 [PR-IN] screen=5 json=ttp://wh3606.web3.maze-host.ru/music/enter_.mp3
2026-04-01 18:19:01 [PR-IN] screen=5 json=ttp://wh3606.web3.maze-host.ru/music/enter_.mp3
2026-04-01 18:19:01 [RPC in] id=128
2026-04-01 18:19:01 [merged] RequestClassResponse canSpawn=true skin=0
2026-04-01 18:19:01 [PR] REGISTER attempt=1 pw_len=15 skin=239
2026-04-01 18:19:01 [PR-SEND mode=FIXED] screen=38 len=49 json={"t":1,"s":"Vitaly_Zaycev","p":"[REDACTED_PASSWORD]"}
2026-04-01 18:19:02 [PR-SEND mode=FIXED] screen=38 len=20 json={"t":2,"s":"","r":0}
2026-04-01 18:19:02 [PR-SEND mode=FIXED] screen=38 len=14 json={"t":4,"s":""}
2026-04-01 18:19:02 [PR-SEND mode=FIXED] screen=38 len=13 json={"t":3,"r":0}
2026-04-01 18:19:02 [PR-SEND mode=FIXED] screen=38 len=15 json={"t":5,"r":239}
2026-04-01 18:19:03 [PR-SEND mode=FIXED] screen=38 len=7 json={"c":1}
2026-04-01 18:19:03 [PR] Registration sequence sent
2026-04-01 18:19:19 [RPC in] id=47
2026-04-01 18:19:19 [RPC in] id=44
2026-04-01 18:19:19 [RPC in] id=47
2026-04-01 18:19:19 [RPC in] id=44
2026-04-01 18:19:19 [RPC in] id=47
2026-04-01 18:19:19 [RPC in] id=44
2026-04-01 18:19:19 [RPC in] id=47
2026-04-01 18:19:19 [RPC in] id=44
2026-04-01 18:19:19 [RPC in] id=47
2026-04-01 18:19:19 [RPC in] id=44
2026-04-01 18:19:19 [RPC in] id=47
2026-04-01 18:19:19 [RPC in] id=44
2026-04-01 18:19:19 [RPC in] id=47
2026-04-01 18:19:19 [RPC in] id=44
2026-04-01 18:19:19 [RPC in] id=47
2026-04-01 18:19:19 [RPC in] id=44
2026-04-01 18:19:19 [RPC in] id=47
2026-04-01 18:19:19 [RPC in] id=44
2026-04-01 18:19:19 [RPC in] id=47
2026-04-01 18:19:19 [RPC in] id=44
2026-04-01 18:19:19 [RPC in] id=47
2026-04-01 18:19:19 [RPC in] id=44
2026-04-01 18:19:19 [RPC in] id=47
2026-04-01 18:19:19 [RPC in] id=44
2026-04-01 18:19:19 [RPC in] id=47
2026-04-01 18:19:19 [RPC in] id=44
2026-04-01 18:19:19 [RPC in] id=47
2026-04-01 18:19:19 [RPC in] id=44
2026-04-01 18:19:19 [RPC in] id=47
2026-04-01 18:19:19 [RPC in] id=44
2026-04-01 18:19:19 [RPC in] id=47
2026-04-01 18:19:19 [RPC in] id=44
2026-04-01 18:19:19 [RPC in] id=47
2026-04-01 18:19:19 [RPC in] id=44
2026-04-01 18:19:20 [RPC in] id=47
2026-04-01 18:19:20 [RPC in] id=44
2026-04-01 18:19:22 [RPC in] id=47
2026-04-01 18:19:22 [RPC in] id=44
2026-04-01 18:19:22 [RPC in] id=47
2026-04-01 18:19:22 [RPC in] id=44
2026-04-01 18:19:22 [RPC in] id=47
2026-04-01 18:19:22 [RPC in] id=44
2026-04-01 18:19:22 [RPC in] id=47
2026-04-01 18:19:22 [RPC in] id=44
2026-04-01 18:19:22 [RPC in] id=47
2026-04-01 18:19:22 [RPC in] id=44
2026-04-01 18:19:22 [RPC in] id=47
2026-04-01 18:19:22 [RPC in] id=44
2026-04-01 18:19:22 [RPC in] id=47
2026-04-01 18:19:22 [RPC in] id=44
2026-04-01 18:19:22 [RPC in] id=47
2026-04-01 18:19:22 [RPC in] id=44
2026-04-01 18:19:22 [RPC in] id=47
2026-04-01 18:19:22 [RPC in] id=44
2026-04-01 18:19:22 [RPC in] id=47
2026-04-01 18:19:22 [RPC in] id=44
2026-04-01 18:19:22 [RPC in] id=47
2026-04-01 18:19:22 [RPC in] id=44
2026-04-01 18:19:22 [RPC in] id=47
2026-04-01 18:19:22 [RPC in] id=44
2026-04-01 18:19:22 [RPC in] id=47
2026-04-01 18:19:22 [RPC in] id=44
2026-04-01 18:19:22 [RPC in] id=47
2026-04-01 18:19:22 [RPC in] id=44
2026-04-01 18:19:22 [RPC in] id=47
2026-04-01 18:19:22 [RPC in] id=44
2026-04-01 18:19:22 [RPC in] id=47
2026-04-01 18:19:22 [RPC in] id=44
2026-04-01 18:19:23 [RPC in] id=47
2026-04-01 18:19:23 [RPC in] id=44
2026-04-01 18:19:23 [RPC in] id=47
2026-04-01 18:19:23 [RPC in] id=44
2026-04-01 18:19:23 [RPC in] id=60
2026-04-01 18:19:48 [RPC in] id=47
2026-04-01 18:19:48 [RPC in] id=44
2026-04-01 18:19:48 [RPC in] id=47
2026-04-01 18:19:48 [RPC in] id=44
2026-04-01 18:19:48 [RPC in] id=47
2026-04-01 18:19:48 [RPC in] id=44
2026-04-01 18:19:48 [RPC in] id=47
2026-04-01 18:19:48 [RPC in] id=44
2026-04-01 18:19:48 [RPC in] id=47
2026-04-01 18:19:48 [RPC in] id=44
2026-04-01 18:19:48 [RPC in] id=47
2026-04-01 18:19:48 [RPC in] id=44
2026-04-01 18:19:48 [RPC in] id=47
2026-04-01 18:19:48 [RPC in] id=44
2026-04-01 18:19:48 [RPC in] id=47
2026-04-01 18:19:48 [RPC in] id=44
2026-04-01 18:19:48 [RPC in] id=47
2026-04-01 18:19:48 [RPC in] id=44
2026-04-01 18:19:48 [RPC in] id=47
2026-04-01 18:19:48 [RPC in] id=44
2026-04-01 18:19:48 [RPC in] id=47
2026-04-01 18:19:48 [RPC in] id=44
2026-04-01 18:19:48 [RPC in] id=47
2026-04-01 18:19:48 [RPC in] id=44
2026-04-01 18:19:48 [RPC in] id=47
2026-04-01 18:19:48 [RPC in] id=44
2026-04-01 18:19:48 [RPC in] id=47
2026-04-01 18:19:48 [RPC in] id=44
2026-04-01 18:19:48 [RPC in] id=47
2026-04-01 18:19:48 [RPC in] id=44
2026-04-01 18:19:48 [RPC in] id=47
2026-04-01 18:19:48 [RPC in] id=44
2026-04-01 18:19:48 [RPC in] id=47
2026-04-01 18:19:48 [RPC in] id=44
2026-04-01 18:19:48 [RPC in] id=47
2026-04-01 18:19:48 [RPC in] id=44
2026-04-01 18:19:51 [RPC in] id=72
2026-04-01 18:19:51 [RPC in] id=47
2026-04-01 18:19:51 [RPC in] id=44
2026-04-01 18:19:51 [RPC in] id=47
2026-04-01 18:19:51 [RPC in] id=44
2026-04-01 18:19:51 [RPC in] id=47
2026-04-01 18:19:51 [RPC in] id=44
2026-04-01 18:19:51 [RPC in] id=47
2026-04-01 18:19:51 [RPC in] id=44
2026-04-01 18:19:51 [RPC in] id=47
2026-04-01 18:19:51 [RPC in] id=44
2026-04-01 18:19:51 [RPC in] id=47
2026-04-01 18:19:51 [RPC in] id=44
2026-04-01 18:19:51 [RPC in] id=47
2026-04-01 18:19:51 [RPC in] id=44
2026-04-01 18:19:51 [RPC in] id=47
2026-04-01 18:19:51 [RPC in] id=44
2026-04-01 18:19:51 [RPC in] id=47
2026-04-01 18:19:51 [RPC in] id=44
2026-04-01 18:19:51 [RPC in] id=47
2026-04-01 18:19:51 [RPC in] id=44
2026-04-01 18:19:51 [RPC in] id=47
2026-04-01 18:19:51 [RPC in] id=44
2026-04-01 18:19:51 [RPC in] id=47
2026-04-01 18:19:51 [RPC in] id=44
2026-04-01 18:19:51 [RPC in] id=47
2026-04-01 18:19:51 [RPC in] id=44
2026-04-01 18:19:51 [RPC in] id=47
2026-04-01 18:19:51 [RPC in] id=44
2026-04-01 18:19:51 [RPC in] id=47
2026-04-01 18:19:51 [RPC in] id=44
2026-04-01 18:19:51 [RPC in] id=47
2026-04-01 18:19:51 [RPC in] id=44
2026-04-01 18:19:51 [RPC in] id=47
2026-04-01 18:19:51 [RPC in] id=44
2026-04-01 18:19:51 [RPC in] id=47
2026-04-01 18:19:51 [RPC in] id=44
2026-04-01 18:19:52 [RPC in] id=151
2026-04-01 18:19:53 [RPC in] id=60
2026-04-01 18:19:55 [RPC in] id=151
2026-04-01 18:19:56 [RPC in] id=151
2026-04-01 18:19:57 [RPC in] id=151
2026-04-01 18:19:58 [RPC in] id=151
2026-04-01 18:19:59 [RPC in] id=151
2026-04-01 18:20:00 [RPC in] id=151
2026-04-01 18:20:00 [RPC in] id=72
2026-04-01 18:20:00 [RPC in] id=94
2026-04-01 18:20:00 [RPC in] id=29
2026-04-01 18:20:00 [RPC in] id=151
2026-04-01 18:20:00 [RPC in] id=151
2026-04-01 18:20:00 [RPC in] id=151
2026-04-01 18:20:00 [RPC in] id=72
2026-04-01 18:20:00 [RPC in] id=72
2026-04-01 18:20:01 [RPC in] id=151
2026-04-01 18:20:01 [RPC in] id=72
2026-04-01 18:20:02 [RPC in] id=151
2026-04-01 18:20:03 [RPC in] id=151
2026-04-01 18:20:04 [RPC in] id=151
2026-04-01 18:20:05 [RPC in] id=151
2026-04-01 18:20:06 [RPC in] id=151
2026-04-01 18:20:07 [RPC in] id=151
2026-04-01 18:20:08 [RPC in] id=151
2026-04-01 18:20:09 [RPC in] id=151
2026-04-01 18:20:10 [RPC in] id=151
2026-04-01 18:20:11 [RPC in] id=151
2026-04-01 18:20:12 [RPC in] id=151
2026-04-01 18:20:13 [RPC in] id=151
2026-04-01 18:20:14 [RPC in] id=151
2026-04-01 18:20:15 [RPC in] id=151
2026-04-01 18:20:16 [RPC in] id=151
2026-04-01 18:20:16 [RPC in] id=47
2026-04-01 18:20:16 [RPC in] id=44
2026-04-01 18:20:16 [RPC in] id=47
2026-04-01 18:20:16 [RPC in] id=44
2026-04-01 18:20:16 [RPC in] id=47
2026-04-01 18:20:16 [RPC in] id=44
2026-04-01 18:20:16 [RPC in] id=47
2026-04-01 18:20:16 [RPC in] id=44
2026-04-01 18:20:16 [RPC in] id=47
2026-04-01 18:20:16 [RPC in] id=44
2026-04-01 18:20:16 [RPC in] id=47
2026-04-01 18:20:16 [RPC in] id=44
2026-04-01 18:20:16 [RPC in] id=47
2026-04-01 18:20:16 [RPC in] id=44
2026-04-01 18:20:16 [RPC in] id=47
2026-04-01 18:20:16 [RPC in] id=44
2026-04-01 18:20:16 [RPC in] id=47
2026-04-01 18:20:16 [RPC in] id=44
2026-04-01 18:20:16 [RPC in] id=47
2026-04-01 18:20:16 [RPC in] id=44
2026-04-01 18:20:16 [RPC in] id=47
2026-04-01 18:20:16 [RPC in] id=44
2026-04-01 18:20:16 [RPC in] id=47
2026-04-01 18:20:16 [RPC in] id=44
2026-04-01 18:20:16 [RPC in] id=47
2026-04-01 18:20:16 [RPC in] id=44
2026-04-01 18:20:16 [RPC in] id=47
2026-04-01 18:20:16 [RPC in] id=44
2026-04-01 18:20:16 [RPC in] id=47
2026-04-01 18:20:16 [RPC in] id=44
2026-04-01 18:20:16 [RPC in] id=47
2026-04-01 18:20:16 [RPC in] id=44
2026-04-01 18:20:16 [RPC in] id=47
2026-04-01 18:20:16 [RPC in] id=44
2026-04-01 18:20:17 [RPC in] id=47
2026-04-01 18:20:17 [RPC in] id=44
2026-04-01 18:20:17 [RPC in] id=151
2026-04-01 18:20:18 [RPC in] id=151
2026-04-01 18:20:19 [RPC in] id=151
2026-04-01 18:20:19 [RPC in] id=47
2026-04-01 18:20:19 [RPC in] id=44
2026-04-01 18:20:19 [RPC in] id=47
2026-04-01 18:20:19 [RPC in] id=44
2026-04-01 18:20:19 [RPC in] id=47
2026-04-01 18:20:19 [RPC in] id=44
2026-04-01 18:20:19 [RPC in] id=47
2026-04-01 18:20:19 [RPC in] id=44
2026-04-01 18:20:19 [RPC in] id=47
2026-04-01 18:20:19 [RPC in] id=44
2026-04-01 18:20:19 [RPC in] id=47
2026-04-01 18:20:19 [RPC in] id=44
2026-04-01 18:20:19 [RPC in] id=47
2026-04-01 18:20:19 [RPC in] id=44
2026-04-01 18:20:19 [RPC in] id=47
2026-04-01 18:20:19 [RPC in] id=44
2026-04-01 18:20:19 [RPC in] id=47
2026-04-01 18:20:19 [RPC in] id=44
2026-04-01 18:20:19 [RPC in] id=47
2026-04-01 18:20:19 [RPC in] id=44
2026-04-01 18:20:19 [RPC in] id=47
2026-04-01 18:20:19 [RPC in] id=44
2026-04-01 18:20:19 [RPC in] id=47
2026-04-01 18:20:19 [RPC in] id=44
2026-04-01 18:20:19 [RPC in] id=47
2026-04-01 18:20:19 [RPC in] id=44
2026-04-01 18:20:19 [RPC in] id=47
2026-04-01 18:20:19 [RPC in] id=44
2026-04-01 18:20:19 [RPC in] id=47
2026-04-01 18:20:20 [RPC in] id=44
2026-04-01 18:20:20 [RPC in] id=47
2026-04-01 18:20:20 [RPC in] id=44
2026-04-01 18:20:20 [RPC in] id=47
2026-04-01 18:20:20 [RPC in] id=44
2026-04-01 18:20:20 [RPC in] id=151
2026-04-01 18:20:20 [RPC in] id=47
2026-04-01 18:20:20 [RPC in] id=44
2026-04-01 18:20:21 [RPC in] id=151
2026-04-01 18:20:22 [RPC in] id=151
2026-04-01 18:20:23 [RPC in] id=151
2026-04-01 18:20:23 [RPC in] id=60
2026-04-01 18:20:24 [RPC in] id=151
2026-04-01 18:20:25 [RPC in] id=151
2026-04-01 18:20:26 [RPC in] id=151
2026-04-01 18:20:27 [RPC in] id=151
2026-04-01 18:20:28 [RPC in] id=151
2026-04-01 18:20:29 [RPC in] id=151
2026-04-01 18:20:30 [RPC in] id=151
2026-04-01 18:20:31 [RPC in] id=151
2026-04-01 18:20:32 [RPC in] id=151
2026-04-01 18:20:33 [RPC in] id=151
2026-04-01 18:20:34 [RPC in] id=151
2026-04-01 18:20:35 [RPC in] id=151
2026-04-01 18:20:36 [RPC in] id=151
2026-04-01 18:20:37 [RPC in] id=151
2026-04-01 18:20:38 [RPC in] id=151
2026-04-01 18:20:39 [RPC in] id=151
2026-04-01 18:20:40 [RPC in] id=151
2026-04-01 18:20:42 [RPC in] id=151
2026-04-01 18:20:43 [RPC in] id=151
2026-04-01 18:20:44 [RPC in] id=151
