=== RakSAMP Lite вҖ” РҫРұСҠРөРҙРёРҪС‘РҪРҪСӢР№ Р»РҫРі РҙРІСғС… РұРҫСӮРҫРІ (2026-03-30) ===
РҳСҒСӮРҫСҮРҪРёРә: /workspace/lite_run/
РЎРөСҖРІРөСҖ: 51.75.232.67:1801 (РёР· СҒРөСҒСҒРёРё)
Р‘РҫСӮ 1: Dmitry_Novikov | Р‘РҫСӮ 2: Alexey_Petrov

---------- lite_run/bot1.log (nohup wine stderr/stdout) ----------

---------- lite_run/bot2.log ----------

---------- bot1_Dmitry_Novikov/RakSAMP Lite.log ----------
[12:55:53]  
[12:55:53] * ===================================================== *
[12:55:53]   RakSAMP Lite initialized on 30/03/2026 12:55:53
[12:55:53]   Authors: jlfm, bartekdvd, P3ti, Rei
[12:55:53]   Visit t.me/reiscripts
[12:55:53] * ===================================================== *
[12:55:53]  
[12:55:53] [LUA] Loading scripts...
[12:55:53] [LUA] [00_forum_bundle] skip damage_status.lua: cannot open forum_lua_blasthk/damage_status.lua: No such file or directory
[12:55:53] [LUA] [00_forum_bundle] skip InvalidPositionFix.lua: cannot open forum_lua_blasthk/InvalidPositionFix.lua: No such file or directory
[12:55:53] [LUA] [00_forum_bundle] OK: damage_status, InvalidPositionFix
[12:55:53] [LUA] Z:\workspace\lite_run\bot1_Dmitry_Novikov\scripts\00_forum_bundle.lua loaded
[12:55:53] [LUA] Z:\workspace\lite_run\bot1_Dmitry_Novikov\scripts\blasthk_aim_and_ping_merged.lua loaded
[12:55:53] [LUA] ========== blasthk_aim_and_ping_merged onLoad ==========
[12:55:53] [LUA] [merged] aim_fix + send_ping_fix + PRIME RUSSIA GUI handler
[12:55:53] [LUA] [merged] GUI packets: in=251/252 out=251
[12:55:53] [LUA] [merged] pw_len=15
[12:55:53] [LUA] [merged] samp.events callbacks registered via MODULE
[12:55:53] [NET] Connecting to 51.75.232.67:1801...
[12:55:54] [LUA] [pkt in] id=12
[12:55:54] [LUA] [pkt in] id=34
[12:55:54] [LUA] [merged] ConnectionRequestAccepted ip=-1553527549 port=33197 playerId=1
[12:55:54] [NET] Connected. Joining the game...
[12:55:54] [LUA] [pkt in] id=41
[12:55:54] [LUA] [RPC in] id=130
[12:55:54] [LUA] [merged] ConnectionRejected reason=2
[12:55:54] [NET] Bad nickname
[12:55:54] [LUA] [pkt in] id=32
[12:55:54] [LUA] [merged] PACKET_DISCONNECTION_NOTIFICATION
[12:55:54] [LUA] [merged] DISCONNECT
[12:55:54] [NET] Connection was closed by the server. Reconnecting in 15 seconds.
[12:56:09] [NET] Connecting to 51.75.232.67:1801...
[12:56:10] [LUA] [pkt in] id=12
[12:56:10] [LUA] [pkt in] id=34
[12:56:10] [LUA] [merged] ConnectionRequestAccepted ip=37601042 port=2512 playerId=2
[12:56:10] [NET] Connected. Joining the game...
[12:56:10] [LUA] [pkt in] id=41
[12:56:10] [LUA] [RPC in] id=130
[12:56:10] [LUA] [merged] ConnectionRejected reason=2
[12:56:10] [NET] Bad nickname
[12:56:10] [LUA] [pkt in] id=32
[12:56:10] [LUA] [merged] PACKET_DISCONNECTION_NOTIFICATION
[12:56:10] [LUA] [merged] DISCONNECT
[12:56:10] [NET] Connection was closed by the server. Reconnecting in 15 seconds.
[12:56:25] [NET] Connecting to 51.75.232.67:1801...
[12:56:25] [LUA] [pkt in] id=12
[12:56:26] [LUA] [pkt in] id=34
[12:56:26] [LUA] [merged] ConnectionRequestAccepted ip=37601042 port=62597 playerId=2
[12:56:26] [NET] Connected. Joining the game...
[12:56:26] [LUA] [pkt in] id=41
[12:56:26] [LUA] [RPC in] id=130
[12:56:26] [LUA] [merged] ConnectionRejected reason=2
[12:56:26] [NET] Bad nickname
[12:56:26] [LUA] [pkt in] id=32
[12:56:26] [LUA] [merged] PACKET_DISCONNECTION_NOTIFICATION
[12:56:26] [LUA] [merged] DISCONNECT
[12:56:26] [NET] Connection was closed by the server. Reconnecting in 15 seconds.
[12:56:41] [NET] Connecting to 51.75.232.67:1801...
[12:56:41] [LUA] [RPC in] id=151
[12:56:41] [LUA] [pkt in] id=12
[12:56:41] [LUA] [pkt in] id=34
[12:56:41] [LUA] [merged] ConnectionRequestAccepted ip=-1195712494 port=26459 playerId=3
[12:56:41] [NET] Connected. Joining the game...
[12:56:41] [LUA] [pkt in] id=41
[12:56:41] [LUA] [RPC in] id=130
[12:56:42] [LUA] [merged] ConnectionRejected reason=2
[12:56:42] [NET] Bad nickname
[12:56:42] [LUA] [pkt in] id=32
[12:56:42] [LUA] [merged] PACKET_DISCONNECTION_NOTIFICATION
[12:56:42] [LUA] [merged] DISCONNECT
[12:56:42] [NET] Connection was closed by the server. Reconnecting in 15 seconds.
[12:56:57] [NET] Connecting to 51.75.232.67:1801...
[12:56:57] [LUA] [pkt in] id=12
[12:56:57] [LUA] [pkt in] id=34
[12:56:57] [LUA] [merged] ConnectionRequestAccepted ip=1831306499 port=13010 playerId=3
[12:56:57] [NET] Connected. Joining the game...
[12:56:57] [LUA] [RPC in] id=151
[12:56:57] [LUA] [pkt in] id=41
[12:56:57] [LUA] [RPC in] id=130
[12:56:57] [LUA] [merged] ConnectionRejected reason=2
[12:56:57] [NET] Bad nickname
[12:56:57] [LUA] [pkt in] id=32
[12:56:57] [LUA] [merged] PACKET_DISCONNECTION_NOTIFICATION
[12:56:57] [LUA] [merged] DISCONNECT
[12:56:57] [NET] Connection was closed by the server. Reconnecting in 15 seconds.
[12:57:12] [NET] Connecting to 51.75.232.67:1801...
[12:57:13] [LUA] [pkt in] id=12
[12:57:13] [LUA] [pkt in] id=34
[12:57:13] [LUA] [merged] ConnectionRequestAccepted ip=-1195712494 port=39191 playerId=3
[12:57:13] [NET] Connected. Joining the game...
[12:57:13] [LUA] [pkt in] id=41
[12:57:13] [LUA] [RPC in] id=130
[12:57:13] [LUA] [merged] ConnectionRejected reason=2
[12:57:13] [NET] Bad nickname
[12:57:13] [LUA] [pkt in] id=32
[12:57:13] [LUA] [merged] PACKET_DISCONNECTION_NOTIFICATION
[12:57:13] [LUA] [merged] DISCONNECT
[12:57:13] [NET] Connection was closed by the server. Reconnecting in 15 seconds.
[12:57:28] [NET] Connecting to 51.75.232.67:1801...
[12:57:29] [LUA] [RPC in] id=151
[12:57:29] [LUA] [pkt in] id=12
[12:57:29] [LUA] [pkt in] id=34
[12:57:29] [LUA] [merged] ConnectionRequestAccepted ip=1831306499 port=52534 playerId=3
[12:57:29] [NET] Connected. Joining the game...
[12:57:29] [LUA] [pkt in] id=41
[12:57:29] [LUA] [RPC in] id=130
[12:57:29] [LUA] [merged] ConnectionRejected reason=2
[12:57:29] [NET] Bad nickname
[12:57:29] [LUA] [pkt in] id=32
[12:57:29] [LUA] [merged] PACKET_DISCONNECTION_NOTIFICATION
[12:57:29] [LUA] [merged] DISCONNECT
[12:57:29] [NET] Connection was closed by the server. Reconnecting in 15 seconds.
[12:57:44] [NET] Connecting to 51.75.232.67:1801...
[12:57:44] [LUA] [pkt in] id=12
[12:57:44] [LUA] [RPC in] id=151
[12:57:44] [LUA] [pkt in] id=34
[12:57:44] [LUA] [merged] ConnectionRequestAccepted ip=1831306499 port=28236 playerId=3
[12:57:44] [NET] Connected. Joining the game...
[12:57:45] [LUA] [pkt in] id=41
[12:57:45] [LUA] [RPC in] id=130
[12:57:45] [LUA] [merged] ConnectionRejected reason=2
[12:57:45] [NET] Bad nickname
[12:57:45] [LUA] [pkt in] id=32
[12:57:45] [LUA] [merged] PACKET_DISCONNECTION_NOTIFICATION
[12:57:45] [LUA] [merged] DISCONNECT
[12:57:45] [NET] Connection was closed by the server. Reconnecting in 15 seconds.
[12:58:00] [NET] Connecting to 51.75.232.67:1801...
[12:58:00] [LUA] [pkt in] id=12
[12:58:00] [LUA] [pkt in] id=34
[12:58:00] [LUA] [merged] ConnectionRequestAccepted ip=1831306499 port=60472 playerId=3
[12:58:00] [NET] Connected. Joining the game...
[12:58:00] [LUA] [pkt in] id=41
[12:58:00] [LUA] [RPC in] id=130
[12:58:00] [LUA] [merged] ConnectionRejected reason=2
[12:58:00] [NET] Bad nickname
[12:58:00] [LUA] [pkt in] id=32
[12:58:00] [LUA] [merged] PACKET_DISCONNECTION_NOTIFICATION
[12:58:00] [LUA] [merged] DISCONNECT
[12:58:00] [NET] Connection was closed by the server. Reconnecting in 15 seconds.

---------- bot1_Dmitry_Novikov/lite_debug.log ----------
2026-03-30 12:55:53 ========== blasthk_aim_and_ping_merged onLoad ==========
2026-03-30 12:55:53 [merged] aim_fix + send_ping_fix + PRIME RUSSIA GUI handler
2026-03-30 12:55:53 [merged] GUI packets: in=251/252 out=251
2026-03-30 12:55:53 [merged] pw_len=15
2026-03-30 12:55:53 [merged] samp.events callbacks registered via MODULE
2026-03-30 12:55:54 [pkt in] id=12
2026-03-30 12:55:54 [pkt in] id=34
2026-03-30 12:55:54 [merged] ConnectionRequestAccepted ip=-1553527549 port=33197 playerId=1
2026-03-30 12:55:54 [pkt in] id=41
2026-03-30 12:55:54 [RPC in] id=130
2026-03-30 12:55:54 [merged] ConnectionRejected reason=2
2026-03-30 12:55:54 [pkt in] id=32
2026-03-30 12:55:54 [merged] PACKET_DISCONNECTION_NOTIFICATION
2026-03-30 12:55:54 [merged] DISCONNECT
2026-03-30 12:56:10 [pkt in] id=12
2026-03-30 12:56:10 [pkt in] id=34
2026-03-30 12:56:10 [merged] ConnectionRequestAccepted ip=37601042 port=2512 playerId=2
2026-03-30 12:56:10 [pkt in] id=41
2026-03-30 12:56:10 [RPC in] id=130
2026-03-30 12:56:10 [merged] ConnectionRejected reason=2
2026-03-30 12:56:10 [pkt in] id=32
2026-03-30 12:56:10 [merged] PACKET_DISCONNECTION_NOTIFICATION
2026-03-30 12:56:10 [merged] DISCONNECT
2026-03-30 12:56:25 [pkt in] id=12
2026-03-30 12:56:26 [pkt in] id=34
2026-03-30 12:56:26 [merged] ConnectionRequestAccepted ip=37601042 port=62597 playerId=2
2026-03-30 12:56:26 [pkt in] id=41
2026-03-30 12:56:26 [RPC in] id=130
2026-03-30 12:56:26 [merged] ConnectionRejected reason=2
2026-03-30 12:56:26 [pkt in] id=32
2026-03-30 12:56:26 [merged] PACKET_DISCONNECTION_NOTIFICATION
2026-03-30 12:56:26 [merged] DISCONNECT
2026-03-30 12:56:41 [RPC in] id=151
2026-03-30 12:56:41 [pkt in] id=12
2026-03-30 12:56:41 [pkt in] id=34
2026-03-30 12:56:41 [merged] ConnectionRequestAccepted ip=-1195712494 port=26459 playerId=3
2026-03-30 12:56:41 [pkt in] id=41
2026-03-30 12:56:41 [RPC in] id=130
2026-03-30 12:56:42 [merged] ConnectionRejected reason=2
2026-03-30 12:56:42 [pkt in] id=32
2026-03-30 12:56:42 [merged] PACKET_DISCONNECTION_NOTIFICATION
2026-03-30 12:56:42 [merged] DISCONNECT
2026-03-30 12:56:57 [pkt in] id=12
2026-03-30 12:56:57 [pkt in] id=34
2026-03-30 12:56:57 [merged] ConnectionRequestAccepted ip=1831306499 port=13010 playerId=3
2026-03-30 12:56:57 [RPC in] id=151
2026-03-30 12:56:57 [pkt in] id=41
2026-03-30 12:56:57 [RPC in] id=130
2026-03-30 12:56:57 [merged] ConnectionRejected reason=2
2026-03-30 12:56:57 [pkt in] id=32
2026-03-30 12:56:57 [merged] PACKET_DISCONNECTION_NOTIFICATION
2026-03-30 12:56:57 [merged] DISCONNECT
2026-03-30 12:57:13 [pkt in] id=12
2026-03-30 12:57:13 [pkt in] id=34
2026-03-30 12:57:13 [merged] ConnectionRequestAccepted ip=-1195712494 port=39191 playerId=3
2026-03-30 12:57:13 [pkt in] id=41
2026-03-30 12:57:13 [RPC in] id=130
2026-03-30 12:57:13 [merged] ConnectionRejected reason=2
2026-03-30 12:57:13 [pkt in] id=32
2026-03-30 12:57:13 [merged] PACKET_DISCONNECTION_NOTIFICATION
2026-03-30 12:57:13 [merged] DISCONNECT
2026-03-30 12:57:29 [RPC in] id=151
2026-03-30 12:57:29 [pkt in] id=12
2026-03-30 12:57:29 [pkt in] id=34
2026-03-30 12:57:29 [merged] ConnectionRequestAccepted ip=1831306499 port=52534 playerId=3
2026-03-30 12:57:29 [pkt in] id=41
2026-03-30 12:57:29 [RPC in] id=130
2026-03-30 12:57:29 [merged] ConnectionRejected reason=2
2026-03-30 12:57:29 [pkt in] id=32
2026-03-30 12:57:29 [merged] PACKET_DISCONNECTION_NOTIFICATION
2026-03-30 12:57:29 [merged] DISCONNECT
2026-03-30 12:57:44 [pkt in] id=12
2026-03-30 12:57:44 [RPC in] id=151
2026-03-30 12:57:44 [pkt in] id=34
2026-03-30 12:57:44 [merged] ConnectionRequestAccepted ip=1831306499 port=28236 playerId=3
2026-03-30 12:57:45 [pkt in] id=41
2026-03-30 12:57:45 [RPC in] id=130
2026-03-30 12:57:45 [merged] ConnectionRejected reason=2
2026-03-30 12:57:45 [pkt in] id=32
2026-03-30 12:57:45 [merged] PACKET_DISCONNECTION_NOTIFICATION
2026-03-30 12:57:45 [merged] DISCONNECT
2026-03-30 12:58:00 [pkt in] id=12
2026-03-30 12:58:00 [pkt in] id=34
2026-03-30 12:58:00 [merged] ConnectionRequestAccepted ip=1831306499 port=60472 playerId=3
2026-03-30 12:58:00 [pkt in] id=41
2026-03-30 12:58:00 [RPC in] id=130
2026-03-30 12:58:00 [merged] ConnectionRejected reason=2
2026-03-30 12:58:00 [pkt in] id=32
2026-03-30 12:58:00 [merged] PACKET_DISCONNECTION_NOTIFICATION
2026-03-30 12:58:00 [merged] DISCONNECT

---------- bot2_Alexey_Petrov/RakSAMP Lite.log ----------
[12:55:57]  
[12:55:57] * ===================================================== *
[12:55:57]   RakSAMP Lite initialized on 30/03/2026 12:55:57
[12:55:57]   Authors: jlfm, bartekdvd, P3ti, Rei
[12:55:57]   Visit t.me/reiscripts
[12:55:57] * ===================================================== *
[12:55:57]  
[12:55:57] [LUA] Loading scripts...
[12:55:57] [LUA] [00_forum_bundle] skip damage_status.lua: cannot open forum_lua_blasthk/damage_status.lua: No such file or directory
[12:55:57] [LUA] [00_forum_bundle] skip InvalidPositionFix.lua: cannot open forum_lua_blasthk/InvalidPositionFix.lua: No such file or directory
[12:55:57] [LUA] [00_forum_bundle] OK: damage_status, InvalidPositionFix
[12:55:57] [LUA] Z:\workspace\lite_run\bot2_Alexey_Petrov\scripts\00_forum_bundle.lua loaded
[12:55:57] [LUA] Z:\workspace\lite_run\bot2_Alexey_Petrov\scripts\blasthk_aim_and_ping_merged.lua loaded
[12:55:57] [LUA] ========== blasthk_aim_and_ping_merged onLoad ==========
[12:55:57] [LUA] [merged] aim_fix + send_ping_fix + PRIME RUSSIA GUI handler
[12:55:57] [LUA] [merged] GUI packets: in=251/252 out=251
[12:55:57] [LUA] [merged] pw_len=15
[12:55:57] [LUA] [merged] samp.events callbacks registered via MODULE
[12:55:57] [NET] Connecting to 51.75.232.67:1801...
[12:55:58] [LUA] [pkt in] id=12
[12:55:58] [LUA] [pkt in] id=34
[12:55:58] [LUA] [merged] ConnectionRequestAccepted ip=1575804690 port=21215 playerId=1
[12:55:58] [NET] Connected. Joining the game...
[12:55:58] [LUA] [pkt in] id=41
[12:55:58] [LUA] [RPC in] id=60
[12:55:58] [LUA] [RPC in] id=14
[12:55:58] [LUA] [RPC in] id=66
[12:55:58] [LUA] [RPC in] id=21
[12:55:58] [LUA] [RPC in] id=93
[12:55:58] [LUA] [merged] ServerMsg color=FFFFFFFFFFFFFFFF ascii=" " hex=20 
[12:55:58] [MSG]  
[12:55:58] [LUA] [RPC in] id=93
[12:55:58] [LUA] [merged] ServerMsg color=FFFFFFFFFFFFFFFF ascii=" " hex=20 
[12:55:58] [MSG]  
[12:55:58] [LUA] [RPC in] id=93
[12:55:58] [LUA] [merged] ServerMsg color=FFFFFFFFFFFFFFFF ascii=" " hex=20 
[12:55:58] [MSG]  
[12:55:58] [LUA] [RPC in] id=93
[12:55:58] [LUA] [merged] ServerMsg color=FFFFFFFFFFFFFFFF ascii=" " hex=20 
[12:55:58] [MSG]  
[12:55:58] [LUA] [RPC in] id=93
[12:55:58] [LUA] [merged] ServerMsg color=FFFFFFFFFFFFFFFF ascii=" " hex=20 
[12:55:58] [MSG]  
[12:55:58] [LUA] [RPC in] id=93
[12:55:58] [LUA] [merged] ServerMsg color=FFFFFFFFFFFFFFFF ascii=" " hex=20 
[12:55:58] [MSG]  
[12:55:58] [LUA] [RPC in] id=93
[12:55:58] [LUA] [merged] ServerMsg color=FFFFFFFFFFFFFFFF ascii=" " hex=20 
[12:55:58] [MSG]  
[12:55:58] [LUA] [RPC in] id=93
[12:55:58] [LUA] [merged] ServerMsg color=FFFFFFFFFFFFFFFF ascii=" " hex=20 
[12:55:58] [MSG]  
[12:55:58] [LUA] [RPC in] id=93
[12:55:58] [LUA] [merged] ServerMsg color=FFFFFFFFFFFFFFFF ascii=" " hex=20 
[12:55:58] [MSG]  
[12:55:58] [LUA] [RPC in] id=93
[12:55:58] [LUA] [merged] ServerMsg color=FFFFFFFFFFFFFFFF ascii=" " hex=20 
[12:55:58] [MSG]  
[12:55:58] [LUA] [RPC in] id=93
[12:55:58] [LUA] [merged] ServerMsg color=FFFFFFFFFFFFFFFF ascii=" " hex=20 
[12:55:58] [MSG]  
[12:55:58] [LUA] [RPC in] id=93
[12:55:58] [LUA] [merged] ServerMsg color=FFFFFFFFFFFFFFFF ascii=" " hex=20 
[12:55:58] [MSG]  
[12:55:58] [LUA] [RPC in] id=93
[12:55:58] [LUA] [merged] ServerMsg color=FFFFFFFFFFFFFFFF ascii=" " hex=20 
[12:55:58] [MSG]  
[12:55:58] [LUA] [RPC in] id=93
[12:55:58] [LUA] [merged] ServerMsg color=FFFFFFFFFFFFFFFF ascii=" " hex=20 
[12:55:58] [MSG]  
[12:55:58] [LUA] [RPC in] id=93
[12:55:58] [LUA] [merged] ServerMsg color=FFFFFFFFFFFFFFFF ascii=" " hex=20 
[12:55:58] [MSG]  
[12:55:58] [LUA] [RPC in] id=93
[12:55:58] [LUA] [merged] ServerMsg color=FFFFFFFFFFFFFFFF ascii=" " hex=20 
[12:55:58] [MSG]  
[12:55:58] [LUA] [RPC in] id=93
[12:55:58] [LUA] [merged] ServerMsg color=FFFFFFFFFFFFFFFF ascii=" " hex=20 
[12:55:58] [MSG]  
[12:55:58] [LUA] [RPC in] id=93
[12:55:58] [LUA] [merged] ServerMsg color=FFFFFFFFFFFFFFFF ascii=" " hex=20 
[12:55:58] [MSG]  
[12:55:58] [LUA] [RPC in] id=93
[12:55:58] [LUA] [merged] ServerMsg color=FFFFFFFFFFFFFFFF ascii=" " hex=20 
[12:55:58] [MSG]  
[12:55:58] [LUA] [RPC in] id=93
[12:55:58] [LUA] [merged] ServerMsg color=FFFFFFFFFFFFFFFF ascii=" " hex=20 
[12:55:58] [MSG]  
[12:55:58] [LUA] [RPC in] id=93
[12:55:58] [LUA] [merged] ServerMsg color=FFFFFFFFFFFFFFFF ascii=" " hex=20 
[12:55:58] [MSG]  
[12:55:58] [LUA] [RPC in] id=93
[12:55:58] [LUA] [merged] ServerMsg color=FFFFFFFFFFFFFFFF ascii=" " hex=20 
[12:55:58] [MSG]  
[12:55:58] [LUA] [RPC in] id=93
[12:55:58] [LUA] [merged] ServerMsg color=FFFFFFFFFFFFFFFF ascii=" " hex=20 
[12:55:58] [MSG]  
[12:55:58] [LUA] [RPC in] id=93
[12:55:58] [LUA] [merged] ServerMsg color=FFFFFFFFFFFFFFFF ascii=" " hex=20 
[12:55:58] [MSG]  
[12:55:58] [LUA] [RPC in] id=93
[12:55:58] [LUA] [merged] ServerMsg color=FFFFFFFFFFFFFFFF ascii=" " hex=20 
[12:55:58] [MSG]  
[12:55:58] [LUA] [RPC in] id=93
[12:55:58] [LUA] [merged] ServerMsg color=FFFFFFFFFFFFFFFF ascii=" " hex=20 
[12:55:58] [MSG]  
[12:55:58] [LUA] [RPC in] id=168
[12:55:58] [LUA] [RPC in] id=168
[12:55:58] [LUA] [RPC in] id=168
[12:55:58] [LUA] [RPC in] id=93
[12:55:58] [LUA] [merged] ServerMsg color=FFFFFFFFFFFFFFFF ascii="{FFFFFF}| ..... .......... .. {E24B4B}PRIME RUSSIA{FFFFFF}, ...... ." hex=7B 46 46 46 46 46 46 7D 7C 20 C4 EE E1 F0 EE 20 EF EE E6 E0 EB EE E2 E0 F2 FC 20 ED E0 20 7B 45 32 34 42 34 42 7D 50 52 49 4D 45 20 52 55 53 53 49 41 7B 46 46 46 46 46 46 7D 2C 20 F1 E5 F0 E2 E5 F0 20 97 
[12:55:58] [MSG] {FFFFFF}| Добро пожаловать на {E24B4B}PRIME RUSSIA{FFFFFF}, сервер —
[12:55:58] [LUA] [RPC in] id=93
[12:55:58] [LUA] [merged] ServerMsg color=FFFFFFFFFFFFFFFF ascii="{FFFFFF}| . {E24B4B}RED" hex=7B 46 46 46 46 46 46 7D 7C 20 97 20 7B 45 32 34 42 34 42 7D 52 45 44 
[12:55:58] [MSG] {FFFFFF}| — {E24B4B}RED
[12:55:58] [LUA] [RPC in] id=93
[12:55:58] [LUA] [merged] ServerMsg color=FFFFFFFFFFFFFFFF ascii="{FFFFFF}| . ..... ...... ........ {E24B4B}t.me/primee_dev{FFFFFF} ...." hex=7B 46 46 46 46 46 46 7D 7C 20 C2 20 ED E0 F8 E5 EC 20 EA E0 ED E0 EB E5 20 D2 E5 EB E5 E3 F0 E0 EC 20 7B 45 32 34 42 34 42 7D 74 2E 6D 65 2F 70 72 69 6D 65 65 5F 64 65 76 7B 46 46 46 46 46 46 7D 20 E8 E4 B8 F2 
[12:55:58] [MSG] {FFFFFF}| В нашем канале Телеграм {E24B4B}t.me/primee_dev{FFFFFF} идёт
[12:55:58] [LUA] [RPC in] id=93
[12:55:58] [LUA] [merged] ServerMsg color=FFFFFFFFFFFFFFFF ascii="{FFFFFF}| . ....... ........" hex=7B 46 46 46 46 46 46 7D 7C 20 97 20 F0 E0 E7 E4 E0 F7 E0 20 EF EE E4 E0 F0 EA EE E2 
[12:55:58] [MSG] {FFFFFF}| — раздача подарков
[12:55:58] [LUA] [RPC in] id=93
[12:55:58] [LUA] [merged] ServerMsg color=FFFFFFFFFFFFFFFF ascii="{FFFFFF}| ... ....... ..... ........ . .. ...... ......." hex=7B 46 46 46 46 46 46 7D 7C 20 C4 EB FF 20 F3 F7 E0 F1 F2 E8 FF 20 ED F3 E6 ED EE 20 ED E0 EF E8 F1 E0 F2 FC 20 E2 20 CB D1 20 E3 F0 F3 EF EF FB 20 EA EE E4 EE E2 EE E5 
[12:55:58] [MSG] {FFFFFF}| Для участия нужно написать в ЛС группы кодовое
[12:55:58] [LUA] [RPC in] id=93
[12:55:58] [LUA] [merged] ServerMsg color=FFFFFFFFFFFFFFFF ascii="{FFFFFF}| . ..... {E24B4B}#...." hex=7B 46 46 46 46 46 46 7D 7C 20 97 20 F1 EB EE E2 EE 20 7B 45 32 34 42 34 42 7D 23 D5 CE D7 D3 
[12:55:58] [MSG] {FFFFFF}| — слово {E24B4B}#ХОЧУ
[12:55:58] [LUA] [RPC in] id=93
[12:55:58] [LUA] [merged] ServerMsg color=FFFFFFFFFFFFFFFF ascii=" " hex=20 
[12:55:58] [MSG]  
[12:55:58] [LUA] [RPC in] id=29
[12:55:58] [LUA] [RPC in] id=44
[12:55:58] [LUA] [RPC in] id=44
[12:55:58] [LUA] [RPC in] id=44
[12:55:58] [LUA] [RPC in] id=44
[12:55:58] [LUA] [RPC in] id=44
[12:55:58] [LUA] [RPC in] id=44
[12:55:58] [LUA] [RPC in] id=44
[12:55:58] [LUA] [RPC in] id=44
[12:55:58] [LUA] [RPC in] id=44
[12:55:58] [LUA] [RPC in] id=44
[12:55:58] [LUA] [RPC in] id=168
[12:55:58] [LUA] [RPC in] id=44
[12:55:58] [LUA] [RPC in] id=44
[12:55:58] [LUA] [RPC in] id=44
[12:55:58] [LUA] [RPC in] id=44
[12:55:58] [LUA] [RPC in] id=44
[12:55:58] [LUA] [RPC in] id=44
[12:55:58] [LUA] [RPC in] id=44
[12:55:58] [LUA] [RPC in] id=44
[12:55:58] [LUA] [RPC in] id=44
[12:55:58] [LUA] [RPC in] id=44
[12:55:58] [LUA] [RPC in] id=168
[12:55:58] [LUA] [RPC in] id=44
[12:55:58] [LUA] [RPC in] id=44
[12:55:58] [LUA] [RPC in] id=44
[12:55:58] [LUA] [RPC in] id=44
[12:55:58] [LUA] [RPC in] id=44
[12:55:58] [LUA] [RPC in] id=44
[12:55:58] [LUA] [RPC in] id=44
[12:55:58] [LUA] [RPC in] id=44
[12:55:58] [LUA] [RPC in] id=44
[12:55:58] [LUA] [RPC in] id=44
[12:55:58] [LUA] [RPC in] id=44
[12:55:58] [LUA] [RPC in] id=44
[12:55:58] [LUA] [RPC in] id=44
[12:55:58] [LUA] [RPC in] id=44
[12:55:58] [LUA] [RPC in] id=44
[12:55:58] [LUA] [RPC in] id=44
[12:55:58] [LUA] [RPC in] id=44
[12:55:58] [LUA] [RPC in] id=44
[12:55:58] [LUA] [RPC in] id=44
[12:55:58] [LUA] [RPC in] id=44
[12:55:58] [LUA] [RPC in] id=44
[12:55:58] [LUA] [RPC in] id=44
[12:55:58] [LUA] [RPC in] id=44
[12:55:59] [LUA] [RPC in] id=44
[12:55:59] [LUA] [RPC in] id=44
[12:55:59] [LUA] [RPC in] id=44
[12:55:59] [LUA] [RPC in] id=44
[12:55:59] [LUA] [RPC in] id=44
[12:55:59] [LUA] [RPC in] id=44
[12:55:59] [LUA] [RPC in] id=44
[12:55:59] [LUA] [RPC in] id=44
[12:55:59] [LUA] [RPC in] id=44
[12:55:59] [LUA] [RPC in] id=44
[12:55:59] [LUA] [RPC in] id=44
[12:55:59] [LUA] [RPC in] id=44
[12:55:59] [LUA] [RPC in] id=44
[12:55:59] [LUA] [RPC in] id=44
[12:55:59] [LUA] [RPC in] id=44
[12:55:59] [LUA] [RPC in] id=44
[12:55:59] [LUA] [RPC in] id=44
[12:55:59] [LUA] [RPC in] id=44
[12:55:59] [LUA] [RPC in] id=44
[12:55:59] [LUA] [RPC in] id=44
[12:55:59] [LUA] [RPC in] id=139
[12:55:59] [LUA] [merged] onInitGame playerId=1 host=PRIME RUSSIA classes=1
[12:55:59] [LUA] [merged] onInitGame: waiting for JSON GUI flow (screen 38/50)
[12:55:59] [NET] Connected to PRIME RUSSIA
[12:55:59] [RPC] >> Class 0 requested
[12:55:59] [LUA] [RPC in] id=157
[12:55:59] [LUA] [RPC in] id=158
[12:55:59] [LUA] [pkt in] id=252
[12:55:59] [LUA] [PR-IN] pkt=252 unread_bits=160
[12:55:59] [LUA] [PR-IN] screen=38 json_len=13 remaining=15
[12:55:59] [LUA] [PR-IN] trimming 2 leading bytes before JSON
[12:55:59] [LUA] [PR-IN] screen=38 json={"o":1,"r":0}
[12:55:59] [LUA] [PR-IN] screen=38 json={"o":1,"r":0}
[12:55:59] [LUA] [PR] GUI38 OPEN: REGISTRATION mode
[12:55:59] [LUA] [RPC in] id=41
[12:55:59] [AUDIO] 
[12:55:59] [LUA] [RPC in] id=168
[12:55:59] [LUA] [pkt in] id=251
[12:55:59] [LUA] [PR-IN] pkt=251 unread_bits=432
[12:55:59] [LUA] [PR-IN] screen=5 json_len=0 remaining=49
[12:55:59] [LUA] [PR-IN] screen=5 json=0http://wh3606.web3.maze-host.ru/music/enter_.mp3
[12:55:59] [LUA] [PR-IN] screen=5 json=0http://wh3606.web3.maze-host.ru/music/enter_.mp3
[12:55:59] [LUA] [pkt in] id=251
[12:55:59] [LUA] [PR-IN] pkt=251 unread_bits=432
[12:55:59] [LUA] [PR-IN] screen=5 json_len=0 remaining=49
[12:55:59] [LUA] [PR-IN] screen=5 json=0http://wh3606.web3.maze-host.ru/music/enter_.mp3
[12:55:59] [LUA] [PR-IN] screen=5 json=0http://wh3606.web3.maze-host.ru/music/enter_.mp3
[12:55:59] [LUA] [RPC in] id=128
[12:55:59] [LUA] [merged] RequestClassResponse canSpawn=true skin=0
[12:56:00] [LUA] [PR] REGISTER attempt=1 pw_len=15 skin=239
[12:56:00] [LUA] [PR-SEND mode=4A] screen=38 len=36 json={"t":1,"s":"","p":"[REDACTED_PASSWORD]"}
[12:56:00] [LUA] [RPC in] id=94
[12:56:00] [LUA] [RPC in] id=29
[12:56:00] [LUA] [RPC in] id=47
[12:56:00] [LUA] [RPC in] id=44
[12:56:00] [LUA] [RPC in] id=47
[12:56:00] [LUA] [RPC in] id=44
[12:56:00] [LUA] [RPC in] id=47
[12:56:00] [LUA] [RPC in] id=44
[12:56:00] [LUA] [RPC in] id=47
[12:56:00] [LUA] [RPC in] id=44
[12:56:00] [LUA] [RPC in] id=47
[12:56:00] [LUA] [RPC in] id=44
[12:56:00] [LUA] [RPC in] id=47
[12:56:00] [LUA] [RPC in] id=44
[12:56:00] [LUA] [RPC in] id=47
[12:56:00] [LUA] [RPC in] id=44
[12:56:00] [LUA] [RPC in] id=47
[12:56:00] [LUA] [RPC in] id=44
[12:56:00] [LUA] [PR-SEND mode=4A] screen=38 len=20 json={"t":2,"s":"","r":0}
[12:56:00] [LUA] [RPC in] id=47
[12:56:00] [LUA] [RPC in] id=44
[12:56:00] [LUA] [RPC in] id=47
[12:56:00] [LUA] [RPC in] id=44
[12:56:00] [LUA] [RPC in] id=47
[12:56:00] [LUA] [RPC in] id=44
[12:56:00] [LUA] [RPC in] id=47
[12:56:00] [LUA] [RPC in] id=44
[12:56:00] [LUA] [RPC in] id=47
[12:56:00] [LUA] [RPC in] id=44
[12:56:00] [LUA] [RPC in] id=47
[12:56:00] [LUA] [RPC in] id=44
[12:56:00] [LUA] [RPC in] id=47
[12:56:00] [LUA] [RPC in] id=44
[12:56:00] [LUA] [RPC in] id=47
[12:56:00] [LUA] [RPC in] id=44
[12:56:00] [LUA] [RPC in] id=47
[12:56:00] [LUA] [RPC in] id=44
[12:56:00] [LUA] [RPC in] id=47
[12:56:00] [LUA] [RPC in] id=44
[12:56:00] [LUA] [PR-SEND mode=4A] screen=38 len=14 json={"t":4,"s":""}
[12:56:01] [LUA] [PR-SEND mode=4A] screen=38 len=13 json={"t":3,"r":0}
[12:56:01] [LUA] [PR-SEND mode=4A] screen=38 len=15 json={"t":5,"r":239}
[12:56:01] [LUA] [PR-SEND mode=4A] screen=38 len=7 json={"c":1}
[12:56:01] [LUA] [PR] Registration sequence sent
[12:56:18] [LUA] [RPC in] id=60
[12:56:25] [LUA] [RPC in] id=47
[12:56:25] [LUA] [RPC in] id=44
[12:56:25] [LUA] [RPC in] id=47
[12:56:25] [LUA] [RPC in] id=44
[12:56:25] [LUA] [RPC in] id=47
[12:56:25] [LUA] [RPC in] id=44
[12:56:25] [LUA] [RPC in] id=47
[12:56:25] [LUA] [RPC in] id=44
[12:56:25] [LUA] [RPC in] id=47
[12:56:25] [LUA] [RPC in] id=44
[12:56:25] [LUA] [RPC in] id=47
[12:56:25] [LUA] [RPC in] id=44
[12:56:25] [LUA] [RPC in] id=47
[12:56:25] [LUA] [RPC in] id=44
[12:56:25] [LUA] [RPC in] id=47
[12:56:26] [LUA] [RPC in] id=44
[12:56:26] [LUA] [RPC in] id=47
[12:56:26] [LUA] [RPC in] id=44
[12:56:26] [LUA] [RPC in] id=47
[12:56:26] [LUA] [RPC in] id=44
[12:56:26] [LUA] [RPC in] id=47
[12:56:26] [LUA] [RPC in] id=44
[12:56:26] [LUA] [RPC in] id=47
[12:56:26] [LUA] [RPC in] id=44
[12:56:26] [LUA] [RPC in] id=47
[12:56:26] [LUA] [RPC in] id=44
[12:56:26] [LUA] [RPC in] id=47
[12:56:26] [LUA] [RPC in] id=44
[12:56:26] [LUA] [RPC in] id=47
[12:56:26] [LUA] [RPC in] id=44
[12:56:26] [LUA] [RPC in] id=47
[12:56:26] [LUA] [RPC in] id=44
[12:56:26] [LUA] [RPC in] id=47
[12:56:26] [LUA] [RPC in] id=44
[12:56:26] [LUA] [RPC in] id=47
[12:56:26] [LUA] [RPC in] id=44
[12:56:29] [LUA] [RPC in] id=47
[12:56:29] [LUA] [RPC in] id=44
[12:56:29] [LUA] [RPC in] id=47
[12:56:29] [LUA] [RPC in] id=44
[12:56:29] [LUA] [RPC in] id=47
[12:56:29] [LUA] [RPC in] id=44
[12:56:29] [LUA] [RPC in] id=47
[12:56:29] [LUA] [RPC in] id=44
[12:56:29] [LUA] [RPC in] id=47
[12:56:29] [LUA] [RPC in] id=44
[12:56:29] [LUA] [RPC in] id=47
[12:56:29] [LUA] [RPC in] id=44
[12:56:29] [LUA] [RPC in] id=47
[12:56:29] [LUA] [RPC in] id=44
[12:56:29] [LUA] [RPC in] id=47
[12:56:29] [LUA] [RPC in] id=44
[12:56:29] [LUA] [RPC in] id=47
[12:56:29] [LUA] [RPC in] id=44
[12:56:29] [LUA] [RPC in] id=47
[12:56:29] [LUA] [RPC in] id=44
[12:56:29] [LUA] [RPC in] id=47
[12:56:29] [LUA] [RPC in] id=44
[12:56:29] [LUA] [RPC in] id=47
[12:56:29] [LUA] [RPC in] id=44
[12:56:29] [LUA] [RPC in] id=47
[12:56:29] [LUA] [RPC in] id=44
[12:56:29] [LUA] [RPC in] id=47
[12:56:29] [LUA] [RPC in] id=44
[12:56:29] [LUA] [RPC in] id=47
[12:56:29] [LUA] [RPC in] id=44
[12:56:29] [LUA] [RPC in] id=47
[12:56:29] [LUA] [RPC in] id=44
[12:56:29] [LUA] [RPC in] id=47
[12:56:29] [LUA] [RPC in] id=44
[12:56:29] [LUA] [RPC in] id=47
[12:56:29] [LUA] [RPC in] id=44
[12:56:39] [LUA] [RPC in] id=72
[12:56:41] [LUA] [RPC in] id=151
[12:56:45] [LUA] [RPC in] id=151
[12:56:46] [LUA] [RPC in] id=151
[12:56:47] [LUA] [RPC in] id=151
[12:56:47] [LUA] [RPC in] id=72
[12:56:48] [LUA] [RPC in] id=151
[12:56:48] [LUA] [RPC in] id=151
[12:56:48] [LUA] [RPC in] id=151
[12:56:48] [LUA] [RPC in] id=60
[12:56:48] [LUA] [RPC in] id=151
[12:56:48] [LUA] [RPC in] id=72
[12:56:49] [LUA] [RPC in] id=151
[12:56:50] [LUA] [RPC in] id=151
[12:56:51] [LUA] [RPC in] id=151
[12:56:52] [LUA] [RPC in] id=151
[12:56:53] [LUA] [RPC in] id=151
[12:56:54] [LUA] [RPC in] id=47
[12:56:54] [LUA] [RPC in] id=44
[12:56:54] [LUA] [RPC in] id=47
[12:56:54] [LUA] [RPC in] id=44
[12:56:54] [LUA] [RPC in] id=47
[12:56:54] [LUA] [RPC in] id=44
[12:56:54] [LUA] [RPC in] id=47
[12:56:54] [LUA] [RPC in] id=44
[12:56:54] [LUA] [RPC in] id=47
[12:56:54] [LUA] [RPC in] id=44
[12:56:54] [LUA] [RPC in] id=47
[12:56:54] [LUA] [RPC in] id=44
[12:56:54] [LUA] [RPC in] id=47
[12:56:54] [LUA] [RPC in] id=44
[12:56:54] [LUA] [RPC in] id=47
[12:56:54] [LUA] [RPC in] id=44
[12:56:54] [LUA] [RPC in] id=47
[12:56:54] [LUA] [RPC in] id=44
[12:56:54] [LUA] [RPC in] id=47
[12:56:54] [LUA] [RPC in] id=44
[12:56:54] [LUA] [RPC in] id=47
[12:56:54] [LUA] [RPC in] id=44
[12:56:54] [LUA] [RPC in] id=47
[12:56:54] [LUA] [RPC in] id=44
[12:56:54] [LUA] [RPC in] id=47
[12:56:54] [LUA] [RPC in] id=44
[12:56:54] [LUA] [RPC in] id=47
[12:56:54] [LUA] [RPC in] id=44
[12:56:54] [LUA] [RPC in] id=47
[12:56:54] [LUA] [RPC in] id=44
[12:56:54] [LUA] [RPC in] id=47
[12:56:54] [LUA] [RPC in] id=44
[12:56:54] [LUA] [RPC in] id=47
[12:56:54] [LUA] [RPC in] id=44
[12:56:54] [LUA] [RPC in] id=47
[12:56:54] [LUA] [RPC in] id=44
[12:56:54] [LUA] [RPC in] id=151
[12:56:55] [LUA] [RPC in] id=151
[12:56:56] [LUA] [RPC in] id=151
[12:56:57] [LUA] [RPC in] id=47
[12:56:57] [LUA] [RPC in] id=44
[12:56:57] [LUA] [RPC in] id=47
[12:56:57] [LUA] [RPC in] id=44
[12:56:57] [LUA] [RPC in] id=47
[12:56:57] [LUA] [RPC in] id=44
[12:56:57] [LUA] [RPC in] id=47
[12:56:57] [LUA] [RPC in] id=44
[12:56:57] [LUA] [RPC in] id=47
[12:56:57] [LUA] [RPC in] id=44
[12:56:57] [LUA] [RPC in] id=47
[12:56:57] [LUA] [RPC in] id=44
[12:56:57] [LUA] [RPC in] id=47
[12:56:57] [LUA] [RPC in] id=44
[12:56:57] [LUA] [RPC in] id=47
[12:56:57] [LUA] [RPC in] id=44
[12:56:57] [LUA] [RPC in] id=47
[12:56:57] [LUA] [RPC in] id=44
[12:56:57] [LUA] [RPC in] id=47
[12:56:57] [LUA] [RPC in] id=44
[12:56:57] [LUA] [RPC in] id=47
[12:56:57] [LUA] [RPC in] id=44
[12:56:57] [LUA] [RPC in] id=47
[12:56:57] [LUA] [RPC in] id=44
[12:56:57] [LUA] [RPC in] id=47
[12:56:57] [LUA] [RPC in] id=44
[12:56:57] [LUA] [RPC in] id=47
[12:56:57] [LUA] [RPC in] id=44
[12:56:57] [LUA] [RPC in] id=47
[12:56:57] [LUA] [RPC in] id=44
[12:56:57] [LUA] [RPC in] id=47
[12:56:57] [LUA] [RPC in] id=44
[12:56:57] [LUA] [RPC in] id=47
[12:56:57] [LUA] [RPC in] id=44
[12:56:57] [LUA] [RPC in] id=47
[12:56:57] [LUA] [RPC in] id=44
[12:56:57] [LUA] [RPC in] id=151
[12:56:58] [LUA] [RPC in] id=151
[12:56:59] [LUA] [RPC in] id=151
[12:57:00] [LUA] [RPC in] id=94
[12:57:00] [LUA] [RPC in] id=29
[12:57:00] [LUA] [RPC in] id=151
[12:57:01] [LUA] [RPC in] id=151
[12:57:02] [LUA] [RPC in] id=151
[12:57:03] [LUA] [RPC in] id=151
[12:57:04] [LUA] [RPC in] id=151
[12:57:05] [LUA] [RPC in] id=151
[12:57:06] [LUA] [RPC in] id=151
[12:57:07] [LUA] [RPC in] id=151
[12:57:08] [LUA] [RPC in] id=151
[12:57:09] [LUA] [RPC in] id=151
[12:57:10] [LUA] [RPC in] id=151
[12:57:11] [LUA] [RPC in] id=151
[12:57:12] [LUA] [RPC in] id=151
[12:57:13] [LUA] [RPC in] id=151
[12:57:14] [LUA] [RPC in] id=151
[12:57:15] [LUA] [RPC in] id=151
[12:57:16] [LUA] [RPC in] id=151
[12:57:17] [LUA] [RPC in] id=151
[12:57:18] [LUA] [RPC in] id=60
[12:57:18] [LUA] [RPC in] id=151
[12:57:19] [LUA] [RPC in] id=151
[12:57:20] [LUA] [RPC in] id=151
[12:57:21] [LUA] [RPC in] id=151
[12:57:22] [LUA] [RPC in] id=151
[12:57:23] [LUA] [RPC in] id=47
[12:57:23] [LUA] [RPC in] id=44
[12:57:23] [LUA] [RPC in] id=47
[12:57:23] [LUA] [RPC in] id=44
[12:57:23] [LUA] [RPC in] id=47
[12:57:23] [LUA] [RPC in] id=44
[12:57:23] [LUA] [RPC in] id=47
[12:57:23] [LUA] [RPC in] id=44
[12:57:23] [LUA] [RPC in] id=47
[12:57:23] [LUA] [RPC in] id=44
[12:57:23] [LUA] [RPC in] id=47
[12:57:23] [LUA] [RPC in] id=44
[12:57:23] [LUA] [RPC in] id=47
[12:57:23] [LUA] [RPC in] id=44
[12:57:23] [LUA] [RPC in] id=47
[12:57:23] [LUA] [RPC in] id=44
[12:57:23] [LUA] [RPC in] id=47
[12:57:23] [LUA] [RPC in] id=44
[12:57:23] [LUA] [RPC in] id=47
[12:57:23] [LUA] [RPC in] id=44
[12:57:23] [LUA] [RPC in] id=47
[12:57:23] [LUA] [RPC in] id=44
[12:57:23] [LUA] [RPC in] id=47
[12:57:23] [LUA] [RPC in] id=44
[12:57:23] [LUA] [RPC in] id=47
[12:57:23] [LUA] [RPC in] id=44
[12:57:23] [LUA] [RPC in] id=47
[12:57:23] [LUA] [RPC in] id=44
[12:57:23] [LUA] [RPC in] id=47
[12:57:23] [LUA] [RPC in] id=44
[12:57:23] [LUA] [RPC in] id=47
[12:57:23] [LUA] [RPC in] id=44
[12:57:23] [LUA] [RPC in] id=47
[12:57:23] [LUA] [RPC in] id=44
[12:57:23] [LUA] [RPC in] id=47
[12:57:23] [LUA] [RPC in] id=44
[12:57:23] [LUA] [RPC in] id=151
[12:57:24] [LUA] [RPC in] id=151
[12:57:25] [LUA] [RPC in] id=151
[12:57:26] [LUA] [RPC in] id=47
[12:57:26] [LUA] [RPC in] id=44
[12:57:26] [LUA] [RPC in] id=47
[12:57:26] [LUA] [RPC in] id=44
[12:57:26] [LUA] [RPC in] id=47
[12:57:26] [LUA] [RPC in] id=44
[12:57:26] [LUA] [RPC in] id=47
[12:57:26] [LUA] [RPC in] id=44
[12:57:26] [LUA] [RPC in] id=47
[12:57:26] [LUA] [RPC in] id=44
[12:57:26] [LUA] [RPC in] id=47
[12:57:26] [LUA] [RPC in] id=44
[12:57:26] [LUA] [RPC in] id=47
[12:57:26] [LUA] [RPC in] id=44
[12:57:26] [LUA] [RPC in] id=47
[12:57:26] [LUA] [RPC in] id=44
[12:57:26] [LUA] [RPC in] id=47
[12:57:26] [LUA] [RPC in] id=44
[12:57:26] [LUA] [RPC in] id=47
[12:57:26] [LUA] [RPC in] id=44
[12:57:26] [LUA] [RPC in] id=47
[12:57:26] [LUA] [RPC in] id=44
[12:57:26] [LUA] [RPC in] id=47
[12:57:26] [LUA] [RPC in] id=44
[12:57:26] [LUA] [RPC in] id=47
[12:57:26] [LUA] [RPC in] id=44
[12:57:26] [LUA] [RPC in] id=47
[12:57:26] [LUA] [RPC in] id=44
[12:57:26] [LUA] [RPC in] id=47
[12:57:26] [LUA] [RPC in] id=44
[12:57:26] [LUA] [RPC in] id=47
[12:57:26] [LUA] [RPC in] id=44
[12:57:26] [LUA] [RPC in] id=47
[12:57:26] [LUA] [RPC in] id=44
[12:57:26] [LUA] [RPC in] id=47
[12:57:26] [LUA] [RPC in] id=44
[12:57:26] [LUA] [RPC in] id=151
[12:57:27] [LUA] [RPC in] id=151
[12:57:28] [LUA] [RPC in] id=151
[12:57:29] [LUA] [RPC in] id=151
[12:57:30] [LUA] [RPC in] id=151
[12:57:31] [LUA] [RPC in] id=151
[12:57:32] [LUA] [RPC in] id=151
[12:57:33] [LUA] [RPC in] id=151
[12:57:34] [LUA] [RPC in] id=151
[12:57:35] [LUA] [RPC in] id=151
[12:57:36] [LUA] [RPC in] id=151
[12:57:37] [LUA] [RPC in] id=151
[12:57:38] [LUA] [RPC in] id=151
[12:57:39] [LUA] [RPC in] id=151
[12:57:40] [LUA] [RPC in] id=151
[12:57:41] [LUA] [RPC in] id=151
[12:57:42] [LUA] [RPC in] id=151
[12:57:43] [LUA] [RPC in] id=151
[12:57:44] [LUA] [RPC in] id=151
[12:57:45] [LUA] [RPC in] id=151
[12:57:46] [LUA] [RPC in] id=151
[12:57:47] [LUA] [RPC in] id=151
[12:57:48] [LUA] [RPC in] id=60
[12:57:48] [LUA] [RPC in] id=151
[12:57:49] [LUA] [RPC in] id=151
[12:57:50] [LUA] [RPC in] id=151
[12:57:51] [LUA] [RPC in] id=47
[12:57:51] [LUA] [RPC in] id=44
[12:57:51] [LUA] [RPC in] id=47
[12:57:51] [LUA] [RPC in] id=44
[12:57:51] [LUA] [RPC in] id=47
[12:57:51] [LUA] [RPC in] id=44
[12:57:51] [LUA] [RPC in] id=47
[12:57:51] [LUA] [RPC in] id=44
[12:57:51] [LUA] [RPC in] id=47
[12:57:51] [LUA] [RPC in] id=44
[12:57:51] [LUA] [RPC in] id=47
[12:57:51] [LUA] [RPC in] id=44
[12:57:51] [LUA] [RPC in] id=47
[12:57:51] [LUA] [RPC in] id=44
[12:57:51] [LUA] [RPC in] id=47
[12:57:51] [LUA] [RPC in] id=44
[12:57:51] [LUA] [RPC in] id=47
[12:57:51] [LUA] [RPC in] id=44
[12:57:51] [LUA] [RPC in] id=47
[12:57:51] [LUA] [RPC in] id=44
[12:57:51] [LUA] [RPC in] id=47
[12:57:51] [LUA] [RPC in] id=44
[12:57:51] [LUA] [RPC in] id=47
[12:57:51] [LUA] [RPC in] id=44
[12:57:51] [LUA] [RPC in] id=47
[12:57:51] [LUA] [RPC in] id=44
[12:57:51] [LUA] [RPC in] id=47
[12:57:51] [LUA] [RPC in] id=44
[12:57:51] [LUA] [RPC in] id=47
[12:57:51] [LUA] [RPC in] id=44
[12:57:51] [LUA] [RPC in] id=47
[12:57:51] [LUA] [RPC in] id=44
[12:57:51] [LUA] [RPC in] id=47
[12:57:51] [LUA] [RPC in] id=44
[12:57:51] [LUA] [RPC in] id=47
[12:57:51] [LUA] [RPC in] id=44
[12:57:51] [LUA] [RPC in] id=151
[12:57:52] [LUA] [RPC in] id=151
[12:57:53] [LUA] [RPC in] id=151
[12:57:54] [LUA] [RPC in] id=47
[12:57:54] [LUA] [RPC in] id=44
[12:57:54] [LUA] [RPC in] id=47
[12:57:54] [LUA] [RPC in] id=44
[12:57:54] [LUA] [RPC in] id=47
[12:57:54] [LUA] [RPC in] id=44
[12:57:54] [LUA] [RPC in] id=47
[12:57:54] [LUA] [RPC in] id=44
[12:57:54] [LUA] [RPC in] id=47
[12:57:54] [LUA] [RPC in] id=44
[12:57:54] [LUA] [RPC in] id=47
[12:57:54] [LUA] [RPC in] id=44
[12:57:54] [LUA] [RPC in] id=47
[12:57:54] [LUA] [RPC in] id=44
[12:57:54] [LUA] [RPC in] id=47
[12:57:54] [LUA] [RPC in] id=44
[12:57:54] [LUA] [RPC in] id=47
[12:57:54] [LUA] [RPC in] id=44
[12:57:54] [LUA] [RPC in] id=47
[12:57:54] [LUA] [RPC in] id=44
[12:57:54] [LUA] [RPC in] id=47
[12:57:54] [LUA] [RPC in] id=44
[12:57:54] [LUA] [RPC in] id=47
[12:57:54] [LUA] [RPC in] id=44
[12:57:54] [LUA] [RPC in] id=47
[12:57:54] [LUA] [RPC in] id=44
[12:57:54] [LUA] [RPC in] id=47
[12:57:54] [LUA] [RPC in] id=44
[12:57:54] [LUA] [RPC in] id=47
[12:57:54] [LUA] [RPC in] id=44
[12:57:54] [LUA] [RPC in] id=47
[12:57:54] [LUA] [RPC in] id=44
[12:57:54] [LUA] [RPC in] id=47
[12:57:54] [LUA] [RPC in] id=44
[12:57:54] [LUA] [RPC in] id=47
[12:57:54] [LUA] [RPC in] id=44
[12:57:54] [LUA] [RPC in] id=151
[12:57:55] [LUA] [RPC in] id=151
[12:57:56] [LUA] [RPC in] id=151
[12:57:57] [LUA] [RPC in] id=151
[12:57:58] [LUA] [RPC in] id=151
[12:57:59] [LUA] [RPC in] id=151
[12:58:00] [LUA] [RPC in] id=94
[12:58:00] [LUA] [RPC in] id=29
[12:58:00] [LUA] [RPC in] id=151

---------- bot2_Alexey_Petrov/lite_debug.log ----------
2026-03-30 12:55:57 ========== blasthk_aim_and_ping_merged onLoad ==========
2026-03-30 12:55:57 [merged] aim_fix + send_ping_fix + PRIME RUSSIA GUI handler
2026-03-30 12:55:57 [merged] GUI packets: in=251/252 out=251
2026-03-30 12:55:57 [merged] pw_len=15
2026-03-30 12:55:57 [merged] samp.events callbacks registered via MODULE
2026-03-30 12:55:58 [pkt in] id=12
2026-03-30 12:55:58 [pkt in] id=34
2026-03-30 12:55:58 [merged] ConnectionRequestAccepted ip=1575804690 port=21215 playerId=1
2026-03-30 12:55:58 [pkt in] id=41
2026-03-30 12:55:58 [RPC in] id=60
2026-03-30 12:55:58 [RPC in] id=14
2026-03-30 12:55:58 [RPC in] id=66
2026-03-30 12:55:58 [RPC in] id=21
2026-03-30 12:55:58 [RPC in] id=93
2026-03-30 12:55:58 [merged] ServerMsg color=FFFFFFFFFFFFFFFF ascii=" " hex=20 
2026-03-30 12:55:58 [RPC in] id=93
2026-03-30 12:55:58 [merged] ServerMsg color=FFFFFFFFFFFFFFFF ascii=" " hex=20 
2026-03-30 12:55:58 [RPC in] id=93
2026-03-30 12:55:58 [merged] ServerMsg color=FFFFFFFFFFFFFFFF ascii=" " hex=20 
2026-03-30 12:55:58 [RPC in] id=93
2026-03-30 12:55:58 [merged] ServerMsg color=FFFFFFFFFFFFFFFF ascii=" " hex=20 
2026-03-30 12:55:58 [RPC in] id=93
2026-03-30 12:55:58 [merged] ServerMsg color=FFFFFFFFFFFFFFFF ascii=" " hex=20 
2026-03-30 12:55:58 [RPC in] id=93
2026-03-30 12:55:58 [merged] ServerMsg color=FFFFFFFFFFFFFFFF ascii=" " hex=20 
2026-03-30 12:55:58 [RPC in] id=93
2026-03-30 12:55:58 [merged] ServerMsg color=FFFFFFFFFFFFFFFF ascii=" " hex=20 
2026-03-30 12:55:58 [RPC in] id=93
2026-03-30 12:55:58 [merged] ServerMsg color=FFFFFFFFFFFFFFFF ascii=" " hex=20 
2026-03-30 12:55:58 [RPC in] id=93
2026-03-30 12:55:58 [merged] ServerMsg color=FFFFFFFFFFFFFFFF ascii=" " hex=20 
2026-03-30 12:55:58 [RPC in] id=93
2026-03-30 12:55:58 [merged] ServerMsg color=FFFFFFFFFFFFFFFF ascii=" " hex=20 
2026-03-30 12:55:58 [RPC in] id=93
2026-03-30 12:55:58 [merged] ServerMsg color=FFFFFFFFFFFFFFFF ascii=" " hex=20 
2026-03-30 12:55:58 [RPC in] id=93
2026-03-30 12:55:58 [merged] ServerMsg color=FFFFFFFFFFFFFFFF ascii=" " hex=20 
2026-03-30 12:55:58 [RPC in] id=93
2026-03-30 12:55:58 [merged] ServerMsg color=FFFFFFFFFFFFFFFF ascii=" " hex=20 
2026-03-30 12:55:58 [RPC in] id=93
2026-03-30 12:55:58 [merged] ServerMsg color=FFFFFFFFFFFFFFFF ascii=" " hex=20 
2026-03-30 12:55:58 [RPC in] id=93
2026-03-30 12:55:58 [merged] ServerMsg color=FFFFFFFFFFFFFFFF ascii=" " hex=20 
2026-03-30 12:55:58 [RPC in] id=93
2026-03-30 12:55:58 [merged] ServerMsg color=FFFFFFFFFFFFFFFF ascii=" " hex=20 
2026-03-30 12:55:58 [RPC in] id=93
2026-03-30 12:55:58 [merged] ServerMsg color=FFFFFFFFFFFFFFFF ascii=" " hex=20 
2026-03-30 12:55:58 [RPC in] id=93
2026-03-30 12:55:58 [merged] ServerMsg color=FFFFFFFFFFFFFFFF ascii=" " hex=20 
2026-03-30 12:55:58 [RPC in] id=93
2026-03-30 12:55:58 [merged] ServerMsg color=FFFFFFFFFFFFFFFF ascii=" " hex=20 
2026-03-30 12:55:58 [RPC in] id=93
2026-03-30 12:55:58 [merged] ServerMsg color=FFFFFFFFFFFFFFFF ascii=" " hex=20 
2026-03-30 12:55:58 [RPC in] id=93
2026-03-30 12:55:58 [merged] ServerMsg color=FFFFFFFFFFFFFFFF ascii=" " hex=20 
2026-03-30 12:55:58 [RPC in] id=93
2026-03-30 12:55:58 [merged] ServerMsg color=FFFFFFFFFFFFFFFF ascii=" " hex=20 
2026-03-30 12:55:58 [RPC in] id=93
2026-03-30 12:55:58 [merged] ServerMsg color=FFFFFFFFFFFFFFFF ascii=" " hex=20 
2026-03-30 12:55:58 [RPC in] id=93
2026-03-30 12:55:58 [merged] ServerMsg color=FFFFFFFFFFFFFFFF ascii=" " hex=20 
2026-03-30 12:55:58 [RPC in] id=93
2026-03-30 12:55:58 [merged] ServerMsg color=FFFFFFFFFFFFFFFF ascii=" " hex=20 
2026-03-30 12:55:58 [RPC in] id=93
2026-03-30 12:55:58 [merged] ServerMsg color=FFFFFFFFFFFFFFFF ascii=" " hex=20 
2026-03-30 12:55:58 [RPC in] id=168
2026-03-30 12:55:58 [RPC in] id=168
2026-03-30 12:55:58 [RPC in] id=168
2026-03-30 12:55:58 [RPC in] id=93
2026-03-30 12:55:58 [merged] ServerMsg color=FFFFFFFFFFFFFFFF ascii="{FFFFFF}| ..... .......... .. {E24B4B}PRIME RUSSIA{FFFFFF}, ...... ." hex=7B 46 46 46 46 46 46 7D 7C 20 C4 EE E1 F0 EE 20 EF EE E6 E0 EB EE E2 E0 F2 FC 20 ED E0 20 7B 45 32 34 42 34 42 7D 50 52 49 4D 45 20 52 55 53 53 49 41 7B 46 46 46 46 46 46 7D 2C 20 F1 E5 F0 E2 E5 F0 20 97 
2026-03-30 12:55:58 [RPC in] id=93
2026-03-30 12:55:58 [merged] ServerMsg color=FFFFFFFFFFFFFFFF ascii="{FFFFFF}| . {E24B4B}RED" hex=7B 46 46 46 46 46 46 7D 7C 20 97 20 7B 45 32 34 42 34 42 7D 52 45 44 
2026-03-30 12:55:58 [RPC in] id=93
2026-03-30 12:55:58 [merged] ServerMsg color=FFFFFFFFFFFFFFFF ascii="{FFFFFF}| . ..... ...... ........ {E24B4B}t.me/primee_dev{FFFFFF} ...." hex=7B 46 46 46 46 46 46 7D 7C 20 C2 20 ED E0 F8 E5 EC 20 EA E0 ED E0 EB E5 20 D2 E5 EB E5 E3 F0 E0 EC 20 7B 45 32 34 42 34 42 7D 74 2E 6D 65 2F 70 72 69 6D 65 65 5F 64 65 76 7B 46 46 46 46 46 46 7D 20 E8 E4 B8 F2 
2026-03-30 12:55:58 [RPC in] id=93
2026-03-30 12:55:58 [merged] ServerMsg color=FFFFFFFFFFFFFFFF ascii="{FFFFFF}| . ....... ........" hex=7B 46 46 46 46 46 46 7D 7C 20 97 20 F0 E0 E7 E4 E0 F7 E0 20 EF EE E4 E0 F0 EA EE E2 
2026-03-30 12:55:58 [RPC in] id=93
2026-03-30 12:55:58 [merged] ServerMsg color=FFFFFFFFFFFFFFFF ascii="{FFFFFF}| ... ....... ..... ........ . .. ...... ......." hex=7B 46 46 46 46 46 46 7D 7C 20 C4 EB FF 20 F3 F7 E0 F1 F2 E8 FF 20 ED F3 E6 ED EE 20 ED E0 EF E8 F1 E0 F2 FC 20 E2 20 CB D1 20 E3 F0 F3 EF EF FB 20 EA EE E4 EE E2 EE E5 
2026-03-30 12:55:58 [RPC in] id=93
2026-03-30 12:55:58 [merged] ServerMsg color=FFFFFFFFFFFFFFFF ascii="{FFFFFF}| . ..... {E24B4B}#...." hex=7B 46 46 46 46 46 46 7D 7C 20 97 20 F1 EB EE E2 EE 20 7B 45 32 34 42 34 42 7D 23 D5 CE D7 D3 
2026-03-30 12:55:58 [RPC in] id=93
2026-03-30 12:55:58 [merged] ServerMsg color=FFFFFFFFFFFFFFFF ascii=" " hex=20 
2026-03-30 12:55:58 [RPC in] id=29
2026-03-30 12:55:58 [RPC in] id=44
2026-03-30 12:55:58 [RPC in] id=44
2026-03-30 12:55:58 [RPC in] id=44
2026-03-30 12:55:58 [RPC in] id=44
2026-03-30 12:55:58 [RPC in] id=44
2026-03-30 12:55:58 [RPC in] id=44
2026-03-30 12:55:58 [RPC in] id=44
2026-03-30 12:55:58 [RPC in] id=44
2026-03-30 12:55:58 [RPC in] id=44
2026-03-30 12:55:58 [RPC in] id=44
2026-03-30 12:55:58 [RPC in] id=168
2026-03-30 12:55:58 [RPC in] id=44
2026-03-30 12:55:58 [RPC in] id=44
2026-03-30 12:55:58 [RPC in] id=44
2026-03-30 12:55:58 [RPC in] id=44
2026-03-30 12:55:58 [RPC in] id=44
2026-03-30 12:55:58 [RPC in] id=44
2026-03-30 12:55:58 [RPC in] id=44
2026-03-30 12:55:58 [RPC in] id=44
2026-03-30 12:55:58 [RPC in] id=44
2026-03-30 12:55:58 [RPC in] id=44
2026-03-30 12:55:58 [RPC in] id=168
2026-03-30 12:55:58 [RPC in] id=44
2026-03-30 12:55:58 [RPC in] id=44
2026-03-30 12:55:58 [RPC in] id=44
2026-03-30 12:55:58 [RPC in] id=44
2026-03-30 12:55:58 [RPC in] id=44
2026-03-30 12:55:58 [RPC in] id=44
2026-03-30 12:55:58 [RPC in] id=44
2026-03-30 12:55:58 [RPC in] id=44
2026-03-30 12:55:58 [RPC in] id=44
2026-03-30 12:55:58 [RPC in] id=44
2026-03-30 12:55:58 [RPC in] id=44
2026-03-30 12:55:58 [RPC in] id=44
2026-03-30 12:55:58 [RPC in] id=44
2026-03-30 12:55:58 [RPC in] id=44
2026-03-30 12:55:58 [RPC in] id=44
2026-03-30 12:55:58 [RPC in] id=44
2026-03-30 12:55:58 [RPC in] id=44
2026-03-30 12:55:58 [RPC in] id=44
2026-03-30 12:55:58 [RPC in] id=44
2026-03-30 12:55:58 [RPC in] id=44
2026-03-30 12:55:58 [RPC in] id=44
2026-03-30 12:55:58 [RPC in] id=44
2026-03-30 12:55:58 [RPC in] id=44
2026-03-30 12:55:59 [RPC in] id=44
2026-03-30 12:55:59 [RPC in] id=44
2026-03-30 12:55:59 [RPC in] id=44
2026-03-30 12:55:59 [RPC in] id=44
2026-03-30 12:55:59 [RPC in] id=44
2026-03-30 12:55:59 [RPC in] id=44
2026-03-30 12:55:59 [RPC in] id=44
2026-03-30 12:55:59 [RPC in] id=44
2026-03-30 12:55:59 [RPC in] id=44
2026-03-30 12:55:59 [RPC in] id=44
2026-03-30 12:55:59 [RPC in] id=44
2026-03-30 12:55:59 [RPC in] id=44
2026-03-30 12:55:59 [RPC in] id=44
2026-03-30 12:55:59 [RPC in] id=44
2026-03-30 12:55:59 [RPC in] id=44
2026-03-30 12:55:59 [RPC in] id=44
2026-03-30 12:55:59 [RPC in] id=44
2026-03-30 12:55:59 [RPC in] id=44
2026-03-30 12:55:59 [RPC in] id=44
2026-03-30 12:55:59 [RPC in] id=44
2026-03-30 12:55:59 [RPC in] id=139
2026-03-30 12:55:59 [merged] onInitGame playerId=1 host=PRIME RUSSIA classes=1
2026-03-30 12:55:59 [merged] onInitGame: waiting for JSON GUI flow (screen 38/50)
2026-03-30 12:55:59 [RPC in] id=157
2026-03-30 12:55:59 [RPC in] id=158
2026-03-30 12:55:59 [pkt in] id=252
2026-03-30 12:55:59 [PR-IN] pkt=252 unread_bits=160
2026-03-30 12:55:59 [PR-IN] screen=38 json_len=13 remaining=15
2026-03-30 12:55:59 [PR-IN] trimming 2 leading bytes before JSON
2026-03-30 12:55:59 [PR-IN] screen=38 json={"o":1,"r":0}
2026-03-30 12:55:59 [PR-IN] screen=38 json={"o":1,"r":0}
2026-03-30 12:55:59 [PR] GUI38 OPEN: REGISTRATION mode
2026-03-30 12:55:59 [RPC in] id=41
2026-03-30 12:55:59 [RPC in] id=168
2026-03-30 12:55:59 [pkt in] id=251
2026-03-30 12:55:59 [PR-IN] pkt=251 unread_bits=432
2026-03-30 12:55:59 [PR-IN] screen=5 json_len=0 remaining=49
2026-03-30 12:55:59 [PR-IN] screen=5 json=0http://wh3606.web3.maze-host.ru/music/enter_.mp3
2026-03-30 12:55:59 [PR-IN] screen=5 json=0http://wh3606.web3.maze-host.ru/music/enter_.mp3
2026-03-30 12:55:59 [pkt in] id=251
2026-03-30 12:55:59 [PR-IN] pkt=251 unread_bits=432
2026-03-30 12:55:59 [PR-IN] screen=5 json_len=0 remaining=49
2026-03-30 12:55:59 [PR-IN] screen=5 json=0http://wh3606.web3.maze-host.ru/music/enter_.mp3
2026-03-30 12:55:59 [PR-IN] screen=5 json=0http://wh3606.web3.maze-host.ru/music/enter_.mp3
2026-03-30 12:55:59 [RPC in] id=128
2026-03-30 12:55:59 [merged] RequestClassResponse canSpawn=true skin=0
2026-03-30 12:56:00 [PR] REGISTER attempt=1 pw_len=15 skin=239
2026-03-30 12:56:00 [PR-SEND mode=4A] screen=38 len=36 json={"t":1,"s":"","p":"[REDACTED_PASSWORD]"}
2026-03-30 12:56:00 [RPC in] id=94
2026-03-30 12:56:00 [RPC in] id=29
2026-03-30 12:56:00 [RPC in] id=47
2026-03-30 12:56:00 [RPC in] id=44
2026-03-30 12:56:00 [RPC in] id=47
2026-03-30 12:56:00 [RPC in] id=44
2026-03-30 12:56:00 [RPC in] id=47
2026-03-30 12:56:00 [RPC in] id=44
2026-03-30 12:56:00 [RPC in] id=47
2026-03-30 12:56:00 [RPC in] id=44
2026-03-30 12:56:00 [RPC in] id=47
2026-03-30 12:56:00 [RPC in] id=44
2026-03-30 12:56:00 [RPC in] id=47
2026-03-30 12:56:00 [RPC in] id=44
2026-03-30 12:56:00 [RPC in] id=47
2026-03-30 12:56:00 [RPC in] id=44
2026-03-30 12:56:00 [RPC in] id=47
2026-03-30 12:56:00 [RPC in] id=44
2026-03-30 12:56:00 [PR-SEND mode=4A] screen=38 len=20 json={"t":2,"s":"","r":0}
2026-03-30 12:56:00 [RPC in] id=47
2026-03-30 12:56:00 [RPC in] id=44
2026-03-30 12:56:00 [RPC in] id=47
2026-03-30 12:56:00 [RPC in] id=44
2026-03-30 12:56:00 [RPC in] id=47
2026-03-30 12:56:00 [RPC in] id=44
2026-03-30 12:56:00 [RPC in] id=47
2026-03-30 12:56:00 [RPC in] id=44
2026-03-30 12:56:00 [RPC in] id=47
2026-03-30 12:56:00 [RPC in] id=44
2026-03-30 12:56:00 [RPC in] id=47
2026-03-30 12:56:00 [RPC in] id=44
2026-03-30 12:56:00 [RPC in] id=47
2026-03-30 12:56:00 [RPC in] id=44
2026-03-30 12:56:00 [RPC in] id=47
2026-03-30 12:56:00 [RPC in] id=44
2026-03-30 12:56:00 [RPC in] id=47
2026-03-30 12:56:00 [RPC in] id=44
2026-03-30 12:56:00 [RPC in] id=47
2026-03-30 12:56:00 [RPC in] id=44
2026-03-30 12:56:00 [PR-SEND mode=4A] screen=38 len=14 json={"t":4,"s":""}
2026-03-30 12:56:01 [PR-SEND mode=4A] screen=38 len=13 json={"t":3,"r":0}
2026-03-30 12:56:01 [PR-SEND mode=4A] screen=38 len=15 json={"t":5,"r":239}
2026-03-30 12:56:01 [PR-SEND mode=4A] screen=38 len=7 json={"c":1}
2026-03-30 12:56:01 [PR] Registration sequence sent
2026-03-30 12:56:18 [RPC in] id=60
2026-03-30 12:56:25 [RPC in] id=47
2026-03-30 12:56:25 [RPC in] id=44
2026-03-30 12:56:25 [RPC in] id=47
2026-03-30 12:56:25 [RPC in] id=44
2026-03-30 12:56:25 [RPC in] id=47
2026-03-30 12:56:25 [RPC in] id=44
2026-03-30 12:56:25 [RPC in] id=47
2026-03-30 12:56:25 [RPC in] id=44
2026-03-30 12:56:25 [RPC in] id=47
2026-03-30 12:56:25 [RPC in] id=44
2026-03-30 12:56:25 [RPC in] id=47
2026-03-30 12:56:25 [RPC in] id=44
2026-03-30 12:56:25 [RPC in] id=47
2026-03-30 12:56:25 [RPC in] id=44
2026-03-30 12:56:25 [RPC in] id=47
2026-03-30 12:56:26 [RPC in] id=44
2026-03-30 12:56:26 [RPC in] id=47
2026-03-30 12:56:26 [RPC in] id=44
2026-03-30 12:56:26 [RPC in] id=47
2026-03-30 12:56:26 [RPC in] id=44
2026-03-30 12:56:26 [RPC in] id=47
2026-03-30 12:56:26 [RPC in] id=44
2026-03-30 12:56:26 [RPC in] id=47
2026-03-30 12:56:26 [RPC in] id=44
2026-03-30 12:56:26 [RPC in] id=47
2026-03-30 12:56:26 [RPC in] id=44
2026-03-30 12:56:26 [RPC in] id=47
2026-03-30 12:56:26 [RPC in] id=44
2026-03-30 12:56:26 [RPC in] id=47
2026-03-30 12:56:26 [RPC in] id=44
2026-03-30 12:56:26 [RPC in] id=47
2026-03-30 12:56:26 [RPC in] id=44
2026-03-30 12:56:26 [RPC in] id=47
2026-03-30 12:56:26 [RPC in] id=44
2026-03-30 12:56:26 [RPC in] id=47
2026-03-30 12:56:26 [RPC in] id=44
2026-03-30 12:56:29 [RPC in] id=47
2026-03-30 12:56:29 [RPC in] id=44
2026-03-30 12:56:29 [RPC in] id=47
2026-03-30 12:56:29 [RPC in] id=44
2026-03-30 12:56:29 [RPC in] id=47
2026-03-30 12:56:29 [RPC in] id=44
2026-03-30 12:56:29 [RPC in] id=47
2026-03-30 12:56:29 [RPC in] id=44
2026-03-30 12:56:29 [RPC in] id=47
2026-03-30 12:56:29 [RPC in] id=44
2026-03-30 12:56:29 [RPC in] id=47
2026-03-30 12:56:29 [RPC in] id=44
2026-03-30 12:56:29 [RPC in] id=47
2026-03-30 12:56:29 [RPC in] id=44
2026-03-30 12:56:29 [RPC in] id=47
2026-03-30 12:56:29 [RPC in] id=44
2026-03-30 12:56:29 [RPC in] id=47
2026-03-30 12:56:29 [RPC in] id=44
2026-03-30 12:56:29 [RPC in] id=47
2026-03-30 12:56:29 [RPC in] id=44
2026-03-30 12:56:29 [RPC in] id=47
2026-03-30 12:56:29 [RPC in] id=44
2026-03-30 12:56:29 [RPC in] id=47
2026-03-30 12:56:29 [RPC in] id=44
2026-03-30 12:56:29 [RPC in] id=47
2026-03-30 12:56:29 [RPC in] id=44
2026-03-30 12:56:29 [RPC in] id=47
2026-03-30 12:56:29 [RPC in] id=44
2026-03-30 12:56:29 [RPC in] id=47
2026-03-30 12:56:29 [RPC in] id=44
2026-03-30 12:56:29 [RPC in] id=47
2026-03-30 12:56:29 [RPC in] id=44
2026-03-30 12:56:29 [RPC in] id=47
2026-03-30 12:56:29 [RPC in] id=44
2026-03-30 12:56:29 [RPC in] id=47
2026-03-30 12:56:29 [RPC in] id=44
2026-03-30 12:56:39 [RPC in] id=72
2026-03-30 12:56:41 [RPC in] id=151
2026-03-30 12:56:45 [RPC in] id=151
2026-03-30 12:56:46 [RPC in] id=151
2026-03-30 12:56:47 [RPC in] id=151
2026-03-30 12:56:47 [RPC in] id=72
2026-03-30 12:56:48 [RPC in] id=151
2026-03-30 12:56:48 [RPC in] id=151
2026-03-30 12:56:48 [RPC in] id=151
2026-03-30 12:56:48 [RPC in] id=60
2026-03-30 12:56:48 [RPC in] id=151
2026-03-30 12:56:48 [RPC in] id=72
2026-03-30 12:56:49 [RPC in] id=151
2026-03-30 12:56:50 [RPC in] id=151
2026-03-30 12:56:51 [RPC in] id=151
2026-03-30 12:56:52 [RPC in] id=151
2026-03-30 12:56:53 [RPC in] id=151
2026-03-30 12:56:54 [RPC in] id=47
2026-03-30 12:56:54 [RPC in] id=44
2026-03-30 12:56:54 [RPC in] id=47
2026-03-30 12:56:54 [RPC in] id=44
2026-03-30 12:56:54 [RPC in] id=47
2026-03-30 12:56:54 [RPC in] id=44
2026-03-30 12:56:54 [RPC in] id=47
2026-03-30 12:56:54 [RPC in] id=44
2026-03-30 12:56:54 [RPC in] id=47
2026-03-30 12:56:54 [RPC in] id=44
2026-03-30 12:56:54 [RPC in] id=47
2026-03-30 12:56:54 [RPC in] id=44
2026-03-30 12:56:54 [RPC in] id=47
2026-03-30 12:56:54 [RPC in] id=44
2026-03-30 12:56:54 [RPC in] id=47
2026-03-30 12:56:54 [RPC in] id=44
2026-03-30 12:56:54 [RPC in] id=47
2026-03-30 12:56:54 [RPC in] id=44
2026-03-30 12:56:54 [RPC in] id=47
2026-03-30 12:56:54 [RPC in] id=44
2026-03-30 12:56:54 [RPC in] id=47
2026-03-30 12:56:54 [RPC in] id=44
2026-03-30 12:56:54 [RPC in] id=47
2026-03-30 12:56:54 [RPC in] id=44
2026-03-30 12:56:54 [RPC in] id=47
2026-03-30 12:56:54 [RPC in] id=44
2026-03-30 12:56:54 [RPC in] id=47
2026-03-30 12:56:54 [RPC in] id=44
2026-03-30 12:56:54 [RPC in] id=47
2026-03-30 12:56:54 [RPC in] id=44
2026-03-30 12:56:54 [RPC in] id=47
2026-03-30 12:56:54 [RPC in] id=44
2026-03-30 12:56:54 [RPC in] id=47
2026-03-30 12:56:54 [RPC in] id=44
2026-03-30 12:56:54 [RPC in] id=47
2026-03-30 12:56:54 [RPC in] id=44
2026-03-30 12:56:54 [RPC in] id=151
2026-03-30 12:56:55 [RPC in] id=151
2026-03-30 12:56:56 [RPC in] id=151
2026-03-30 12:56:57 [RPC in] id=47
2026-03-30 12:56:57 [RPC in] id=44
2026-03-30 12:56:57 [RPC in] id=47
2026-03-30 12:56:57 [RPC in] id=44
2026-03-30 12:56:57 [RPC in] id=47
2026-03-30 12:56:57 [RPC in] id=44
2026-03-30 12:56:57 [RPC in] id=47
2026-03-30 12:56:57 [RPC in] id=44
2026-03-30 12:56:57 [RPC in] id=47
2026-03-30 12:56:57 [RPC in] id=44
2026-03-30 12:56:57 [RPC in] id=47
2026-03-30 12:56:57 [RPC in] id=44
2026-03-30 12:56:57 [RPC in] id=47
2026-03-30 12:56:57 [RPC in] id=44
2026-03-30 12:56:57 [RPC in] id=47
2026-03-30 12:56:57 [RPC in] id=44
2026-03-30 12:56:57 [RPC in] id=47
2026-03-30 12:56:57 [RPC in] id=44
2026-03-30 12:56:57 [RPC in] id=47
2026-03-30 12:56:57 [RPC in] id=44
2026-03-30 12:56:57 [RPC in] id=47
2026-03-30 12:56:57 [RPC in] id=44
2026-03-30 12:56:57 [RPC in] id=47
2026-03-30 12:56:57 [RPC in] id=44
2026-03-30 12:56:57 [RPC in] id=47
2026-03-30 12:56:57 [RPC in] id=44
2026-03-30 12:56:57 [RPC in] id=47
2026-03-30 12:56:57 [RPC in] id=44
2026-03-30 12:56:57 [RPC in] id=47
2026-03-30 12:56:57 [RPC in] id=44
2026-03-30 12:56:57 [RPC in] id=47
2026-03-30 12:56:57 [RPC in] id=44
2026-03-30 12:56:57 [RPC in] id=47
2026-03-30 12:56:57 [RPC in] id=44
2026-03-30 12:56:57 [RPC in] id=47
2026-03-30 12:56:57 [RPC in] id=44
2026-03-30 12:56:57 [RPC in] id=151
2026-03-30 12:56:58 [RPC in] id=151
2026-03-30 12:56:59 [RPC in] id=151
2026-03-30 12:57:00 [RPC in] id=94
2026-03-30 12:57:00 [RPC in] id=29
2026-03-30 12:57:00 [RPC in] id=151
2026-03-30 12:57:01 [RPC in] id=151
2026-03-30 12:57:02 [RPC in] id=151
2026-03-30 12:57:03 [RPC in] id=151
2026-03-30 12:57:04 [RPC in] id=151
2026-03-30 12:57:05 [RPC in] id=151
2026-03-30 12:57:06 [RPC in] id=151
2026-03-30 12:57:07 [RPC in] id=151
2026-03-30 12:57:08 [RPC in] id=151
2026-03-30 12:57:09 [RPC in] id=151
2026-03-30 12:57:10 [RPC in] id=151
2026-03-30 12:57:11 [RPC in] id=151
2026-03-30 12:57:12 [RPC in] id=151
2026-03-30 12:57:13 [RPC in] id=151
2026-03-30 12:57:14 [RPC in] id=151
2026-03-30 12:57:15 [RPC in] id=151
2026-03-30 12:57:16 [RPC in] id=151
2026-03-30 12:57:17 [RPC in] id=151
2026-03-30 12:57:18 [RPC in] id=60
2026-03-30 12:57:18 [RPC in] id=151
2026-03-30 12:57:19 [RPC in] id=151
2026-03-30 12:57:20 [RPC in] id=151
2026-03-30 12:57:21 [RPC in] id=151
2026-03-30 12:57:22 [RPC in] id=151
2026-03-30 12:57:23 [RPC in] id=47
2026-03-30 12:57:23 [RPC in] id=44
2026-03-30 12:57:23 [RPC in] id=47
2026-03-30 12:57:23 [RPC in] id=44
2026-03-30 12:57:23 [RPC in] id=47
2026-03-30 12:57:23 [RPC in] id=44
2026-03-30 12:57:23 [RPC in] id=47
2026-03-30 12:57:23 [RPC in] id=44
2026-03-30 12:57:23 [RPC in] id=47
2026-03-30 12:57:23 [RPC in] id=44
2026-03-30 12:57:23 [RPC in] id=47
2026-03-30 12:57:23 [RPC in] id=44
2026-03-30 12:57:23 [RPC in] id=47
2026-03-30 12:57:23 [RPC in] id=44
2026-03-30 12:57:23 [RPC in] id=47
2026-03-30 12:57:23 [RPC in] id=44
2026-03-30 12:57:23 [RPC in] id=47
2026-03-30 12:57:23 [RPC in] id=44
2026-03-30 12:57:23 [RPC in] id=47
2026-03-30 12:57:23 [RPC in] id=44
2026-03-30 12:57:23 [RPC in] id=47
2026-03-30 12:57:23 [RPC in] id=44
2026-03-30 12:57:23 [RPC in] id=47
2026-03-30 12:57:23 [RPC in] id=44
2026-03-30 12:57:23 [RPC in] id=47
2026-03-30 12:57:23 [RPC in] id=44
2026-03-30 12:57:23 [RPC in] id=47
2026-03-30 12:57:23 [RPC in] id=44
2026-03-30 12:57:23 [RPC in] id=47
2026-03-30 12:57:23 [RPC in] id=44
2026-03-30 12:57:23 [RPC in] id=47
2026-03-30 12:57:23 [RPC in] id=44
2026-03-30 12:57:23 [RPC in] id=47
2026-03-30 12:57:23 [RPC in] id=44
2026-03-30 12:57:23 [RPC in] id=47
2026-03-30 12:57:23 [RPC in] id=44
2026-03-30 12:57:23 [RPC in] id=151
2026-03-30 12:57:24 [RPC in] id=151
2026-03-30 12:57:25 [RPC in] id=151
2026-03-30 12:57:26 [RPC in] id=47
2026-03-30 12:57:26 [RPC in] id=44
2026-03-30 12:57:26 [RPC in] id=47
2026-03-30 12:57:26 [RPC in] id=44
2026-03-30 12:57:26 [RPC in] id=47
2026-03-30 12:57:26 [RPC in] id=44
2026-03-30 12:57:26 [RPC in] id=47
2026-03-30 12:57:26 [RPC in] id=44
2026-03-30 12:57:26 [RPC in] id=47
2026-03-30 12:57:26 [RPC in] id=44
2026-03-30 12:57:26 [RPC in] id=47
2026-03-30 12:57:26 [RPC in] id=44
2026-03-30 12:57:26 [RPC in] id=47
2026-03-30 12:57:26 [RPC in] id=44
2026-03-30 12:57:26 [RPC in] id=47
2026-03-30 12:57:26 [RPC in] id=44
2026-03-30 12:57:26 [RPC in] id=47
2026-03-30 12:57:26 [RPC in] id=44
2026-03-30 12:57:26 [RPC in] id=47
2026-03-30 12:57:26 [RPC in] id=44
2026-03-30 12:57:26 [RPC in] id=47
2026-03-30 12:57:26 [RPC in] id=44
2026-03-30 12:57:26 [RPC in] id=47
2026-03-30 12:57:26 [RPC in] id=44
2026-03-30 12:57:26 [RPC in] id=47
2026-03-30 12:57:26 [RPC in] id=44
2026-03-30 12:57:26 [RPC in] id=47
2026-03-30 12:57:26 [RPC in] id=44
2026-03-30 12:57:26 [RPC in] id=47
2026-03-30 12:57:26 [RPC in] id=44
2026-03-30 12:57:26 [RPC in] id=47
2026-03-30 12:57:26 [RPC in] id=44
2026-03-30 12:57:26 [RPC in] id=47
2026-03-30 12:57:26 [RPC in] id=44
2026-03-30 12:57:26 [RPC in] id=47
2026-03-30 12:57:26 [RPC in] id=44
2026-03-30 12:57:26 [RPC in] id=151
2026-03-30 12:57:27 [RPC in] id=151
2026-03-30 12:57:28 [RPC in] id=151
2026-03-30 12:57:29 [RPC in] id=151
2026-03-30 12:57:30 [RPC in] id=151
2026-03-30 12:57:31 [RPC in] id=151
2026-03-30 12:57:32 [RPC in] id=151
2026-03-30 12:57:33 [RPC in] id=151
2026-03-30 12:57:34 [RPC in] id=151
2026-03-30 12:57:35 [RPC in] id=151
2026-03-30 12:57:36 [RPC in] id=151
2026-03-30 12:57:37 [RPC in] id=151
2026-03-30 12:57:38 [RPC in] id=151
2026-03-30 12:57:39 [RPC in] id=151
2026-03-30 12:57:40 [RPC in] id=151
2026-03-30 12:57:41 [RPC in] id=151
2026-03-30 12:57:42 [RPC in] id=151
2026-03-30 12:57:43 [RPC in] id=151
2026-03-30 12:57:44 [RPC in] id=151
2026-03-30 12:57:45 [RPC in] id=151
2026-03-30 12:57:46 [RPC in] id=151
2026-03-30 12:57:47 [RPC in] id=151
2026-03-30 12:57:48 [RPC in] id=60
2026-03-30 12:57:48 [RPC in] id=151
2026-03-30 12:57:49 [RPC in] id=151
2026-03-30 12:57:50 [RPC in] id=151
2026-03-30 12:57:51 [RPC in] id=47
2026-03-30 12:57:51 [RPC in] id=44
2026-03-30 12:57:51 [RPC in] id=47
2026-03-30 12:57:51 [RPC in] id=44
2026-03-30 12:57:51 [RPC in] id=47
2026-03-30 12:57:51 [RPC in] id=44
2026-03-30 12:57:51 [RPC in] id=47
2026-03-30 12:57:51 [RPC in] id=44
2026-03-30 12:57:51 [RPC in] id=47
2026-03-30 12:57:51 [RPC in] id=44
2026-03-30 12:57:51 [RPC in] id=47
2026-03-30 12:57:51 [RPC in] id=44
2026-03-30 12:57:51 [RPC in] id=47
2026-03-30 12:57:51 [RPC in] id=44
2026-03-30 12:57:51 [RPC in] id=47
2026-03-30 12:57:51 [RPC in] id=44
2026-03-30 12:57:51 [RPC in] id=47
2026-03-30 12:57:51 [RPC in] id=44
2026-03-30 12:57:51 [RPC in] id=47
2026-03-30 12:57:51 [RPC in] id=44
2026-03-30 12:57:51 [RPC in] id=47
2026-03-30 12:57:51 [RPC in] id=44
2026-03-30 12:57:51 [RPC in] id=47
2026-03-30 12:57:51 [RPC in] id=44
2026-03-30 12:57:51 [RPC in] id=47
2026-03-30 12:57:51 [RPC in] id=44
2026-03-30 12:57:51 [RPC in] id=47
2026-03-30 12:57:51 [RPC in] id=44
2026-03-30 12:57:51 [RPC in] id=47
2026-03-30 12:57:51 [RPC in] id=44
2026-03-30 12:57:51 [RPC in] id=47
2026-03-30 12:57:51 [RPC in] id=44
2026-03-30 12:57:51 [RPC in] id=47
2026-03-30 12:57:51 [RPC in] id=44
2026-03-30 12:57:51 [RPC in] id=47
2026-03-30 12:57:51 [RPC in] id=44
2026-03-30 12:57:51 [RPC in] id=151
2026-03-30 12:57:52 [RPC in] id=151
2026-03-30 12:57:53 [RPC in] id=151
2026-03-30 12:57:54 [RPC in] id=47
2026-03-30 12:57:54 [RPC in] id=44
2026-03-30 12:57:54 [RPC in] id=47
2026-03-30 12:57:54 [RPC in] id=44
2026-03-30 12:57:54 [RPC in] id=47
2026-03-30 12:57:54 [RPC in] id=44
2026-03-30 12:57:54 [RPC in] id=47
2026-03-30 12:57:54 [RPC in] id=44
2026-03-30 12:57:54 [RPC in] id=47
2026-03-30 12:57:54 [RPC in] id=44
2026-03-30 12:57:54 [RPC in] id=47
2026-03-30 12:57:54 [RPC in] id=44
2026-03-30 12:57:54 [RPC in] id=47
2026-03-30 12:57:54 [RPC in] id=44
2026-03-30 12:57:54 [RPC in] id=47
2026-03-30 12:57:54 [RPC in] id=44
2026-03-30 12:57:54 [RPC in] id=47
2026-03-30 12:57:54 [RPC in] id=44
2026-03-30 12:57:54 [RPC in] id=47
2026-03-30 12:57:54 [RPC in] id=44
2026-03-30 12:57:54 [RPC in] id=47
2026-03-30 12:57:54 [RPC in] id=44
2026-03-30 12:57:54 [RPC in] id=47
2026-03-30 12:57:54 [RPC in] id=44
2026-03-30 12:57:54 [RPC in] id=47
2026-03-30 12:57:54 [RPC in] id=44
2026-03-30 12:57:54 [RPC in] id=47
2026-03-30 12:57:54 [RPC in] id=44
2026-03-30 12:57:54 [RPC in] id=47
2026-03-30 12:57:54 [RPC in] id=44
2026-03-30 12:57:54 [RPC in] id=47
2026-03-30 12:57:54 [RPC in] id=44
2026-03-30 12:57:54 [RPC in] id=47
2026-03-30 12:57:54 [RPC in] id=44
2026-03-30 12:57:54 [RPC in] id=47
2026-03-30 12:57:54 [RPC in] id=44
2026-03-30 12:57:54 [RPC in] id=151
2026-03-30 12:57:55 [RPC in] id=151
2026-03-30 12:57:56 [RPC in] id=151
2026-03-30 12:57:57 [RPC in] id=151
2026-03-30 12:57:58 [RPC in] id=151
2026-03-30 12:57:59 [RPC in] id=151
2026-03-30 12:58:00 [RPC in] id=94
2026-03-30 12:58:00 [RPC in] id=29
2026-03-30 12:58:00 [RPC in] id=151
