=== RakSAMP Lite вҖ” РҫРұСҠРөРҙРёРҪС‘РҪРҪСӢР№ Р»РҫРі РҙРІСғС… РұРҫСӮРҫРІ ===
РҳСҒСӮРҫСҮРҪРёРә: /workspace/lite_run/
РЎРөСҖРІРөСҖ: 87.228.5.12:7777 (РёР· СӮРөРәСғСүРөР№ СҒРөСҒСҒРёРё)
Р‘РҫСӮ 1: Roman_Orlov | Р‘РҫСӮ 2: Vitaly_Zaycev

---------- lite_run/bot1.log ----------

---------- lite_run/bot2.log ----------

---------- bot1_Roman_Orlov/RakSAMP Lite.log ----------
[02:15:04]  
[02:15:04] * ===================================================== *
[02:15:04]   RakSAMP Lite initialized on 02/04/2026 02:15:04
[02:15:04]   Authors: jlfm, bartekdvd, P3ti, Rei
[02:15:04]   Visit t.me/reiscripts
[02:15:04] * ===================================================== *
[02:15:04]  
[02:15:04] [LUA] Loading scripts...
[02:15:04] [LUA] [00_forum_bundle] skip damage_status.lua: cannot open forum_lua_blasthk/damage_status.lua: No such file or directory
[02:15:04] [LUA] [00_forum_bundle] skip InvalidPositionFix.lua: cannot open forum_lua_blasthk/InvalidPositionFix.lua: No such file or directory
[02:15:04] [LUA] [00_forum_bundle] OK: damage_status, InvalidPositionFix
[02:15:04] [LUA] Z:\workspace\lite_run\bot1_Roman_Orlov\scripts\00_forum_bundle.lua loaded
[02:15:04] [LUA] Z:\workspace\lite_run\bot1_Roman_Orlov\scripts\blasthk_aim_and_ping_merged.lua loaded
[02:15:04] [LUA] ========== blasthk_aim_and_ping_merged onLoad ==========
[02:15:04] [LUA] [merged] aim_fix + send_ping_fix + PRIME RUSSIA GUI handler
[02:15:04] [LUA] [merged] GUI packets: in=251/252 out=251
[02:15:04] [LUA] [merged] pw_len=15
[02:15:04] [LUA] [merged] samp.events callbacks registered via MODULE
[02:15:04] [NET] Connecting to 87.228.5.12:7777...
[02:15:04] [LUA] [RPC in] id=151
[02:15:04] [LUA] [pkt in] id=12
[02:15:05] [LUA] [pkt in] id=34
[02:15:05] [LUA] [merged] ConnectionRequestAccepted ip=-908510707 port=42646 playerId=1
[02:15:05] [NET] Connected. Joining the game...
[02:15:05] [LUA] [pkt in] id=41
[02:15:05] [LUA] [RPC in] id=60
[02:15:05] [LUA] [RPC in] id=14
[02:15:05] [LUA] [RPC in] id=66
[02:15:05] [LUA] [RPC in] id=21
[02:15:05] [LUA] [RPC in] id=93
[02:15:05] [LUA] [merged] ServerMsg color=FFFFFFFFFFFFFFFF ascii=" " hex=20 
[02:15:05] [MSG]  
[02:15:05] [LUA] [RPC in] id=93
[02:15:05] [LUA] [merged] ServerMsg color=FFFFFFFFFFFFFFFF ascii=" " hex=20 
[02:15:05] [MSG]  
[02:15:05] [LUA] [RPC in] id=93
[02:15:05] [LUA] [merged] ServerMsg color=FFFFFFFFFFFFFFFF ascii=" " hex=20 
[02:15:05] [MSG]  
[02:15:05] [LUA] [RPC in] id=93
[02:15:05] [LUA] [merged] ServerMsg color=FFFFFFFFFFFFFFFF ascii=" " hex=20 
[02:15:05] [MSG]  
[02:15:05] [LUA] [RPC in] id=93
[02:15:05] [LUA] [merged] ServerMsg color=FFFFFFFFFFFFFFFF ascii=" " hex=20 
[02:15:05] [MSG]  
[02:15:05] [LUA] [RPC in] id=93
[02:15:05] [LUA] [merged] ServerMsg color=FFFFFFFFFFFFFFFF ascii=" " hex=20 
[02:15:05] [MSG]  
[02:15:05] [LUA] [RPC in] id=93
[02:15:05] [LUA] [merged] ServerMsg color=FFFFFFFFFFFFFFFF ascii=" " hex=20 
[02:15:05] [MSG]  
[02:15:05] [LUA] [RPC in] id=93
[02:15:05] [LUA] [merged] ServerMsg color=FFFFFFFFFFFFFFFF ascii=" " hex=20 
[02:15:05] [MSG]  
[02:15:05] [LUA] [RPC in] id=93
[02:15:05] [LUA] [merged] ServerMsg color=FFFFFFFFFFFFFFFF ascii=" " hex=20 
[02:15:05] [MSG]  
[02:15:05] [LUA] [RPC in] id=93
[02:15:05] [LUA] [merged] ServerMsg color=FFFFFFFFFFFFFFFF ascii=" " hex=20 
[02:15:05] [MSG]  
[02:15:05] [LUA] [RPC in] id=93
[02:15:05] [LUA] [merged] ServerMsg color=FFFFFFFFFFFFFFFF ascii=" " hex=20 
[02:15:05] [MSG]  
[02:15:05] [LUA] [RPC in] id=93
[02:15:05] [LUA] [merged] ServerMsg color=FFFFFFFFFFFFFFFF ascii=" " hex=20 
[02:15:05] [MSG]  
[02:15:05] [LUA] [RPC in] id=93
[02:15:05] [LUA] [merged] ServerMsg color=FFFFFFFFFFFFFFFF ascii=" " hex=20 
[02:15:05] [MSG]  
[02:15:05] [LUA] [RPC in] id=93
[02:15:05] [LUA] [merged] ServerMsg color=FFFFFFFFFFFFFFFF ascii=" " hex=20 
[02:15:05] [MSG]  
[02:15:05] [LUA] [RPC in] id=93
[02:15:05] [LUA] [merged] ServerMsg color=FFFFFFFFFFFFFFFF ascii=" " hex=20 
[02:15:05] [MSG]  
[02:15:05] [LUA] [RPC in] id=93
[02:15:05] [LUA] [merged] ServerMsg color=FFFFFFFFFFFFFFFF ascii=" " hex=20 
[02:15:05] [MSG]  
[02:15:05] [LUA] [RPC in] id=93
[02:15:05] [LUA] [merged] ServerMsg color=FFFFFFFFFFFFFFFF ascii=" " hex=20 
[02:15:05] [MSG]  
[02:15:05] [LUA] [RPC in] id=93
[02:15:05] [LUA] [merged] ServerMsg color=FFFFFFFFFFFFFFFF ascii=" " hex=20 
[02:15:05] [MSG]  
[02:15:05] [LUA] [RPC in] id=93
[02:15:05] [LUA] [merged] ServerMsg color=FFFFFFFFFFFFFFFF ascii=" " hex=20 
[02:15:05] [MSG]  
[02:15:05] [LUA] [RPC in] id=93
[02:15:05] [LUA] [merged] ServerMsg color=FFFFFFFFFFFFFFFF ascii=" " hex=20 
[02:15:05] [MSG]  
[02:15:05] [LUA] [RPC in] id=93
[02:15:05] [LUA] [merged] ServerMsg color=FFFFFFFFFFFFFFFF ascii=" " hex=20 
[02:15:05] [MSG]  
[02:15:05] [LUA] [RPC in] id=93
[02:15:05] [LUA] [merged] ServerMsg color=FFFFFFFFFFFFFFFF ascii=" " hex=20 
[02:15:05] [MSG]  
[02:15:05] [LUA] [RPC in] id=93
[02:15:05] [LUA] [merged] ServerMsg color=FFFFFFFFFFFFFFFF ascii=" " hex=20 
[02:15:05] [MSG]  
[02:15:05] [LUA] [RPC in] id=93
[02:15:05] [LUA] [merged] ServerMsg color=FFFFFFFFFFFFFFFF ascii=" " hex=20 
[02:15:05] [MSG]  
[02:15:05] [LUA] [RPC in] id=93
[02:15:05] [LUA] [merged] ServerMsg color=FFFFFFFFFFFFFFFF ascii=" " hex=20 
[02:15:05] [MSG]  
[02:15:05] [LUA] [RPC in] id=93
[02:15:05] [LUA] [merged] ServerMsg color=FFFFFFFFFFFFFFFF ascii=" " hex=20 
[02:15:05] [MSG]  
[02:15:05] [LUA] [RPC in] id=168
[02:15:05] [LUA] [RPC in] id=168
[02:15:05] [LUA] [RPC in] id=168
[02:15:05] [LUA] [RPC in] id=93
[02:15:05] [LUA] [merged] ServerMsg color=FFFFFFFFFFFFFFFF ascii="{FFFFFF}| ..... .......... .. {E24B4B}PRIME RUSSIA{FFFFFF}, ...... ." hex=7B 46 46 46 46 46 46 7D 7C 20 C4 EE E1 F0 EE 20 EF EE E6 E0 EB EE E2 E0 F2 FC 20 ED E0 20 7B 45 32 34 42 34 42 7D 50 52 49 4D 45 20 52 55 53 53 49 41 7B 46 46 46 46 46 46 7D 2C 20 F1 E5 F0 E2 E5 F0 20 97 
[02:15:05] [MSG] {FFFFFF}| Добро пожаловать на {E24B4B}PRIME RUSSIA{FFFFFF}, сервер —
[02:15:05] [LUA] [RPC in] id=93
[02:15:05] [LUA] [merged] ServerMsg color=FFFFFFFFFFFFFFFF ascii="{FFFFFF}| . {E24B4B}RED" hex=7B 46 46 46 46 46 46 7D 7C 20 97 20 7B 45 32 34 42 34 42 7D 52 45 44 
[02:15:05] [MSG] {FFFFFF}| — {E24B4B}RED
[02:15:05] [LUA] [RPC in] id=93
[02:15:05] [LUA] [merged] ServerMsg color=FFFFFFFFFFFFFFFF ascii="{FFFFFF}| . ..... ...... ........ {E24B4B}t.me/primee_dev{FFFFFF} ...." hex=7B 46 46 46 46 46 46 7D 7C 20 C2 20 ED E0 F8 E5 EC 20 EA E0 ED E0 EB E5 20 D2 E5 EB E5 E3 F0 E0 EC 20 7B 45 32 34 42 34 42 7D 74 2E 6D 65 2F 70 72 69 6D 65 65 5F 64 65 76 7B 46 46 46 46 46 46 7D 20 E8 E4 B8 F2 
[02:15:05] [MSG] {FFFFFF}| В нашем канале Телеграм {E24B4B}t.me/primee_dev{FFFFFF} идёт
[02:15:05] [LUA] [RPC in] id=93
[02:15:05] [LUA] [merged] ServerMsg color=FFFFFFFFFFFFFFFF ascii="{FFFFFF}| . ....... ........" hex=7B 46 46 46 46 46 46 7D 7C 20 97 20 F0 E0 E7 E4 E0 F7 E0 20 EF EE E4 E0 F0 EA EE E2 
[02:15:05] [MSG] {FFFFFF}| — раздача подарков
[02:15:05] [LUA] [RPC in] id=93
[02:15:05] [LUA] [merged] ServerMsg color=FFFFFFFFFFFFFFFF ascii="{FFFFFF}| ... ....... ..... ........ . .. ...... ......." hex=7B 46 46 46 46 46 46 7D 7C 20 C4 EB FF 20 F3 F7 E0 F1 F2 E8 FF 20 ED F3 E6 ED EE 20 ED E0 EF E8 F1 E0 F2 FC 20 E2 20 CB D1 20 E3 F0 F3 EF EF FB 20 EA EE E4 EE E2 EE E5 
[02:15:05] [MSG] {FFFFFF}| Для участия нужно написать в ЛС группы кодовое
[02:15:05] [LUA] [RPC in] id=93
[02:15:05] [LUA] [merged] ServerMsg color=FFFFFFFFFFFFFFFF ascii="{FFFFFF}| . ..... {E24B4B}#...." hex=7B 46 46 46 46 46 46 7D 7C 20 97 20 F1 EB EE E2 EE 20 7B 45 32 34 42 34 42 7D 23 D5 CE D7 D3 
[02:15:05] [MSG] {FFFFFF}| — слово {E24B4B}#ХОЧУ
[02:15:05] [LUA] [RPC in] id=93
[02:15:05] [LUA] [merged] ServerMsg color=FFFFFFFFFFFFFFFF ascii=" " hex=20 
[02:15:05] [MSG]  
[02:15:05] [LUA] [RPC in] id=29
[02:15:05] [LUA] [RPC in] id=44
[02:15:05] [LUA] [RPC in] id=44
[02:15:05] [LUA] [RPC in] id=44
[02:15:05] [LUA] [RPC in] id=44
[02:15:05] [LUA] [RPC in] id=44
[02:15:05] [LUA] [RPC in] id=44
[02:15:05] [LUA] [RPC in] id=44
[02:15:05] [LUA] [RPC in] id=44
[02:15:05] [LUA] [RPC in] id=44
[02:15:05] [LUA] [RPC in] id=44
[02:15:05] [LUA] [RPC in] id=168
[02:15:05] [LUA] [RPC in] id=44
[02:15:05] [LUA] [RPC in] id=44
[02:15:05] [LUA] [RPC in] id=44
[02:15:05] [LUA] [RPC in] id=44
[02:15:05] [LUA] [RPC in] id=44
[02:15:05] [LUA] [RPC in] id=44
[02:15:05] [LUA] [RPC in] id=44
[02:15:05] [LUA] [RPC in] id=44
[02:15:05] [LUA] [RPC in] id=44
[02:15:05] [LUA] [RPC in] id=44
[02:15:05] [LUA] [RPC in] id=168
[02:15:05] [LUA] [RPC in] id=44
[02:15:05] [LUA] [RPC in] id=44
[02:15:05] [LUA] [RPC in] id=44
[02:15:05] [LUA] [RPC in] id=44
[02:15:05] [LUA] [RPC in] id=44
[02:15:05] [LUA] [RPC in] id=44
[02:15:05] [LUA] [RPC in] id=44
[02:15:05] [LUA] [RPC in] id=44
[02:15:05] [LUA] [RPC in] id=44
[02:15:05] [LUA] [RPC in] id=44
[02:15:05] [LUA] [RPC in] id=44
[02:15:05] [LUA] [RPC in] id=44
[02:15:05] [LUA] [RPC in] id=44
[02:15:05] [LUA] [RPC in] id=44
[02:15:05] [LUA] [RPC in] id=44
[02:15:05] [LUA] [RPC in] id=44
[02:15:05] [LUA] [RPC in] id=44
[02:15:05] [LUA] [RPC in] id=44
[02:15:05] [LUA] [RPC in] id=44
[02:15:05] [LUA] [RPC in] id=44
[02:15:05] [LUA] [RPC in] id=44
[02:15:05] [LUA] [RPC in] id=44
[02:15:05] [LUA] [RPC in] id=44
[02:15:05] [LUA] [RPC in] id=44
[02:15:05] [LUA] [RPC in] id=44
[02:15:05] [LUA] [RPC in] id=44
[02:15:05] [LUA] [RPC in] id=44
[02:15:05] [LUA] [RPC in] id=44
[02:15:05] [LUA] [RPC in] id=44
[02:15:05] [LUA] [RPC in] id=44
[02:15:05] [LUA] [RPC in] id=44
[02:15:05] [LUA] [RPC in] id=44
[02:15:05] [LUA] [RPC in] id=44
[02:15:05] [LUA] [RPC in] id=44
[02:15:05] [LUA] [RPC in] id=44
[02:15:05] [LUA] [RPC in] id=44
[02:15:05] [LUA] [RPC in] id=44
[02:15:05] [LUA] [RPC in] id=44
[02:15:05] [LUA] [RPC in] id=44
[02:15:05] [LUA] [RPC in] id=44
[02:15:06] [LUA] [RPC in] id=44
[02:15:06] [LUA] [RPC in] id=44
[02:15:06] [LUA] [RPC in] id=44
[02:15:06] [LUA] [RPC in] id=139
[02:15:06] [LUA] [merged] onInitGame playerId=1 host=PRIME RUSSIA classes=1
[02:15:06] [LUA] [merged] onInitGame: waiting for JSON GUI flow (screen 38/50)
[02:15:06] [NET] Connected to PRIME RUSSIA
[02:15:06] [RPC] >> Class 0 requested
[02:15:06] [LUA] [RPC in] id=151
[02:15:06] [LUA] [RPC in] id=157
[02:15:06] [LUA] [RPC in] id=158
[02:15:06] [LUA] [pkt in] id=252
[02:15:06] [LUA] [PR-IN] pkt=252 total_bytes=20
[02:15:06] [LUA] [PR-IN-HEX] FC 26 00 0D 00 00 00 7B 22 6F 22 3A 31 2C 22 72 22 3A 30 7D 
[02:15:06] [LUA] [PR-IN-PARSE] pkt=0xFC screen=38 len=13 dup=0 total=20
[02:15:06] [LUA] [PR-IN] screen=38 json={"o":1,"r":0}
[02:15:06] [LUA] [PR-IN] screen=38 json={"o":1,"r":0}
[02:15:06] [LUA] [PR] GUI38 OPEN: REGISTRATION mode
[02:15:06] [LUA] [RPC in] id=41
[02:15:06] [AUDIO] 
[02:15:06] [LUA] [RPC in] id=168
[02:15:06] [LUA] [pkt in] id=251
[02:15:06] [LUA] [PR-IN] pkt=251 total_bytes=54
[02:15:06] [LUA] [PR-IN-HEX] FB 05 00 00 00 30 68 74 74 70 3A 2F 2F 77 68 33 36 30 36 2E 
[02:15:06] [LUA] [PR-IN-PARSE] pkt=0xFB screen=5 len=0 dup=26672 total=54
[02:15:06] [LUA] [PR-IN] screen=5 json=ttp://wh3606.web3.maze-host.ru/music/enter_.mp3
[02:15:06] [LUA] [PR-IN] screen=5 json=ttp://wh3606.web3.maze-host.ru/music/enter_.mp3
[02:15:06] [LUA] [pkt in] id=251
[02:15:06] [LUA] [PR-IN] pkt=251 total_bytes=54
[02:15:06] [LUA] [PR-IN-HEX] FB 05 00 00 00 30 68 74 74 70 3A 2F 2F 77 68 33 36 30 36 2E 
[02:15:06] [LUA] [PR-IN-PARSE] pkt=0xFB screen=5 len=0 dup=26672 total=54
[02:15:06] [LUA] [PR-IN] screen=5 json=ttp://wh3606.web3.maze-host.ru/music/enter_.mp3
[02:15:06] [LUA] [PR-IN] screen=5 json=ttp://wh3606.web3.maze-host.ru/music/enter_.mp3
[02:15:06] [LUA] [RPC in] id=128
[02:15:06] [LUA] [merged] RequestClassResponse canSpawn=true skin=0
[02:15:06] [LUA] [RPC in] id=151
[02:15:07] [LUA] [PR] REGISTER attempt=1 nick=Roman_Orlov pw_len=15 skin=239
[02:15:07] [LUA] [PR-SEND mode=FIXED] screen=38 len=47 json={"t":1,"s":"Roman_Orlov","p":"[REDACTED_PASSWORD]"}
[02:15:07] [LUA] [PR] Registration t=1 sent, waiting for server steps...
[02:15:07] [LUA] [RPC in] id=151
[02:15:07] [LUA] [RPC in] id=151
[02:15:08] [LUA] [RPC in] id=151
[02:15:08] [LUA] [RPC in] id=72
[02:15:09] [LUA] [RPC in] id=151
[02:15:10] [LUA] [RPC in] id=47
[02:15:10] [LUA] [RPC in] id=44
[02:15:10] [LUA] [RPC in] id=47
[02:15:10] [LUA] [RPC in] id=44
[02:15:10] [LUA] [RPC in] id=47
[02:15:10] [LUA] [RPC in] id=44
[02:15:10] [LUA] [RPC in] id=47
[02:15:10] [LUA] [RPC in] id=44
[02:15:10] [LUA] [RPC in] id=47
[02:15:10] [LUA] [RPC in] id=44
[02:15:10] [LUA] [RPC in] id=47
[02:15:10] [LUA] [RPC in] id=44
[02:15:10] [LUA] [RPC in] id=47
[02:15:10] [LUA] [RPC in] id=44
[02:15:10] [LUA] [RPC in] id=47
[02:15:10] [LUA] [RPC in] id=44
[02:15:10] [LUA] [RPC in] id=47
[02:15:10] [LUA] [RPC in] id=44
[02:15:10] [LUA] [RPC in] id=47
[02:15:10] [LUA] [RPC in] id=44
[02:15:10] [LUA] [RPC in] id=47
[02:15:10] [LUA] [RPC in] id=44
[02:15:10] [LUA] [RPC in] id=47
[02:15:10] [LUA] [RPC in] id=44
[02:15:10] [LUA] [RPC in] id=47
[02:15:10] [LUA] [RPC in] id=44
[02:15:10] [LUA] [RPC in] id=47
[02:15:10] [LUA] [RPC in] id=44
[02:15:10] [LUA] [RPC in] id=47
[02:15:10] [LUA] [RPC in] id=44
[02:15:10] [LUA] [RPC in] id=47
[02:15:10] [LUA] [RPC in] id=44
[02:15:10] [LUA] [RPC in] id=47
[02:15:10] [LUA] [RPC in] id=44
[02:15:10] [LUA] [RPC in] id=151
[02:15:10] [LUA] [RPC in] id=47
[02:15:10] [LUA] [RPC in] id=44
[02:15:11] [LUA] [RPC in] id=151
[02:15:12] [LUA] [RPC in] id=151
[02:15:13] [LUA] [RPC in] id=47
[02:15:13] [LUA] [RPC in] id=44
[02:15:13] [LUA] [RPC in] id=47
[02:15:13] [LUA] [RPC in] id=44
[02:15:13] [LUA] [RPC in] id=47
[02:15:13] [LUA] [RPC in] id=44
[02:15:13] [LUA] [RPC in] id=47
[02:15:13] [LUA] [RPC in] id=44
[02:15:13] [LUA] [RPC in] id=47
[02:15:13] [LUA] [RPC in] id=44
[02:15:13] [LUA] [RPC in] id=47
[02:15:13] [LUA] [RPC in] id=44
[02:15:13] [LUA] [RPC in] id=47
[02:15:13] [LUA] [RPC in] id=44
[02:15:13] [LUA] [RPC in] id=47
[02:15:13] [LUA] [RPC in] id=44
[02:15:13] [LUA] [RPC in] id=47
[02:15:13] [LUA] [RPC in] id=44
[02:15:13] [LUA] [RPC in] id=47
[02:15:13] [LUA] [RPC in] id=44
[02:15:13] [LUA] [RPC in] id=47
[02:15:13] [LUA] [RPC in] id=44
[02:15:13] [LUA] [RPC in] id=47
[02:15:13] [LUA] [RPC in] id=44
[02:15:13] [LUA] [RPC in] id=47
[02:15:13] [LUA] [RPC in] id=44
[02:15:13] [LUA] [RPC in] id=47
[02:15:13] [LUA] [RPC in] id=44
[02:15:13] [LUA] [RPC in] id=47
[02:15:13] [LUA] [RPC in] id=44
[02:15:13] [LUA] [RPC in] id=47
[02:15:13] [LUA] [RPC in] id=44
[02:15:13] [LUA] [RPC in] id=47
[02:15:13] [LUA] [RPC in] id=44
[02:15:13] [LUA] [RPC in] id=151
[02:15:13] [LUA] [RPC in] id=47
[02:15:13] [LUA] [RPC in] id=44
[02:15:14] [LUA] [RPC in] id=151
[02:15:15] [LUA] [RPC in] id=151
[02:15:16] [LUA] [RPC in] id=151
[02:15:17] [LUA] [RPC in] id=151
[02:15:18] [LUA] [RPC in] id=151
[02:15:19] [LUA] [RPC in] id=151
[02:15:20] [LUA] [RPC in] id=151
[02:15:21] [LUA] [RPC in] id=60
[02:15:21] [LUA] [RPC in] id=151
[02:15:22] [LUA] [RPC in] id=151
[02:15:23] [LUA] [RPC in] id=151
[02:15:24] [LUA] [RPC in] id=151
[02:15:25] [LUA] [RPC in] id=151
[02:15:26] [LUA] [RPC in] id=151
[02:15:27] [LUA] [RPC in] id=151
[02:15:28] [LUA] [RPC in] id=151
[02:15:29] [LUA] [RPC in] id=151
[02:15:30] [LUA] [RPC in] id=151
[02:15:31] [LUA] [RPC in] id=151
[02:15:32] [LUA] [RPC in] id=151
[02:15:33] [LUA] [RPC in] id=151
[02:15:34] [LUA] [RPC in] id=151
[02:15:35] [LUA] [RPC in] id=151
[02:15:36] [LUA] [RPC in] id=151
[02:15:37] [LUA] [RPC in] id=151
[02:15:38] [LUA] [RPC in] id=151
[02:15:39] [LUA] [RPC in] id=47
[02:15:39] [LUA] [RPC in] id=44
[02:15:39] [LUA] [RPC in] id=47
[02:15:39] [LUA] [RPC in] id=44
[02:15:39] [LUA] [RPC in] id=47
[02:15:39] [LUA] [RPC in] id=44
[02:15:39] [LUA] [RPC in] id=47
[02:15:39] [LUA] [RPC in] id=44
[02:15:39] [LUA] [RPC in] id=47
[02:15:39] [LUA] [RPC in] id=44
[02:15:39] [LUA] [RPC in] id=47
[02:15:39] [LUA] [RPC in] id=44
[02:15:39] [LUA] [RPC in] id=47
[02:15:39] [LUA] [RPC in] id=44
[02:15:39] [LUA] [RPC in] id=47
[02:15:39] [LUA] [RPC in] id=44
[02:15:39] [LUA] [RPC in] id=47
[02:15:39] [LUA] [RPC in] id=44
[02:15:39] [LUA] [RPC in] id=47
[02:15:39] [LUA] [RPC in] id=44
[02:15:39] [LUA] [RPC in] id=47
[02:15:39] [LUA] [RPC in] id=44
[02:15:39] [LUA] [RPC in] id=47
[02:15:39] [LUA] [RPC in] id=44
[02:15:39] [LUA] [RPC in] id=47
[02:15:39] [LUA] [RPC in] id=44
[02:15:39] [LUA] [RPC in] id=47
[02:15:39] [LUA] [RPC in] id=44
[02:15:39] [LUA] [RPC in] id=47
[02:15:39] [LUA] [RPC in] id=44
[02:15:39] [LUA] [RPC in] id=47
[02:15:39] [LUA] [RPC in] id=44
[02:15:39] [LUA] [RPC in] id=47
[02:15:39] [LUA] [RPC in] id=44
[02:15:39] [LUA] [RPC in] id=47
[02:15:39] [LUA] [RPC in] id=44
[02:15:39] [LUA] [RPC in] id=151
[02:15:40] [LUA] [RPC in] id=151
[02:15:41] [LUA] [RPC in] id=151
[02:15:42] [LUA] [RPC in] id=47
[02:15:42] [LUA] [RPC in] id=44
[02:15:42] [LUA] [RPC in] id=47
[02:15:42] [LUA] [RPC in] id=44
[02:15:42] [LUA] [RPC in] id=47
[02:15:42] [LUA] [RPC in] id=44
[02:15:42] [LUA] [RPC in] id=47
[02:15:42] [LUA] [RPC in] id=44
[02:15:42] [LUA] [RPC in] id=47
[02:15:42] [LUA] [RPC in] id=44
[02:15:42] [LUA] [RPC in] id=47
[02:15:42] [LUA] [RPC in] id=44
[02:15:42] [LUA] [RPC in] id=47
[02:15:42] [LUA] [RPC in] id=44
[02:15:42] [LUA] [RPC in] id=47
[02:15:42] [LUA] [RPC in] id=44
[02:15:42] [LUA] [RPC in] id=47
[02:15:42] [LUA] [RPC in] id=44
[02:15:42] [LUA] [RPC in] id=47
[02:15:42] [LUA] [RPC in] id=44
[02:15:42] [LUA] [RPC in] id=47
[02:15:42] [LUA] [RPC in] id=44
[02:15:42] [LUA] [RPC in] id=47
[02:15:42] [LUA] [RPC in] id=44
[02:15:42] [LUA] [RPC in] id=47
[02:15:42] [LUA] [RPC in] id=44
[02:15:42] [LUA] [RPC in] id=47
[02:15:42] [LUA] [RPC in] id=44
[02:15:42] [LUA] [RPC in] id=47
[02:15:42] [LUA] [RPC in] id=44
[02:15:42] [LUA] [RPC in] id=47
[02:15:42] [LUA] [RPC in] id=44
[02:15:42] [LUA] [RPC in] id=47
[02:15:42] [LUA] [RPC in] id=44
[02:15:42] [LUA] [RPC in] id=47
[02:15:42] [LUA] [RPC in] id=44
[02:15:42] [LUA] [RPC in] id=151
[02:15:43] [LUA] [RPC in] id=151
[02:15:44] [LUA] [RPC in] id=151
[02:15:45] [LUA] [RPC in] id=151
[02:15:46] [LUA] [RPC in] id=151
[02:15:47] [LUA] [RPC in] id=151
[02:15:48] [LUA] [RPC in] id=151
[02:15:49] [LUA] [RPC in] id=151
[02:15:50] [LUA] [RPC in] id=151
[02:15:51] [LUA] [RPC in] id=60
[02:15:51] [LUA] [RPC in] id=151
[02:15:52] [LUA] [RPC in] id=151
[02:15:53] [LUA] [RPC in] id=151
[02:15:54] [LUA] [RPC in] id=151
[02:15:55] [LUA] [RPC in] id=151
[02:15:56] [LUA] [RPC in] id=151
[02:15:57] [LUA] [RPC in] id=151
[02:15:58] [LUA] [RPC in] id=151
[02:15:59] [LUA] [RPC in] id=151
[02:16:00] [LUA] [RPC in] id=94
[02:16:00] [LUA] [RPC in] id=29
[02:16:00] [LUA] [RPC in] id=151
[02:16:01] [LUA] [RPC in] id=151
[02:16:02] [LUA] [RPC in] id=151
[02:16:03] [LUA] [RPC in] id=151
[02:16:04] [LUA] [RPC in] id=151
[02:16:05] [LUA] [RPC in] id=151
[02:16:06] [LUA] [RPC in] id=151
[02:16:07] [LUA] [RPC in] id=47
[02:16:07] [LUA] [RPC in] id=44
[02:16:07] [LUA] [RPC in] id=47
[02:16:07] [LUA] [RPC in] id=44
[02:16:07] [LUA] [RPC in] id=47
[02:16:07] [LUA] [RPC in] id=44
[02:16:07] [LUA] [RPC in] id=47
[02:16:07] [LUA] [RPC in] id=44
[02:16:07] [LUA] [RPC in] id=47
[02:16:07] [LUA] [RPC in] id=44
[02:16:07] [LUA] [RPC in] id=47
[02:16:07] [LUA] [RPC in] id=44
[02:16:07] [LUA] [RPC in] id=47
[02:16:07] [LUA] [RPC in] id=44
[02:16:07] [LUA] [RPC in] id=47
[02:16:07] [LUA] [RPC in] id=44
[02:16:07] [LUA] [RPC in] id=47
[02:16:07] [LUA] [RPC in] id=44
[02:16:07] [LUA] [RPC in] id=47
[02:16:07] [LUA] [RPC in] id=44
[02:16:07] [LUA] [RPC in] id=47
[02:16:07] [LUA] [RPC in] id=44
[02:16:07] [LUA] [RPC in] id=47
[02:16:07] [LUA] [RPC in] id=44
[02:16:07] [LUA] [RPC in] id=47
[02:16:07] [LUA] [RPC in] id=44
[02:16:07] [LUA] [RPC in] id=47
[02:16:07] [LUA] [RPC in] id=44
[02:16:07] [LUA] [RPC in] id=47
[02:16:07] [LUA] [RPC in] id=44
[02:16:07] [LUA] [RPC in] id=47
[02:16:07] [LUA] [RPC in] id=44
[02:16:07] [LUA] [RPC in] id=47
[02:16:07] [LUA] [RPC in] id=44
[02:16:07] [LUA] [RPC in] id=47
[02:16:07] [LUA] [RPC in] id=44
[02:16:07] [LUA] [RPC in] id=151
[02:16:08] [LUA] [RPC in] id=151
[02:16:09] [LUA] [RPC in] id=151
[02:16:10] [LUA] [RPC in] id=47
[02:16:10] [LUA] [RPC in] id=44
[02:16:10] [LUA] [RPC in] id=47
[02:16:10] [LUA] [RPC in] id=44
[02:16:10] [LUA] [RPC in] id=47
[02:16:10] [LUA] [RPC in] id=44
[02:16:10] [LUA] [RPC in] id=47
[02:16:10] [LUA] [RPC in] id=44
[02:16:10] [LUA] [RPC in] id=47
[02:16:10] [LUA] [RPC in] id=44
[02:16:10] [LUA] [RPC in] id=47
[02:16:10] [LUA] [RPC in] id=44
[02:16:10] [LUA] [RPC in] id=47
[02:16:10] [LUA] [RPC in] id=44
[02:16:10] [LUA] [RPC in] id=47
[02:16:10] [LUA] [RPC in] id=44
[02:16:10] [LUA] [RPC in] id=47
[02:16:10] [LUA] [RPC in] id=44
[02:16:10] [LUA] [RPC in] id=47
[02:16:10] [LUA] [RPC in] id=44
[02:16:10] [LUA] [RPC in] id=47
[02:16:10] [LUA] [RPC in] id=44
[02:16:10] [LUA] [RPC in] id=47
[02:16:10] [LUA] [RPC in] id=44
[02:16:10] [LUA] [RPC in] id=47
[02:16:10] [LUA] [RPC in] id=44
[02:16:10] [LUA] [RPC in] id=47
[02:16:10] [LUA] [RPC in] id=44
[02:16:10] [LUA] [RPC in] id=47
[02:16:10] [LUA] [RPC in] id=44
[02:16:10] [LUA] [RPC in] id=47
[02:16:10] [LUA] [RPC in] id=44
[02:16:10] [LUA] [RPC in] id=47
[02:16:10] [LUA] [RPC in] id=44
[02:16:10] [LUA] [RPC in] id=47
[02:16:10] [LUA] [RPC in] id=44
[02:16:10] [LUA] [RPC in] id=151
[02:16:11] [LUA] [RPC in] id=151
[02:16:12] [LUA] [RPC in] id=151
[02:16:13] [LUA] [RPC in] id=151

---------- bot1_Roman_Orlov/lite_debug.log ----------
2026-04-02 02:15:04 ========== blasthk_aim_and_ping_merged onLoad ==========
2026-04-02 02:15:04 [merged] aim_fix + send_ping_fix + PRIME RUSSIA GUI handler
2026-04-02 02:15:04 [merged] GUI packets: in=251/252 out=251
2026-04-02 02:15:04 [merged] pw_len=15
2026-04-02 02:15:04 [merged] samp.events callbacks registered via MODULE
2026-04-02 02:15:04 [RPC in] id=151
2026-04-02 02:15:04 [pkt in] id=12
2026-04-02 02:15:05 [pkt in] id=34
2026-04-02 02:15:05 [merged] ConnectionRequestAccepted ip=-908510707 port=42646 playerId=1
2026-04-02 02:15:05 [pkt in] id=41
2026-04-02 02:15:05 [RPC in] id=60
2026-04-02 02:15:05 [RPC in] id=14
2026-04-02 02:15:05 [RPC in] id=66
2026-04-02 02:15:05 [RPC in] id=21
2026-04-02 02:15:05 [RPC in] id=93
2026-04-02 02:15:05 [merged] ServerMsg color=FFFFFFFFFFFFFFFF ascii=" " hex=20 
2026-04-02 02:15:05 [RPC in] id=93
2026-04-02 02:15:05 [merged] ServerMsg color=FFFFFFFFFFFFFFFF ascii=" " hex=20 
2026-04-02 02:15:05 [RPC in] id=93
2026-04-02 02:15:05 [merged] ServerMsg color=FFFFFFFFFFFFFFFF ascii=" " hex=20 
2026-04-02 02:15:05 [RPC in] id=93
2026-04-02 02:15:05 [merged] ServerMsg color=FFFFFFFFFFFFFFFF ascii=" " hex=20 
2026-04-02 02:15:05 [RPC in] id=93
2026-04-02 02:15:05 [merged] ServerMsg color=FFFFFFFFFFFFFFFF ascii=" " hex=20 
2026-04-02 02:15:05 [RPC in] id=93
2026-04-02 02:15:05 [merged] ServerMsg color=FFFFFFFFFFFFFFFF ascii=" " hex=20 
2026-04-02 02:15:05 [RPC in] id=93
2026-04-02 02:15:05 [merged] ServerMsg color=FFFFFFFFFFFFFFFF ascii=" " hex=20 
2026-04-02 02:15:05 [RPC in] id=93
2026-04-02 02:15:05 [merged] ServerMsg color=FFFFFFFFFFFFFFFF ascii=" " hex=20 
2026-04-02 02:15:05 [RPC in] id=93
2026-04-02 02:15:05 [merged] ServerMsg color=FFFFFFFFFFFFFFFF ascii=" " hex=20 
2026-04-02 02:15:05 [RPC in] id=93
2026-04-02 02:15:05 [merged] ServerMsg color=FFFFFFFFFFFFFFFF ascii=" " hex=20 
2026-04-02 02:15:05 [RPC in] id=93
2026-04-02 02:15:05 [merged] ServerMsg color=FFFFFFFFFFFFFFFF ascii=" " hex=20 
2026-04-02 02:15:05 [RPC in] id=93
2026-04-02 02:15:05 [merged] ServerMsg color=FFFFFFFFFFFFFFFF ascii=" " hex=20 
2026-04-02 02:15:05 [RPC in] id=93
2026-04-02 02:15:05 [merged] ServerMsg color=FFFFFFFFFFFFFFFF ascii=" " hex=20 
2026-04-02 02:15:05 [RPC in] id=93
2026-04-02 02:15:05 [merged] ServerMsg color=FFFFFFFFFFFFFFFF ascii=" " hex=20 
2026-04-02 02:15:05 [RPC in] id=93
2026-04-02 02:15:05 [merged] ServerMsg color=FFFFFFFFFFFFFFFF ascii=" " hex=20 
2026-04-02 02:15:05 [RPC in] id=93
2026-04-02 02:15:05 [merged] ServerMsg color=FFFFFFFFFFFFFFFF ascii=" " hex=20 
2026-04-02 02:15:05 [RPC in] id=93
2026-04-02 02:15:05 [merged] ServerMsg color=FFFFFFFFFFFFFFFF ascii=" " hex=20 
2026-04-02 02:15:05 [RPC in] id=93
2026-04-02 02:15:05 [merged] ServerMsg color=FFFFFFFFFFFFFFFF ascii=" " hex=20 
2026-04-02 02:15:05 [RPC in] id=93
2026-04-02 02:15:05 [merged] ServerMsg color=FFFFFFFFFFFFFFFF ascii=" " hex=20 
2026-04-02 02:15:05 [RPC in] id=93
2026-04-02 02:15:05 [merged] ServerMsg color=FFFFFFFFFFFFFFFF ascii=" " hex=20 
2026-04-02 02:15:05 [RPC in] id=93
2026-04-02 02:15:05 [merged] ServerMsg color=FFFFFFFFFFFFFFFF ascii=" " hex=20 
2026-04-02 02:15:05 [RPC in] id=93
2026-04-02 02:15:05 [merged] ServerMsg color=FFFFFFFFFFFFFFFF ascii=" " hex=20 
2026-04-02 02:15:05 [RPC in] id=93
2026-04-02 02:15:05 [merged] ServerMsg color=FFFFFFFFFFFFFFFF ascii=" " hex=20 
2026-04-02 02:15:05 [RPC in] id=93
2026-04-02 02:15:05 [merged] ServerMsg color=FFFFFFFFFFFFFFFF ascii=" " hex=20 
2026-04-02 02:15:05 [RPC in] id=93
2026-04-02 02:15:05 [merged] ServerMsg color=FFFFFFFFFFFFFFFF ascii=" " hex=20 
2026-04-02 02:15:05 [RPC in] id=93
2026-04-02 02:15:05 [merged] ServerMsg color=FFFFFFFFFFFFFFFF ascii=" " hex=20 
2026-04-02 02:15:05 [RPC in] id=168
2026-04-02 02:15:05 [RPC in] id=168
2026-04-02 02:15:05 [RPC in] id=168
2026-04-02 02:15:05 [RPC in] id=93
2026-04-02 02:15:05 [merged] ServerMsg color=FFFFFFFFFFFFFFFF ascii="{FFFFFF}| ..... .......... .. {E24B4B}PRIME RUSSIA{FFFFFF}, ...... ." hex=7B 46 46 46 46 46 46 7D 7C 20 C4 EE E1 F0 EE 20 EF EE E6 E0 EB EE E2 E0 F2 FC 20 ED E0 20 7B 45 32 34 42 34 42 7D 50 52 49 4D 45 20 52 55 53 53 49 41 7B 46 46 46 46 46 46 7D 2C 20 F1 E5 F0 E2 E5 F0 20 97 
2026-04-02 02:15:05 [RPC in] id=93
2026-04-02 02:15:05 [merged] ServerMsg color=FFFFFFFFFFFFFFFF ascii="{FFFFFF}| . {E24B4B}RED" hex=7B 46 46 46 46 46 46 7D 7C 20 97 20 7B 45 32 34 42 34 42 7D 52 45 44 
2026-04-02 02:15:05 [RPC in] id=93
2026-04-02 02:15:05 [merged] ServerMsg color=FFFFFFFFFFFFFFFF ascii="{FFFFFF}| . ..... ...... ........ {E24B4B}t.me/primee_dev{FFFFFF} ...." hex=7B 46 46 46 46 46 46 7D 7C 20 C2 20 ED E0 F8 E5 EC 20 EA E0 ED E0 EB E5 20 D2 E5 EB E5 E3 F0 E0 EC 20 7B 45 32 34 42 34 42 7D 74 2E 6D 65 2F 70 72 69 6D 65 65 5F 64 65 76 7B 46 46 46 46 46 46 7D 20 E8 E4 B8 F2 
2026-04-02 02:15:05 [RPC in] id=93
2026-04-02 02:15:05 [merged] ServerMsg color=FFFFFFFFFFFFFFFF ascii="{FFFFFF}| . ....... ........" hex=7B 46 46 46 46 46 46 7D 7C 20 97 20 F0 E0 E7 E4 E0 F7 E0 20 EF EE E4 E0 F0 EA EE E2 
2026-04-02 02:15:05 [RPC in] id=93
2026-04-02 02:15:05 [merged] ServerMsg color=FFFFFFFFFFFFFFFF ascii="{FFFFFF}| ... ....... ..... ........ . .. ...... ......." hex=7B 46 46 46 46 46 46 7D 7C 20 C4 EB FF 20 F3 F7 E0 F1 F2 E8 FF 20 ED F3 E6 ED EE 20 ED E0 EF E8 F1 E0 F2 FC 20 E2 20 CB D1 20 E3 F0 F3 EF EF FB 20 EA EE E4 EE E2 EE E5 
2026-04-02 02:15:05 [RPC in] id=93
2026-04-02 02:15:05 [merged] ServerMsg color=FFFFFFFFFFFFFFFF ascii="{FFFFFF}| . ..... {E24B4B}#...." hex=7B 46 46 46 46 46 46 7D 7C 20 97 20 F1 EB EE E2 EE 20 7B 45 32 34 42 34 42 7D 23 D5 CE D7 D3 
2026-04-02 02:15:05 [RPC in] id=93
2026-04-02 02:15:05 [merged] ServerMsg color=FFFFFFFFFFFFFFFF ascii=" " hex=20 
2026-04-02 02:15:05 [RPC in] id=29
2026-04-02 02:15:05 [RPC in] id=44
2026-04-02 02:15:05 [RPC in] id=44
2026-04-02 02:15:05 [RPC in] id=44
2026-04-02 02:15:05 [RPC in] id=44
2026-04-02 02:15:05 [RPC in] id=44
2026-04-02 02:15:05 [RPC in] id=44
2026-04-02 02:15:05 [RPC in] id=44
2026-04-02 02:15:05 [RPC in] id=44
2026-04-02 02:15:05 [RPC in] id=44
2026-04-02 02:15:05 [RPC in] id=44
2026-04-02 02:15:05 [RPC in] id=168
2026-04-02 02:15:05 [RPC in] id=44
2026-04-02 02:15:05 [RPC in] id=44
2026-04-02 02:15:05 [RPC in] id=44
2026-04-02 02:15:05 [RPC in] id=44
2026-04-02 02:15:05 [RPC in] id=44
2026-04-02 02:15:05 [RPC in] id=44
2026-04-02 02:15:05 [RPC in] id=44
2026-04-02 02:15:05 [RPC in] id=44
2026-04-02 02:15:05 [RPC in] id=44
2026-04-02 02:15:05 [RPC in] id=44
2026-04-02 02:15:05 [RPC in] id=168
2026-04-02 02:15:05 [RPC in] id=44
2026-04-02 02:15:05 [RPC in] id=44
2026-04-02 02:15:05 [RPC in] id=44
2026-04-02 02:15:05 [RPC in] id=44
2026-04-02 02:15:05 [RPC in] id=44
2026-04-02 02:15:05 [RPC in] id=44
2026-04-02 02:15:05 [RPC in] id=44
2026-04-02 02:15:05 [RPC in] id=44
2026-04-02 02:15:05 [RPC in] id=44
2026-04-02 02:15:05 [RPC in] id=44
2026-04-02 02:15:05 [RPC in] id=44
2026-04-02 02:15:05 [RPC in] id=44
2026-04-02 02:15:05 [RPC in] id=44
2026-04-02 02:15:05 [RPC in] id=44
2026-04-02 02:15:05 [RPC in] id=44
2026-04-02 02:15:05 [RPC in] id=44
2026-04-02 02:15:05 [RPC in] id=44
2026-04-02 02:15:05 [RPC in] id=44
2026-04-02 02:15:05 [RPC in] id=44
2026-04-02 02:15:05 [RPC in] id=44
2026-04-02 02:15:05 [RPC in] id=44
2026-04-02 02:15:05 [RPC in] id=44
2026-04-02 02:15:05 [RPC in] id=44
2026-04-02 02:15:05 [RPC in] id=44
2026-04-02 02:15:05 [RPC in] id=44
2026-04-02 02:15:05 [RPC in] id=44
2026-04-02 02:15:05 [RPC in] id=44
2026-04-02 02:15:05 [RPC in] id=44
2026-04-02 02:15:05 [RPC in] id=44
2026-04-02 02:15:05 [RPC in] id=44
2026-04-02 02:15:05 [RPC in] id=44
2026-04-02 02:15:05 [RPC in] id=44
2026-04-02 02:15:05 [RPC in] id=44
2026-04-02 02:15:05 [RPC in] id=44
2026-04-02 02:15:05 [RPC in] id=44
2026-04-02 02:15:05 [RPC in] id=44
2026-04-02 02:15:05 [RPC in] id=44
2026-04-02 02:15:05 [RPC in] id=44
2026-04-02 02:15:05 [RPC in] id=44
2026-04-02 02:15:05 [RPC in] id=44
2026-04-02 02:15:06 [RPC in] id=44
2026-04-02 02:15:06 [RPC in] id=44
2026-04-02 02:15:06 [RPC in] id=44
2026-04-02 02:15:06 [RPC in] id=139
2026-04-02 02:15:06 [merged] onInitGame playerId=1 host=PRIME RUSSIA classes=1
2026-04-02 02:15:06 [merged] onInitGame: waiting for JSON GUI flow (screen 38/50)
2026-04-02 02:15:06 [RPC in] id=151
2026-04-02 02:15:06 [RPC in] id=157
2026-04-02 02:15:06 [RPC in] id=158
2026-04-02 02:15:06 [pkt in] id=252
2026-04-02 02:15:06 [PR-IN] pkt=252 total_bytes=20
2026-04-02 02:15:06 [PR-IN-HEX] FC 26 00 0D 00 00 00 7B 22 6F 22 3A 31 2C 22 72 22 3A 30 7D 
2026-04-02 02:15:06 [PR-IN-PARSE] pkt=0xFC screen=38 len=13 dup=0 total=20
2026-04-02 02:15:06 [PR-IN] screen=38 json={"o":1,"r":0}
2026-04-02 02:15:06 [PR-IN] screen=38 json={"o":1,"r":0}
2026-04-02 02:15:06 [PR] GUI38 OPEN: REGISTRATION mode
2026-04-02 02:15:06 [RPC in] id=41
2026-04-02 02:15:06 [RPC in] id=168
2026-04-02 02:15:06 [pkt in] id=251
2026-04-02 02:15:06 [PR-IN] pkt=251 total_bytes=54
2026-04-02 02:15:06 [PR-IN-HEX] FB 05 00 00 00 30 68 74 74 70 3A 2F 2F 77 68 33 36 30 36 2E 
2026-04-02 02:15:06 [PR-IN-PARSE] pkt=0xFB screen=5 len=0 dup=26672 total=54
2026-04-02 02:15:06 [PR-IN] screen=5 json=ttp://wh3606.web3.maze-host.ru/music/enter_.mp3
2026-04-02 02:15:06 [PR-IN] screen=5 json=ttp://wh3606.web3.maze-host.ru/music/enter_.mp3
2026-04-02 02:15:06 [pkt in] id=251
2026-04-02 02:15:06 [PR-IN] pkt=251 total_bytes=54
2026-04-02 02:15:06 [PR-IN-HEX] FB 05 00 00 00 30 68 74 74 70 3A 2F 2F 77 68 33 36 30 36 2E 
2026-04-02 02:15:06 [PR-IN-PARSE] pkt=0xFB screen=5 len=0 dup=26672 total=54
2026-04-02 02:15:06 [PR-IN] screen=5 json=ttp://wh3606.web3.maze-host.ru/music/enter_.mp3
2026-04-02 02:15:06 [PR-IN] screen=5 json=ttp://wh3606.web3.maze-host.ru/music/enter_.mp3
2026-04-02 02:15:06 [RPC in] id=128
2026-04-02 02:15:06 [merged] RequestClassResponse canSpawn=true skin=0
2026-04-02 02:15:06 [RPC in] id=151
2026-04-02 02:15:07 [PR] REGISTER attempt=1 nick=Roman_Orlov pw_len=15 skin=239
2026-04-02 02:15:07 [PR-SEND mode=FIXED] screen=38 len=47 json={"t":1,"s":"Roman_Orlov","p":"[REDACTED_PASSWORD]"}
2026-04-02 02:15:07 [PR] Registration t=1 sent, waiting for server steps...
2026-04-02 02:15:07 [RPC in] id=151
2026-04-02 02:15:07 [RPC in] id=151
2026-04-02 02:15:08 [RPC in] id=151
2026-04-02 02:15:08 [RPC in] id=72
2026-04-02 02:15:09 [RPC in] id=151
2026-04-02 02:15:10 [RPC in] id=47
2026-04-02 02:15:10 [RPC in] id=44
2026-04-02 02:15:10 [RPC in] id=47
2026-04-02 02:15:10 [RPC in] id=44
2026-04-02 02:15:10 [RPC in] id=47
2026-04-02 02:15:10 [RPC in] id=44
2026-04-02 02:15:10 [RPC in] id=47
2026-04-02 02:15:10 [RPC in] id=44
2026-04-02 02:15:10 [RPC in] id=47
2026-04-02 02:15:10 [RPC in] id=44
2026-04-02 02:15:10 [RPC in] id=47
2026-04-02 02:15:10 [RPC in] id=44
2026-04-02 02:15:10 [RPC in] id=47
2026-04-02 02:15:10 [RPC in] id=44
2026-04-02 02:15:10 [RPC in] id=47
2026-04-02 02:15:10 [RPC in] id=44
2026-04-02 02:15:10 [RPC in] id=47
2026-04-02 02:15:10 [RPC in] id=44
2026-04-02 02:15:10 [RPC in] id=47
2026-04-02 02:15:10 [RPC in] id=44
2026-04-02 02:15:10 [RPC in] id=47
2026-04-02 02:15:10 [RPC in] id=44
2026-04-02 02:15:10 [RPC in] id=47
2026-04-02 02:15:10 [RPC in] id=44
2026-04-02 02:15:10 [RPC in] id=47
2026-04-02 02:15:10 [RPC in] id=44
2026-04-02 02:15:10 [RPC in] id=47
2026-04-02 02:15:10 [RPC in] id=44
2026-04-02 02:15:10 [RPC in] id=47
2026-04-02 02:15:10 [RPC in] id=44
2026-04-02 02:15:10 [RPC in] id=47
2026-04-02 02:15:10 [RPC in] id=44
2026-04-02 02:15:10 [RPC in] id=47
2026-04-02 02:15:10 [RPC in] id=44
2026-04-02 02:15:10 [RPC in] id=151
2026-04-02 02:15:10 [RPC in] id=47
2026-04-02 02:15:10 [RPC in] id=44
2026-04-02 02:15:11 [RPC in] id=151
2026-04-02 02:15:12 [RPC in] id=151
2026-04-02 02:15:13 [RPC in] id=47
2026-04-02 02:15:13 [RPC in] id=44
2026-04-02 02:15:13 [RPC in] id=47
2026-04-02 02:15:13 [RPC in] id=44
2026-04-02 02:15:13 [RPC in] id=47
2026-04-02 02:15:13 [RPC in] id=44
2026-04-02 02:15:13 [RPC in] id=47
2026-04-02 02:15:13 [RPC in] id=44
2026-04-02 02:15:13 [RPC in] id=47
2026-04-02 02:15:13 [RPC in] id=44
2026-04-02 02:15:13 [RPC in] id=47
2026-04-02 02:15:13 [RPC in] id=44
2026-04-02 02:15:13 [RPC in] id=47
2026-04-02 02:15:13 [RPC in] id=44
2026-04-02 02:15:13 [RPC in] id=47
2026-04-02 02:15:13 [RPC in] id=44
2026-04-02 02:15:13 [RPC in] id=47
2026-04-02 02:15:13 [RPC in] id=44
2026-04-02 02:15:13 [RPC in] id=47
2026-04-02 02:15:13 [RPC in] id=44
2026-04-02 02:15:13 [RPC in] id=47
2026-04-02 02:15:13 [RPC in] id=44
2026-04-02 02:15:13 [RPC in] id=47
2026-04-02 02:15:13 [RPC in] id=44
2026-04-02 02:15:13 [RPC in] id=47
2026-04-02 02:15:13 [RPC in] id=44
2026-04-02 02:15:13 [RPC in] id=47
2026-04-02 02:15:13 [RPC in] id=44
2026-04-02 02:15:13 [RPC in] id=47
2026-04-02 02:15:13 [RPC in] id=44
2026-04-02 02:15:13 [RPC in] id=47
2026-04-02 02:15:13 [RPC in] id=44
2026-04-02 02:15:13 [RPC in] id=47
2026-04-02 02:15:13 [RPC in] id=44
2026-04-02 02:15:13 [RPC in] id=151
2026-04-02 02:15:13 [RPC in] id=47
2026-04-02 02:15:13 [RPC in] id=44
2026-04-02 02:15:14 [RPC in] id=151
2026-04-02 02:15:15 [RPC in] id=151
2026-04-02 02:15:16 [RPC in] id=151
2026-04-02 02:15:17 [RPC in] id=151
2026-04-02 02:15:18 [RPC in] id=151
2026-04-02 02:15:19 [RPC in] id=151
2026-04-02 02:15:20 [RPC in] id=151
2026-04-02 02:15:21 [RPC in] id=60
2026-04-02 02:15:21 [RPC in] id=151
2026-04-02 02:15:22 [RPC in] id=151
2026-04-02 02:15:23 [RPC in] id=151
2026-04-02 02:15:24 [RPC in] id=151
2026-04-02 02:15:25 [RPC in] id=151
2026-04-02 02:15:26 [RPC in] id=151
2026-04-02 02:15:27 [RPC in] id=151
2026-04-02 02:15:28 [RPC in] id=151
2026-04-02 02:15:29 [RPC in] id=151
2026-04-02 02:15:30 [RPC in] id=151
2026-04-02 02:15:31 [RPC in] id=151
2026-04-02 02:15:32 [RPC in] id=151
2026-04-02 02:15:33 [RPC in] id=151
2026-04-02 02:15:34 [RPC in] id=151
2026-04-02 02:15:35 [RPC in] id=151
2026-04-02 02:15:36 [RPC in] id=151
2026-04-02 02:15:37 [RPC in] id=151
2026-04-02 02:15:38 [RPC in] id=151
2026-04-02 02:15:39 [RPC in] id=47
2026-04-02 02:15:39 [RPC in] id=44
2026-04-02 02:15:39 [RPC in] id=47
2026-04-02 02:15:39 [RPC in] id=44
2026-04-02 02:15:39 [RPC in] id=47
2026-04-02 02:15:39 [RPC in] id=44
2026-04-02 02:15:39 [RPC in] id=47
2026-04-02 02:15:39 [RPC in] id=44
2026-04-02 02:15:39 [RPC in] id=47
2026-04-02 02:15:39 [RPC in] id=44
2026-04-02 02:15:39 [RPC in] id=47
2026-04-02 02:15:39 [RPC in] id=44
2026-04-02 02:15:39 [RPC in] id=47
2026-04-02 02:15:39 [RPC in] id=44
2026-04-02 02:15:39 [RPC in] id=47
2026-04-02 02:15:39 [RPC in] id=44
2026-04-02 02:15:39 [RPC in] id=47
2026-04-02 02:15:39 [RPC in] id=44
2026-04-02 02:15:39 [RPC in] id=47
2026-04-02 02:15:39 [RPC in] id=44
2026-04-02 02:15:39 [RPC in] id=47
2026-04-02 02:15:39 [RPC in] id=44
2026-04-02 02:15:39 [RPC in] id=47
2026-04-02 02:15:39 [RPC in] id=44
2026-04-02 02:15:39 [RPC in] id=47
2026-04-02 02:15:39 [RPC in] id=44
2026-04-02 02:15:39 [RPC in] id=47
2026-04-02 02:15:39 [RPC in] id=44
2026-04-02 02:15:39 [RPC in] id=47
2026-04-02 02:15:39 [RPC in] id=44
2026-04-02 02:15:39 [RPC in] id=47
2026-04-02 02:15:39 [RPC in] id=44
2026-04-02 02:15:39 [RPC in] id=47
2026-04-02 02:15:39 [RPC in] id=44
2026-04-02 02:15:39 [RPC in] id=47
2026-04-02 02:15:39 [RPC in] id=44
2026-04-02 02:15:39 [RPC in] id=151
2026-04-02 02:15:40 [RPC in] id=151
2026-04-02 02:15:41 [RPC in] id=151
2026-04-02 02:15:42 [RPC in] id=47
2026-04-02 02:15:42 [RPC in] id=44
2026-04-02 02:15:42 [RPC in] id=47
2026-04-02 02:15:42 [RPC in] id=44
2026-04-02 02:15:42 [RPC in] id=47
2026-04-02 02:15:42 [RPC in] id=44
2026-04-02 02:15:42 [RPC in] id=47
2026-04-02 02:15:42 [RPC in] id=44
2026-04-02 02:15:42 [RPC in] id=47
2026-04-02 02:15:42 [RPC in] id=44
2026-04-02 02:15:42 [RPC in] id=47
2026-04-02 02:15:42 [RPC in] id=44
2026-04-02 02:15:42 [RPC in] id=47
2026-04-02 02:15:42 [RPC in] id=44
2026-04-02 02:15:42 [RPC in] id=47
2026-04-02 02:15:42 [RPC in] id=44
2026-04-02 02:15:42 [RPC in] id=47
2026-04-02 02:15:42 [RPC in] id=44
2026-04-02 02:15:42 [RPC in] id=47
2026-04-02 02:15:42 [RPC in] id=44
2026-04-02 02:15:42 [RPC in] id=47
2026-04-02 02:15:42 [RPC in] id=44
2026-04-02 02:15:42 [RPC in] id=47
2026-04-02 02:15:42 [RPC in] id=44
2026-04-02 02:15:42 [RPC in] id=47
2026-04-02 02:15:42 [RPC in] id=44
2026-04-02 02:15:42 [RPC in] id=47
2026-04-02 02:15:42 [RPC in] id=44
2026-04-02 02:15:42 [RPC in] id=47
2026-04-02 02:15:42 [RPC in] id=44
2026-04-02 02:15:42 [RPC in] id=47
2026-04-02 02:15:42 [RPC in] id=44
2026-04-02 02:15:42 [RPC in] id=47
2026-04-02 02:15:42 [RPC in] id=44
2026-04-02 02:15:42 [RPC in] id=47
2026-04-02 02:15:42 [RPC in] id=44
2026-04-02 02:15:42 [RPC in] id=151
2026-04-02 02:15:43 [RPC in] id=151
2026-04-02 02:15:44 [RPC in] id=151
2026-04-02 02:15:45 [RPC in] id=151
2026-04-02 02:15:46 [RPC in] id=151
2026-04-02 02:15:47 [RPC in] id=151
2026-04-02 02:15:48 [RPC in] id=151
2026-04-02 02:15:49 [RPC in] id=151
2026-04-02 02:15:50 [RPC in] id=151
2026-04-02 02:15:51 [RPC in] id=60
2026-04-02 02:15:51 [RPC in] id=151
2026-04-02 02:15:52 [RPC in] id=151
2026-04-02 02:15:53 [RPC in] id=151
2026-04-02 02:15:54 [RPC in] id=151
2026-04-02 02:15:55 [RPC in] id=151
2026-04-02 02:15:56 [RPC in] id=151
2026-04-02 02:15:57 [RPC in] id=151
2026-04-02 02:15:58 [RPC in] id=151
2026-04-02 02:15:59 [RPC in] id=151
2026-04-02 02:16:00 [RPC in] id=94
2026-04-02 02:16:00 [RPC in] id=29
2026-04-02 02:16:00 [RPC in] id=151
2026-04-02 02:16:01 [RPC in] id=151
2026-04-02 02:16:02 [RPC in] id=151
2026-04-02 02:16:03 [RPC in] id=151
2026-04-02 02:16:04 [RPC in] id=151
2026-04-02 02:16:05 [RPC in] id=151
2026-04-02 02:16:06 [RPC in] id=151
2026-04-02 02:16:07 [RPC in] id=47
2026-04-02 02:16:07 [RPC in] id=44
2026-04-02 02:16:07 [RPC in] id=47
2026-04-02 02:16:07 [RPC in] id=44
2026-04-02 02:16:07 [RPC in] id=47
2026-04-02 02:16:07 [RPC in] id=44
2026-04-02 02:16:07 [RPC in] id=47
2026-04-02 02:16:07 [RPC in] id=44
2026-04-02 02:16:07 [RPC in] id=47
2026-04-02 02:16:07 [RPC in] id=44
2026-04-02 02:16:07 [RPC in] id=47
2026-04-02 02:16:07 [RPC in] id=44
2026-04-02 02:16:07 [RPC in] id=47
2026-04-02 02:16:07 [RPC in] id=44
2026-04-02 02:16:07 [RPC in] id=47
2026-04-02 02:16:07 [RPC in] id=44
2026-04-02 02:16:07 [RPC in] id=47
2026-04-02 02:16:07 [RPC in] id=44
2026-04-02 02:16:07 [RPC in] id=47
2026-04-02 02:16:07 [RPC in] id=44
2026-04-02 02:16:07 [RPC in] id=47
2026-04-02 02:16:07 [RPC in] id=44
2026-04-02 02:16:07 [RPC in] id=47
2026-04-02 02:16:07 [RPC in] id=44
2026-04-02 02:16:07 [RPC in] id=47
2026-04-02 02:16:07 [RPC in] id=44
2026-04-02 02:16:07 [RPC in] id=47
2026-04-02 02:16:07 [RPC in] id=44
2026-04-02 02:16:07 [RPC in] id=47
2026-04-02 02:16:07 [RPC in] id=44
2026-04-02 02:16:07 [RPC in] id=47
2026-04-02 02:16:07 [RPC in] id=44
2026-04-02 02:16:07 [RPC in] id=47
2026-04-02 02:16:07 [RPC in] id=44
2026-04-02 02:16:07 [RPC in] id=47
2026-04-02 02:16:07 [RPC in] id=44
2026-04-02 02:16:07 [RPC in] id=151
2026-04-02 02:16:08 [RPC in] id=151
2026-04-02 02:16:09 [RPC in] id=151
2026-04-02 02:16:10 [RPC in] id=47
2026-04-02 02:16:10 [RPC in] id=44
2026-04-02 02:16:10 [RPC in] id=47
2026-04-02 02:16:10 [RPC in] id=44
2026-04-02 02:16:10 [RPC in] id=47
2026-04-02 02:16:10 [RPC in] id=44
2026-04-02 02:16:10 [RPC in] id=47
2026-04-02 02:16:10 [RPC in] id=44
2026-04-02 02:16:10 [RPC in] id=47
2026-04-02 02:16:10 [RPC in] id=44
2026-04-02 02:16:10 [RPC in] id=47
2026-04-02 02:16:10 [RPC in] id=44
2026-04-02 02:16:10 [RPC in] id=47
2026-04-02 02:16:10 [RPC in] id=44
2026-04-02 02:16:10 [RPC in] id=47
2026-04-02 02:16:10 [RPC in] id=44
2026-04-02 02:16:10 [RPC in] id=47
2026-04-02 02:16:10 [RPC in] id=44
2026-04-02 02:16:10 [RPC in] id=47
2026-04-02 02:16:10 [RPC in] id=44
2026-04-02 02:16:10 [RPC in] id=47
2026-04-02 02:16:10 [RPC in] id=44
2026-04-02 02:16:10 [RPC in] id=47
2026-04-02 02:16:10 [RPC in] id=44
2026-04-02 02:16:10 [RPC in] id=47
2026-04-02 02:16:10 [RPC in] id=44
2026-04-02 02:16:10 [RPC in] id=47
2026-04-02 02:16:10 [RPC in] id=44
2026-04-02 02:16:10 [RPC in] id=47
2026-04-02 02:16:10 [RPC in] id=44
2026-04-02 02:16:10 [RPC in] id=47
2026-04-02 02:16:10 [RPC in] id=44
2026-04-02 02:16:10 [RPC in] id=47
2026-04-02 02:16:10 [RPC in] id=44
2026-04-02 02:16:10 [RPC in] id=47
2026-04-02 02:16:10 [RPC in] id=44
2026-04-02 02:16:10 [RPC in] id=151
2026-04-02 02:16:11 [RPC in] id=151
2026-04-02 02:16:12 [RPC in] id=151
2026-04-02 02:16:13 [RPC in] id=151

---------- bot2_Vitaly_Zaycev/RakSAMP Lite.log ----------
[02:15:07]  
[02:15:07] * ===================================================== *
[02:15:07]   RakSAMP Lite initialized on 02/04/2026 02:15:07
[02:15:07]   Authors: jlfm, bartekdvd, P3ti, Rei
[02:15:07]   Visit t.me/reiscripts
[02:15:07] * ===================================================== *
[02:15:07]  
[02:15:07] [LUA] Loading scripts...
[02:15:07] [LUA] [00_forum_bundle] skip damage_status.lua: cannot open forum_lua_blasthk/damage_status.lua: No such file or directory
[02:15:07] [LUA] [00_forum_bundle] skip InvalidPositionFix.lua: cannot open forum_lua_blasthk/InvalidPositionFix.lua: No such file or directory
[02:15:07] [LUA] [00_forum_bundle] OK: damage_status, InvalidPositionFix
[02:15:07] [LUA] Z:\workspace\lite_run\bot2_Vitaly_Zaycev\scripts\00_forum_bundle.lua loaded
[02:15:07] [LUA] Z:\workspace\lite_run\bot2_Vitaly_Zaycev\scripts\blasthk_aim_and_ping_merged.lua loaded
[02:15:07] [LUA] ========== blasthk_aim_and_ping_merged onLoad ==========
[02:15:07] [LUA] [merged] aim_fix + send_ping_fix + PRIME RUSSIA GUI handler
[02:15:07] [LUA] [merged] GUI packets: in=251/252 out=251
[02:15:07] [LUA] [merged] pw_len=15
[02:15:08] [LUA] [merged] samp.events callbacks registered via MODULE
[02:15:08] [NET] Connecting to 87.228.5.12:7777...
[02:15:08] [LUA] [pkt in] id=12
[02:15:08] [LUA] [RPC in] id=151
[02:15:08] [LUA] [pkt in] id=34
[02:15:08] [LUA] [merged] ConnectionRequestAccepted ip=-651740659 port=15365 playerId=2
[02:15:08] [NET] Connected. Joining the game...
[02:15:08] [LUA] [pkt in] id=41
[02:15:08] [LUA] [RPC in] id=60
[02:15:08] [LUA] [RPC in] id=14
[02:15:08] [LUA] [RPC in] id=66
[02:15:08] [LUA] [RPC in] id=21
[02:15:08] [LUA] [RPC in] id=93
[02:15:08] [LUA] [merged] ServerMsg color=FFFFFFFFFFFFFFFF ascii=" " hex=20 
[02:15:08] [MSG]  
[02:15:08] [LUA] [RPC in] id=93
[02:15:08] [LUA] [merged] ServerMsg color=FFFFFFFFFFFFFFFF ascii=" " hex=20 
[02:15:08] [MSG]  
[02:15:08] [LUA] [RPC in] id=93
[02:15:08] [LUA] [merged] ServerMsg color=FFFFFFFFFFFFFFFF ascii=" " hex=20 
[02:15:08] [MSG]  
[02:15:08] [LUA] [RPC in] id=93
[02:15:08] [LUA] [merged] ServerMsg color=FFFFFFFFFFFFFFFF ascii=" " hex=20 
[02:15:08] [MSG]  
[02:15:08] [LUA] [RPC in] id=93
[02:15:08] [LUA] [merged] ServerMsg color=FFFFFFFFFFFFFFFF ascii=" " hex=20 
[02:15:08] [MSG]  
[02:15:08] [LUA] [RPC in] id=93
[02:15:08] [LUA] [merged] ServerMsg color=FFFFFFFFFFFFFFFF ascii=" " hex=20 
[02:15:08] [MSG]  
[02:15:08] [LUA] [RPC in] id=93
[02:15:08] [LUA] [merged] ServerMsg color=FFFFFFFFFFFFFFFF ascii=" " hex=20 
[02:15:08] [MSG]  
[02:15:08] [LUA] [RPC in] id=93
[02:15:08] [LUA] [merged] ServerMsg color=FFFFFFFFFFFFFFFF ascii=" " hex=20 
[02:15:08] [MSG]  
[02:15:08] [LUA] [RPC in] id=93
[02:15:08] [LUA] [merged] ServerMsg color=FFFFFFFFFFFFFFFF ascii=" " hex=20 
[02:15:08] [MSG]  
[02:15:08] [LUA] [RPC in] id=93
[02:15:08] [LUA] [merged] ServerMsg color=FFFFFFFFFFFFFFFF ascii=" " hex=20 
[02:15:09] [MSG]  
[02:15:09] [LUA] [RPC in] id=93
[02:15:09] [LUA] [merged] ServerMsg color=FFFFFFFFFFFFFFFF ascii=" " hex=20 
[02:15:09] [MSG]  
[02:15:09] [LUA] [RPC in] id=93
[02:15:09] [LUA] [merged] ServerMsg color=FFFFFFFFFFFFFFFF ascii=" " hex=20 
[02:15:09] [MSG]  
[02:15:09] [LUA] [RPC in] id=93
[02:15:09] [LUA] [merged] ServerMsg color=FFFFFFFFFFFFFFFF ascii=" " hex=20 
[02:15:09] [MSG]  
[02:15:09] [LUA] [RPC in] id=93
[02:15:09] [LUA] [merged] ServerMsg color=FFFFFFFFFFFFFFFF ascii=" " hex=20 
[02:15:09] [MSG]  
[02:15:09] [LUA] [RPC in] id=93
[02:15:09] [LUA] [merged] ServerMsg color=FFFFFFFFFFFFFFFF ascii=" " hex=20 
[02:15:09] [MSG]  
[02:15:09] [LUA] [RPC in] id=93
[02:15:09] [LUA] [merged] ServerMsg color=FFFFFFFFFFFFFFFF ascii=" " hex=20 
[02:15:09] [MSG]  
[02:15:09] [LUA] [RPC in] id=93
[02:15:09] [LUA] [merged] ServerMsg color=FFFFFFFFFFFFFFFF ascii=" " hex=20 
[02:15:09] [MSG]  
[02:15:09] [LUA] [RPC in] id=93
[02:15:09] [LUA] [merged] ServerMsg color=FFFFFFFFFFFFFFFF ascii=" " hex=20 
[02:15:09] [MSG]  
[02:15:09] [LUA] [RPC in] id=93
[02:15:09] [LUA] [merged] ServerMsg color=FFFFFFFFFFFFFFFF ascii=" " hex=20 
[02:15:09] [MSG]  
[02:15:09] [LUA] [RPC in] id=93
[02:15:09] [LUA] [merged] ServerMsg color=FFFFFFFFFFFFFFFF ascii=" " hex=20 
[02:15:09] [MSG]  
[02:15:09] [LUA] [RPC in] id=93
[02:15:09] [LUA] [merged] ServerMsg color=FFFFFFFFFFFFFFFF ascii=" " hex=20 
[02:15:09] [MSG]  
[02:15:09] [LUA] [RPC in] id=93
[02:15:09] [LUA] [merged] ServerMsg color=FFFFFFFFFFFFFFFF ascii=" " hex=20 
[02:15:09] [MSG]  
[02:15:09] [LUA] [RPC in] id=93
[02:15:09] [LUA] [merged] ServerMsg color=FFFFFFFFFFFFFFFF ascii=" " hex=20 
[02:15:09] [MSG]  
[02:15:09] [LUA] [RPC in] id=93
[02:15:09] [LUA] [merged] ServerMsg color=FFFFFFFFFFFFFFFF ascii=" " hex=20 
[02:15:09] [MSG]  
[02:15:09] [LUA] [RPC in] id=93
[02:15:09] [LUA] [merged] ServerMsg color=FFFFFFFFFFFFFFFF ascii=" " hex=20 
[02:15:09] [MSG]  
[02:15:09] [LUA] [RPC in] id=93
[02:15:09] [LUA] [merged] ServerMsg color=FFFFFFFFFFFFFFFF ascii=" " hex=20 
[02:15:09] [MSG]  
[02:15:09] [LUA] [RPC in] id=168
[02:15:09] [LUA] [RPC in] id=168
[02:15:09] [LUA] [RPC in] id=168
[02:15:09] [LUA] [RPC in] id=93
[02:15:09] [LUA] [merged] ServerMsg color=FFFFFFFFFFFFFFFF ascii="{FFFFFF}| ..... .......... .. {E24B4B}PRIME RUSSIA{FFFFFF}, ...... ." hex=7B 46 46 46 46 46 46 7D 7C 20 C4 EE E1 F0 EE 20 EF EE E6 E0 EB EE E2 E0 F2 FC 20 ED E0 20 7B 45 32 34 42 34 42 7D 50 52 49 4D 45 20 52 55 53 53 49 41 7B 46 46 46 46 46 46 7D 2C 20 F1 E5 F0 E2 E5 F0 20 97 
[02:15:09] [MSG] {FFFFFF}| Добро пожаловать на {E24B4B}PRIME RUSSIA{FFFFFF}, сервер —
[02:15:09] [LUA] [RPC in] id=93
[02:15:09] [LUA] [merged] ServerMsg color=FFFFFFFFFFFFFFFF ascii="{FFFFFF}| . {E24B4B}RED" hex=7B 46 46 46 46 46 46 7D 7C 20 97 20 7B 45 32 34 42 34 42 7D 52 45 44 
[02:15:09] [MSG] {FFFFFF}| — {E24B4B}RED
[02:15:09] [LUA] [RPC in] id=93
[02:15:09] [LUA] [merged] ServerMsg color=FFFFFFFFFFFFFFFF ascii="{FFFFFF}| . ..... ...... ........ {E24B4B}t.me/primee_dev{FFFFFF} ...." hex=7B 46 46 46 46 46 46 7D 7C 20 C2 20 ED E0 F8 E5 EC 20 EA E0 ED E0 EB E5 20 D2 E5 EB E5 E3 F0 E0 EC 20 7B 45 32 34 42 34 42 7D 74 2E 6D 65 2F 70 72 69 6D 65 65 5F 64 65 76 7B 46 46 46 46 46 46 7D 20 E8 E4 B8 F2 
[02:15:09] [MSG] {FFFFFF}| В нашем канале Телеграм {E24B4B}t.me/primee_dev{FFFFFF} идёт
[02:15:09] [LUA] [RPC in] id=93
[02:15:09] [LUA] [merged] ServerMsg color=FFFFFFFFFFFFFFFF ascii="{FFFFFF}| . ....... ........" hex=7B 46 46 46 46 46 46 7D 7C 20 97 20 F0 E0 E7 E4 E0 F7 E0 20 EF EE E4 E0 F0 EA EE E2 
[02:15:09] [MSG] {FFFFFF}| — раздача подарков
[02:15:09] [LUA] [RPC in] id=93
[02:15:09] [LUA] [merged] ServerMsg color=FFFFFFFFFFFFFFFF ascii="{FFFFFF}| ... ....... ..... ........ . .. ...... ......." hex=7B 46 46 46 46 46 46 7D 7C 20 C4 EB FF 20 F3 F7 E0 F1 F2 E8 FF 20 ED F3 E6 ED EE 20 ED E0 EF E8 F1 E0 F2 FC 20 E2 20 CB D1 20 E3 F0 F3 EF EF FB 20 EA EE E4 EE E2 EE E5 
[02:15:09] [MSG] {FFFFFF}| Для участия нужно написать в ЛС группы кодовое
[02:15:09] [LUA] [RPC in] id=93
[02:15:09] [LUA] [merged] ServerMsg color=FFFFFFFFFFFFFFFF ascii="{FFFFFF}| . ..... {E24B4B}#...." hex=7B 46 46 46 46 46 46 7D 7C 20 97 20 F1 EB EE E2 EE 20 7B 45 32 34 42 34 42 7D 23 D5 CE D7 D3 
[02:15:09] [MSG] {FFFFFF}| — слово {E24B4B}#ХОЧУ
[02:15:09] [LUA] [RPC in] id=93
[02:15:09] [LUA] [merged] ServerMsg color=FFFFFFFFFFFFFFFF ascii=" " hex=20 
[02:15:09] [MSG]  
[02:15:09] [LUA] [RPC in] id=29
[02:15:09] [LUA] [RPC in] id=44
[02:15:09] [LUA] [RPC in] id=44
[02:15:09] [LUA] [RPC in] id=44
[02:15:09] [LUA] [RPC in] id=44
[02:15:09] [LUA] [RPC in] id=44
[02:15:09] [LUA] [RPC in] id=44
[02:15:09] [LUA] [RPC in] id=44
[02:15:09] [LUA] [RPC in] id=44
[02:15:09] [LUA] [RPC in] id=44
[02:15:09] [LUA] [RPC in] id=44
[02:15:09] [LUA] [RPC in] id=168
[02:15:09] [LUA] [RPC in] id=44
[02:15:09] [LUA] [RPC in] id=44
[02:15:09] [LUA] [RPC in] id=44
[02:15:09] [LUA] [RPC in] id=44
[02:15:09] [LUA] [RPC in] id=44
[02:15:09] [LUA] [RPC in] id=44
[02:15:09] [LUA] [RPC in] id=44
[02:15:09] [LUA] [RPC in] id=44
[02:15:09] [LUA] [RPC in] id=44
[02:15:09] [LUA] [RPC in] id=44
[02:15:09] [LUA] [RPC in] id=168
[02:15:09] [LUA] [RPC in] id=44
[02:15:09] [LUA] [RPC in] id=44
[02:15:09] [LUA] [RPC in] id=44
[02:15:09] [LUA] [RPC in] id=44
[02:15:09] [LUA] [RPC in] id=44
[02:15:09] [LUA] [RPC in] id=44
[02:15:09] [LUA] [RPC in] id=44
[02:15:09] [LUA] [RPC in] id=44
[02:15:09] [LUA] [RPC in] id=44
[02:15:09] [LUA] [RPC in] id=44
[02:15:09] [LUA] [RPC in] id=44
[02:15:09] [LUA] [RPC in] id=44
[02:15:09] [LUA] [RPC in] id=44
[02:15:09] [LUA] [RPC in] id=44
[02:15:09] [LUA] [RPC in] id=44
[02:15:09] [LUA] [RPC in] id=44
[02:15:09] [LUA] [RPC in] id=44
[02:15:09] [LUA] [RPC in] id=44
[02:15:09] [LUA] [RPC in] id=44
[02:15:09] [LUA] [RPC in] id=44
[02:15:09] [LUA] [RPC in] id=44
[02:15:09] [LUA] [RPC in] id=44
[02:15:09] [LUA] [RPC in] id=44
[02:15:09] [LUA] [RPC in] id=44
[02:15:09] [LUA] [RPC in] id=44
[02:15:09] [LUA] [RPC in] id=44
[02:15:09] [LUA] [RPC in] id=44
[02:15:09] [LUA] [RPC in] id=44
[02:15:09] [LUA] [RPC in] id=44
[02:15:09] [LUA] [RPC in] id=44
[02:15:09] [LUA] [RPC in] id=44
[02:15:09] [LUA] [RPC in] id=44
[02:15:09] [LUA] [RPC in] id=44
[02:15:09] [LUA] [RPC in] id=44
[02:15:09] [LUA] [RPC in] id=44
[02:15:09] [LUA] [RPC in] id=44
[02:15:09] [LUA] [RPC in] id=44
[02:15:09] [LUA] [RPC in] id=44
[02:15:09] [LUA] [RPC in] id=44
[02:15:09] [LUA] [RPC in] id=44
[02:15:09] [LUA] [RPC in] id=44
[02:15:09] [LUA] [RPC in] id=44
[02:15:09] [LUA] [RPC in] id=44
[02:15:09] [LUA] [RPC in] id=139
[02:15:09] [LUA] [merged] onInitGame playerId=2 host=PRIME RUSSIA classes=1
[02:15:09] [LUA] [merged] onInitGame: waiting for JSON GUI flow (screen 38/50)
[02:15:09] [NET] Connected to PRIME RUSSIA
[02:15:09] [RPC] >> Class 0 requested
[02:15:09] [LUA] [RPC in] id=151
[02:15:09] [LUA] [RPC in] id=157
[02:15:10] [LUA] [RPC in] id=158
[02:15:10] [LUA] [pkt in] id=252
[02:15:10] [LUA] [PR-IN] pkt=252 total_bytes=20
[02:15:10] [LUA] [PR-IN-HEX] FC 26 00 0D 00 00 00 7B 22 6F 22 3A 31 2C 22 72 22 3A 30 7D 
[02:15:10] [LUA] [PR-IN-PARSE] pkt=0xFC screen=38 len=13 dup=0 total=20
[02:15:10] [LUA] [PR-IN] screen=38 json={"o":1,"r":0}
[02:15:10] [LUA] [PR-IN] screen=38 json={"o":1,"r":0}
[02:15:10] [LUA] [PR] GUI38 OPEN: REGISTRATION mode
[02:15:10] [LUA] [RPC in] id=41
[02:15:10] [AUDIO] 
[02:15:10] [LUA] [RPC in] id=168
[02:15:10] [LUA] [pkt in] id=251
[02:15:10] [LUA] [PR-IN] pkt=251 total_bytes=54
[02:15:10] [LUA] [PR-IN-HEX] FB 05 00 00 00 30 68 74 74 70 3A 2F 2F 77 68 33 36 30 36 2E 
[02:15:10] [LUA] [PR-IN-PARSE] pkt=0xFB screen=5 len=0 dup=26672 total=54
[02:15:10] [LUA] [PR-IN] screen=5 json=ttp://wh3606.web3.maze-host.ru/music/enter_.mp3
[02:15:10] [LUA] [PR-IN] screen=5 json=ttp://wh3606.web3.maze-host.ru/music/enter_.mp3
[02:15:10] [LUA] [pkt in] id=251
[02:15:10] [LUA] [PR-IN] pkt=251 total_bytes=54
[02:15:10] [LUA] [PR-IN-HEX] FB 05 00 00 00 30 68 74 74 70 3A 2F 2F 77 68 33 36 30 36 2E 
[02:15:10] [LUA] [PR-IN-PARSE] pkt=0xFB screen=5 len=0 dup=26672 total=54
[02:15:10] [LUA] [PR-IN] screen=5 json=ttp://wh3606.web3.maze-host.ru/music/enter_.mp3
[02:15:10] [LUA] [PR-IN] screen=5 json=ttp://wh3606.web3.maze-host.ru/music/enter_.mp3
[02:15:10] [LUA] [RPC in] id=128
[02:15:10] [LUA] [merged] RequestClassResponse canSpawn=true skin=0
[02:15:10] [LUA] [RPC in] id=47
[02:15:10] [LUA] [RPC in] id=44
[02:15:10] [LUA] [RPC in] id=47
[02:15:10] [LUA] [RPC in] id=44
[02:15:10] [LUA] [RPC in] id=47
[02:15:10] [LUA] [RPC in] id=44
[02:15:10] [LUA] [RPC in] id=47
[02:15:10] [LUA] [RPC in] id=44
[02:15:10] [LUA] [RPC in] id=47
[02:15:10] [LUA] [RPC in] id=44
[02:15:10] [LUA] [RPC in] id=47
[02:15:10] [LUA] [RPC in] id=44
[02:15:10] [LUA] [RPC in] id=47
[02:15:10] [LUA] [RPC in] id=44
[02:15:10] [LUA] [RPC in] id=47
[02:15:10] [LUA] [RPC in] id=44
[02:15:10] [LUA] [RPC in] id=47
[02:15:10] [LUA] [RPC in] id=44
[02:15:10] [LUA] [RPC in] id=47
[02:15:10] [LUA] [RPC in] id=44
[02:15:10] [LUA] [RPC in] id=47
[02:15:10] [LUA] [RPC in] id=44
[02:15:10] [LUA] [RPC in] id=47
[02:15:10] [LUA] [RPC in] id=44
[02:15:10] [LUA] [RPC in] id=47
[02:15:10] [LUA] [RPC in] id=44
[02:15:10] [LUA] [RPC in] id=47
[02:15:10] [LUA] [RPC in] id=44
[02:15:10] [LUA] [RPC in] id=47
[02:15:10] [LUA] [RPC in] id=44
[02:15:10] [LUA] [RPC in] id=47
[02:15:10] [LUA] [RPC in] id=44
[02:15:10] [LUA] [RPC in] id=47
[02:15:10] [LUA] [RPC in] id=44
[02:15:10] [LUA] [RPC in] id=151
[02:15:10] [LUA] [RPC in] id=47
[02:15:10] [LUA] [RPC in] id=44
[02:15:10] [LUA] [PR] REGISTER attempt=1 nick=Vitaly_Zaycev pw_len=15 skin=239
[02:15:10] [LUA] [PR-SEND mode=FIXED] screen=38 len=49 json={"t":1,"s":"Vitaly_Zaycev","p":"[REDACTED_PASSWORD]"}
[02:15:10] [LUA] [PR] Registration t=1 sent, waiting for server steps...
[02:15:11] [LUA] [RPC in] id=151
[02:15:12] [LUA] [RPC in] id=151
[02:15:13] [LUA] [RPC in] id=47
[02:15:13] [LUA] [RPC in] id=44
[02:15:13] [LUA] [RPC in] id=47
[02:15:13] [LUA] [RPC in] id=44
[02:15:13] [LUA] [RPC in] id=47
[02:15:13] [LUA] [RPC in] id=44
[02:15:13] [LUA] [RPC in] id=47
[02:15:13] [LUA] [RPC in] id=44
[02:15:13] [LUA] [RPC in] id=47
[02:15:13] [LUA] [RPC in] id=44
[02:15:13] [LUA] [RPC in] id=47
[02:15:13] [LUA] [RPC in] id=44
[02:15:13] [LUA] [RPC in] id=47
[02:15:13] [LUA] [RPC in] id=44
[02:15:13] [LUA] [RPC in] id=47
[02:15:13] [LUA] [RPC in] id=44
[02:15:13] [LUA] [RPC in] id=47
[02:15:13] [LUA] [RPC in] id=44
[02:15:13] [LUA] [RPC in] id=47
[02:15:13] [LUA] [RPC in] id=44
[02:15:13] [LUA] [RPC in] id=47
[02:15:13] [LUA] [RPC in] id=44
[02:15:13] [LUA] [RPC in] id=47
[02:15:13] [LUA] [RPC in] id=44
[02:15:13] [LUA] [RPC in] id=47
[02:15:13] [LUA] [RPC in] id=44
[02:15:13] [LUA] [RPC in] id=47
[02:15:13] [LUA] [RPC in] id=44
[02:15:13] [LUA] [RPC in] id=47
[02:15:13] [LUA] [RPC in] id=44
[02:15:13] [LUA] [RPC in] id=47
[02:15:13] [LUA] [RPC in] id=44
[02:15:13] [LUA] [RPC in] id=47
[02:15:13] [LUA] [RPC in] id=44
[02:15:13] [LUA] [RPC in] id=151
[02:15:13] [LUA] [RPC in] id=47
[02:15:13] [LUA] [RPC in] id=44
[02:15:14] [LUA] [RPC in] id=151
[02:15:15] [LUA] [RPC in] id=151
[02:15:16] [LUA] [RPC in] id=151
[02:15:17] [LUA] [RPC in] id=151
[02:15:18] [LUA] [RPC in] id=151
[02:15:19] [LUA] [RPC in] id=151
[02:15:20] [LUA] [RPC in] id=151
[02:15:21] [LUA] [RPC in] id=60
[02:15:21] [LUA] [RPC in] id=151
[02:15:22] [LUA] [RPC in] id=151
[02:15:23] [LUA] [RPC in] id=151
[02:15:24] [LUA] [RPC in] id=151
[02:15:25] [LUA] [RPC in] id=151
[02:15:26] [LUA] [RPC in] id=151
[02:15:27] [LUA] [RPC in] id=151
[02:15:28] [LUA] [RPC in] id=151
[02:15:29] [LUA] [RPC in] id=151
[02:15:30] [LUA] [RPC in] id=151
[02:15:31] [LUA] [RPC in] id=151
[02:15:32] [LUA] [RPC in] id=151
[02:15:33] [LUA] [RPC in] id=151
[02:15:34] [LUA] [RPC in] id=151
[02:15:35] [LUA] [RPC in] id=151
[02:15:36] [LUA] [RPC in] id=151
[02:15:37] [LUA] [RPC in] id=151
[02:15:38] [LUA] [RPC in] id=151
[02:15:39] [LUA] [RPC in] id=47
[02:15:39] [LUA] [RPC in] id=44
[02:15:39] [LUA] [RPC in] id=47
[02:15:39] [LUA] [RPC in] id=44
[02:15:39] [LUA] [RPC in] id=47
[02:15:39] [LUA] [RPC in] id=44
[02:15:39] [LUA] [RPC in] id=47
[02:15:39] [LUA] [RPC in] id=44
[02:15:39] [LUA] [RPC in] id=47
[02:15:39] [LUA] [RPC in] id=44
[02:15:39] [LUA] [RPC in] id=47
[02:15:39] [LUA] [RPC in] id=44
[02:15:39] [LUA] [RPC in] id=47
[02:15:39] [LUA] [RPC in] id=44
[02:15:39] [LUA] [RPC in] id=47
[02:15:39] [LUA] [RPC in] id=44
[02:15:39] [LUA] [RPC in] id=47
[02:15:39] [LUA] [RPC in] id=44
[02:15:39] [LUA] [RPC in] id=47
[02:15:39] [LUA] [RPC in] id=44
[02:15:39] [LUA] [RPC in] id=47
[02:15:39] [LUA] [RPC in] id=44
[02:15:39] [LUA] [RPC in] id=47
[02:15:39] [LUA] [RPC in] id=44
[02:15:39] [LUA] [RPC in] id=47
[02:15:39] [LUA] [RPC in] id=44
[02:15:39] [LUA] [RPC in] id=47
[02:15:39] [LUA] [RPC in] id=44
[02:15:39] [LUA] [RPC in] id=47
[02:15:39] [LUA] [RPC in] id=44
[02:15:39] [LUA] [RPC in] id=47
[02:15:39] [LUA] [RPC in] id=44
[02:15:39] [LUA] [RPC in] id=47
[02:15:39] [LUA] [RPC in] id=44
[02:15:39] [LUA] [RPC in] id=47
[02:15:39] [LUA] [RPC in] id=44
[02:15:39] [LUA] [RPC in] id=151
[02:15:40] [LUA] [RPC in] id=151
[02:15:41] [LUA] [RPC in] id=151
[02:15:42] [LUA] [RPC in] id=47
[02:15:42] [LUA] [RPC in] id=44
[02:15:42] [LUA] [RPC in] id=47
[02:15:42] [LUA] [RPC in] id=44
[02:15:42] [LUA] [RPC in] id=47
[02:15:42] [LUA] [RPC in] id=44
[02:15:42] [LUA] [RPC in] id=47
[02:15:42] [LUA] [RPC in] id=44
[02:15:42] [LUA] [RPC in] id=47
[02:15:42] [LUA] [RPC in] id=44
[02:15:42] [LUA] [RPC in] id=47
[02:15:42] [LUA] [RPC in] id=44
[02:15:42] [LUA] [RPC in] id=47
[02:15:42] [LUA] [RPC in] id=44
[02:15:42] [LUA] [RPC in] id=47
[02:15:42] [LUA] [RPC in] id=44
[02:15:42] [LUA] [RPC in] id=47
[02:15:42] [LUA] [RPC in] id=44
[02:15:42] [LUA] [RPC in] id=47
[02:15:42] [LUA] [RPC in] id=44
[02:15:42] [LUA] [RPC in] id=47
[02:15:42] [LUA] [RPC in] id=44
[02:15:42] [LUA] [RPC in] id=47
[02:15:42] [LUA] [RPC in] id=44
[02:15:42] [LUA] [RPC in] id=47
[02:15:42] [LUA] [RPC in] id=44
[02:15:42] [LUA] [RPC in] id=47
[02:15:42] [LUA] [RPC in] id=44
[02:15:42] [LUA] [RPC in] id=47
[02:15:42] [LUA] [RPC in] id=44
[02:15:42] [LUA] [RPC in] id=47
[02:15:42] [LUA] [RPC in] id=44
[02:15:42] [LUA] [RPC in] id=47
[02:15:42] [LUA] [RPC in] id=44
[02:15:42] [LUA] [RPC in] id=47
[02:15:42] [LUA] [RPC in] id=44
[02:15:42] [LUA] [RPC in] id=151
[02:15:43] [LUA] [RPC in] id=151
[02:15:44] [LUA] [RPC in] id=151
[02:15:45] [LUA] [RPC in] id=151
[02:15:46] [LUA] [RPC in] id=151
[02:15:47] [LUA] [RPC in] id=151
[02:15:48] [LUA] [RPC in] id=151
[02:15:49] [LUA] [RPC in] id=151
[02:15:50] [LUA] [RPC in] id=151
[02:15:51] [LUA] [RPC in] id=60
[02:15:51] [LUA] [RPC in] id=151
[02:15:52] [LUA] [RPC in] id=151
[02:15:53] [LUA] [RPC in] id=151
[02:15:54] [LUA] [RPC in] id=151
[02:15:55] [LUA] [RPC in] id=151
[02:15:56] [LUA] [RPC in] id=151
[02:15:57] [LUA] [RPC in] id=151
[02:15:58] [LUA] [RPC in] id=151
[02:15:59] [LUA] [RPC in] id=151
[02:16:00] [LUA] [RPC in] id=94
[02:16:00] [LUA] [RPC in] id=29
[02:16:00] [LUA] [RPC in] id=151
[02:16:01] [LUA] [RPC in] id=151
[02:16:02] [LUA] [RPC in] id=151
[02:16:03] [LUA] [RPC in] id=151
[02:16:04] [LUA] [RPC in] id=151
[02:16:05] [LUA] [RPC in] id=151
[02:16:06] [LUA] [RPC in] id=151
[02:16:07] [LUA] [RPC in] id=47
[02:16:07] [LUA] [RPC in] id=44
[02:16:07] [LUA] [RPC in] id=47
[02:16:07] [LUA] [RPC in] id=44
[02:16:07] [LUA] [RPC in] id=47
[02:16:07] [LUA] [RPC in] id=44
[02:16:07] [LUA] [RPC in] id=47
[02:16:07] [LUA] [RPC in] id=44
[02:16:07] [LUA] [RPC in] id=47
[02:16:07] [LUA] [RPC in] id=44
[02:16:07] [LUA] [RPC in] id=47
[02:16:07] [LUA] [RPC in] id=44
[02:16:07] [LUA] [RPC in] id=47
[02:16:07] [LUA] [RPC in] id=44
[02:16:07] [LUA] [RPC in] id=47
[02:16:07] [LUA] [RPC in] id=44
[02:16:07] [LUA] [RPC in] id=47
[02:16:07] [LUA] [RPC in] id=44
[02:16:07] [LUA] [RPC in] id=47
[02:16:07] [LUA] [RPC in] id=44
[02:16:07] [LUA] [RPC in] id=47
[02:16:07] [LUA] [RPC in] id=44
[02:16:07] [LUA] [RPC in] id=47
[02:16:07] [LUA] [RPC in] id=44
[02:16:07] [LUA] [RPC in] id=47
[02:16:07] [LUA] [RPC in] id=44
[02:16:07] [LUA] [RPC in] id=47
[02:16:07] [LUA] [RPC in] id=44
[02:16:07] [LUA] [RPC in] id=47
[02:16:07] [LUA] [RPC in] id=44
[02:16:07] [LUA] [RPC in] id=47
[02:16:07] [LUA] [RPC in] id=44
[02:16:07] [LUA] [RPC in] id=47
[02:16:07] [LUA] [RPC in] id=44
[02:16:07] [LUA] [RPC in] id=47
[02:16:07] [LUA] [RPC in] id=44
[02:16:07] [LUA] [RPC in] id=151
[02:16:08] [LUA] [RPC in] id=151
[02:16:09] [LUA] [RPC in] id=151
[02:16:10] [LUA] [RPC in] id=47
[02:16:10] [LUA] [RPC in] id=44
[02:16:10] [LUA] [RPC in] id=47
[02:16:10] [LUA] [RPC in] id=44
[02:16:10] [LUA] [RPC in] id=47
[02:16:10] [LUA] [RPC in] id=44
[02:16:10] [LUA] [RPC in] id=47
[02:16:10] [LUA] [RPC in] id=44
[02:16:10] [LUA] [RPC in] id=47
[02:16:10] [LUA] [RPC in] id=44
[02:16:10] [LUA] [RPC in] id=47
[02:16:10] [LUA] [RPC in] id=44
[02:16:10] [LUA] [RPC in] id=47
[02:16:10] [LUA] [RPC in] id=44
[02:16:10] [LUA] [RPC in] id=47
[02:16:10] [LUA] [RPC in] id=44
[02:16:10] [LUA] [RPC in] id=47
[02:16:10] [LUA] [RPC in] id=44
[02:16:10] [LUA] [RPC in] id=47
[02:16:10] [LUA] [RPC in] id=44
[02:16:10] [LUA] [RPC in] id=47
[02:16:10] [LUA] [RPC in] id=44
[02:16:10] [LUA] [RPC in] id=47
[02:16:10] [LUA] [RPC in] id=44
[02:16:10] [LUA] [RPC in] id=47
[02:16:10] [LUA] [RPC in] id=44
[02:16:10] [LUA] [RPC in] id=47
[02:16:10] [LUA] [RPC in] id=44
[02:16:10] [LUA] [RPC in] id=47
[02:16:10] [LUA] [RPC in] id=44
[02:16:10] [LUA] [RPC in] id=47
[02:16:10] [LUA] [RPC in] id=44
[02:16:10] [LUA] [RPC in] id=47
[02:16:10] [LUA] [RPC in] id=44
[02:16:10] [LUA] [RPC in] id=47
[02:16:10] [LUA] [RPC in] id=44
[02:16:10] [LUA] [RPC in] id=151
[02:16:11] [LUA] [RPC in] id=151
[02:16:12] [LUA] [RPC in] id=151
[02:16:13] [LUA] [RPC in] id=151

---------- bot2_Vitaly_Zaycev/lite_debug.log ----------
2026-04-02 02:15:07 ========== blasthk_aim_and_ping_merged onLoad ==========
2026-04-02 02:15:07 [merged] aim_fix + send_ping_fix + PRIME RUSSIA GUI handler
2026-04-02 02:15:07 [merged] GUI packets: in=251/252 out=251
2026-04-02 02:15:07 [merged] pw_len=15
2026-04-02 02:15:08 [merged] samp.events callbacks registered via MODULE
2026-04-02 02:15:08 [pkt in] id=12
2026-04-02 02:15:08 [RPC in] id=151
2026-04-02 02:15:08 [pkt in] id=34
2026-04-02 02:15:08 [merged] ConnectionRequestAccepted ip=-651740659 port=15365 playerId=2
2026-04-02 02:15:08 [pkt in] id=41
2026-04-02 02:15:08 [RPC in] id=60
2026-04-02 02:15:08 [RPC in] id=14
2026-04-02 02:15:08 [RPC in] id=66
2026-04-02 02:15:08 [RPC in] id=21
2026-04-02 02:15:08 [RPC in] id=93
2026-04-02 02:15:08 [merged] ServerMsg color=FFFFFFFFFFFFFFFF ascii=" " hex=20 
2026-04-02 02:15:08 [RPC in] id=93
2026-04-02 02:15:08 [merged] ServerMsg color=FFFFFFFFFFFFFFFF ascii=" " hex=20 
2026-04-02 02:15:08 [RPC in] id=93
2026-04-02 02:15:08 [merged] ServerMsg color=FFFFFFFFFFFFFFFF ascii=" " hex=20 
2026-04-02 02:15:08 [RPC in] id=93
2026-04-02 02:15:08 [merged] ServerMsg color=FFFFFFFFFFFFFFFF ascii=" " hex=20 
2026-04-02 02:15:08 [RPC in] id=93
2026-04-02 02:15:08 [merged] ServerMsg color=FFFFFFFFFFFFFFFF ascii=" " hex=20 
2026-04-02 02:15:08 [RPC in] id=93
2026-04-02 02:15:08 [merged] ServerMsg color=FFFFFFFFFFFFFFFF ascii=" " hex=20 
2026-04-02 02:15:08 [RPC in] id=93
2026-04-02 02:15:08 [merged] ServerMsg color=FFFFFFFFFFFFFFFF ascii=" " hex=20 
2026-04-02 02:15:08 [RPC in] id=93
2026-04-02 02:15:08 [merged] ServerMsg color=FFFFFFFFFFFFFFFF ascii=" " hex=20 
2026-04-02 02:15:08 [RPC in] id=93
2026-04-02 02:15:08 [merged] ServerMsg color=FFFFFFFFFFFFFFFF ascii=" " hex=20 
2026-04-02 02:15:08 [RPC in] id=93
2026-04-02 02:15:08 [merged] ServerMsg color=FFFFFFFFFFFFFFFF ascii=" " hex=20 
2026-04-02 02:15:09 [RPC in] id=93
2026-04-02 02:15:09 [merged] ServerMsg color=FFFFFFFFFFFFFFFF ascii=" " hex=20 
2026-04-02 02:15:09 [RPC in] id=93
2026-04-02 02:15:09 [merged] ServerMsg color=FFFFFFFFFFFFFFFF ascii=" " hex=20 
2026-04-02 02:15:09 [RPC in] id=93
2026-04-02 02:15:09 [merged] ServerMsg color=FFFFFFFFFFFFFFFF ascii=" " hex=20 
2026-04-02 02:15:09 [RPC in] id=93
2026-04-02 02:15:09 [merged] ServerMsg color=FFFFFFFFFFFFFFFF ascii=" " hex=20 
2026-04-02 02:15:09 [RPC in] id=93
2026-04-02 02:15:09 [merged] ServerMsg color=FFFFFFFFFFFFFFFF ascii=" " hex=20 
2026-04-02 02:15:09 [RPC in] id=93
2026-04-02 02:15:09 [merged] ServerMsg color=FFFFFFFFFFFFFFFF ascii=" " hex=20 
2026-04-02 02:15:09 [RPC in] id=93
2026-04-02 02:15:09 [merged] ServerMsg color=FFFFFFFFFFFFFFFF ascii=" " hex=20 
2026-04-02 02:15:09 [RPC in] id=93
2026-04-02 02:15:09 [merged] ServerMsg color=FFFFFFFFFFFFFFFF ascii=" " hex=20 
2026-04-02 02:15:09 [RPC in] id=93
2026-04-02 02:15:09 [merged] ServerMsg color=FFFFFFFFFFFFFFFF ascii=" " hex=20 
2026-04-02 02:15:09 [RPC in] id=93
2026-04-02 02:15:09 [merged] ServerMsg color=FFFFFFFFFFFFFFFF ascii=" " hex=20 
2026-04-02 02:15:09 [RPC in] id=93
2026-04-02 02:15:09 [merged] ServerMsg color=FFFFFFFFFFFFFFFF ascii=" " hex=20 
2026-04-02 02:15:09 [RPC in] id=93
2026-04-02 02:15:09 [merged] ServerMsg color=FFFFFFFFFFFFFFFF ascii=" " hex=20 
2026-04-02 02:15:09 [RPC in] id=93
2026-04-02 02:15:09 [merged] ServerMsg color=FFFFFFFFFFFFFFFF ascii=" " hex=20 
2026-04-02 02:15:09 [RPC in] id=93
2026-04-02 02:15:09 [merged] ServerMsg color=FFFFFFFFFFFFFFFF ascii=" " hex=20 
2026-04-02 02:15:09 [RPC in] id=93
2026-04-02 02:15:09 [merged] ServerMsg color=FFFFFFFFFFFFFFFF ascii=" " hex=20 
2026-04-02 02:15:09 [RPC in] id=93
2026-04-02 02:15:09 [merged] ServerMsg color=FFFFFFFFFFFFFFFF ascii=" " hex=20 
2026-04-02 02:15:09 [RPC in] id=168
2026-04-02 02:15:09 [RPC in] id=168
2026-04-02 02:15:09 [RPC in] id=168
2026-04-02 02:15:09 [RPC in] id=93
2026-04-02 02:15:09 [merged] ServerMsg color=FFFFFFFFFFFFFFFF ascii="{FFFFFF}| ..... .......... .. {E24B4B}PRIME RUSSIA{FFFFFF}, ...... ." hex=7B 46 46 46 46 46 46 7D 7C 20 C4 EE E1 F0 EE 20 EF EE E6 E0 EB EE E2 E0 F2 FC 20 ED E0 20 7B 45 32 34 42 34 42 7D 50 52 49 4D 45 20 52 55 53 53 49 41 7B 46 46 46 46 46 46 7D 2C 20 F1 E5 F0 E2 E5 F0 20 97 
2026-04-02 02:15:09 [RPC in] id=93
2026-04-02 02:15:09 [merged] ServerMsg color=FFFFFFFFFFFFFFFF ascii="{FFFFFF}| . {E24B4B}RED" hex=7B 46 46 46 46 46 46 7D 7C 20 97 20 7B 45 32 34 42 34 42 7D 52 45 44 
2026-04-02 02:15:09 [RPC in] id=93
2026-04-02 02:15:09 [merged] ServerMsg color=FFFFFFFFFFFFFFFF ascii="{FFFFFF}| . ..... ...... ........ {E24B4B}t.me/primee_dev{FFFFFF} ...." hex=7B 46 46 46 46 46 46 7D 7C 20 C2 20 ED E0 F8 E5 EC 20 EA E0 ED E0 EB E5 20 D2 E5 EB E5 E3 F0 E0 EC 20 7B 45 32 34 42 34 42 7D 74 2E 6D 65 2F 70 72 69 6D 65 65 5F 64 65 76 7B 46 46 46 46 46 46 7D 20 E8 E4 B8 F2 
2026-04-02 02:15:09 [RPC in] id=93
2026-04-02 02:15:09 [merged] ServerMsg color=FFFFFFFFFFFFFFFF ascii="{FFFFFF}| . ....... ........" hex=7B 46 46 46 46 46 46 7D 7C 20 97 20 F0 E0 E7 E4 E0 F7 E0 20 EF EE E4 E0 F0 EA EE E2 
2026-04-02 02:15:09 [RPC in] id=93
2026-04-02 02:15:09 [merged] ServerMsg color=FFFFFFFFFFFFFFFF ascii="{FFFFFF}| ... ....... ..... ........ . .. ...... ......." hex=7B 46 46 46 46 46 46 7D 7C 20 C4 EB FF 20 F3 F7 E0 F1 F2 E8 FF 20 ED F3 E6 ED EE 20 ED E0 EF E8 F1 E0 F2 FC 20 E2 20 CB D1 20 E3 F0 F3 EF EF FB 20 EA EE E4 EE E2 EE E5 
2026-04-02 02:15:09 [RPC in] id=93
2026-04-02 02:15:09 [merged] ServerMsg color=FFFFFFFFFFFFFFFF ascii="{FFFFFF}| . ..... {E24B4B}#...." hex=7B 46 46 46 46 46 46 7D 7C 20 97 20 F1 EB EE E2 EE 20 7B 45 32 34 42 34 42 7D 23 D5 CE D7 D3 
2026-04-02 02:15:09 [RPC in] id=93
2026-04-02 02:15:09 [merged] ServerMsg color=FFFFFFFFFFFFFFFF ascii=" " hex=20 
2026-04-02 02:15:09 [RPC in] id=29
2026-04-02 02:15:09 [RPC in] id=44
2026-04-02 02:15:09 [RPC in] id=44
2026-04-02 02:15:09 [RPC in] id=44
2026-04-02 02:15:09 [RPC in] id=44
2026-04-02 02:15:09 [RPC in] id=44
2026-04-02 02:15:09 [RPC in] id=44
2026-04-02 02:15:09 [RPC in] id=44
2026-04-02 02:15:09 [RPC in] id=44
2026-04-02 02:15:09 [RPC in] id=44
2026-04-02 02:15:09 [RPC in] id=44
2026-04-02 02:15:09 [RPC in] id=168
2026-04-02 02:15:09 [RPC in] id=44
2026-04-02 02:15:09 [RPC in] id=44
2026-04-02 02:15:09 [RPC in] id=44
2026-04-02 02:15:09 [RPC in] id=44
2026-04-02 02:15:09 [RPC in] id=44
2026-04-02 02:15:09 [RPC in] id=44
2026-04-02 02:15:09 [RPC in] id=44
2026-04-02 02:15:09 [RPC in] id=44
2026-04-02 02:15:09 [RPC in] id=44
2026-04-02 02:15:09 [RPC in] id=44
2026-04-02 02:15:09 [RPC in] id=168
2026-04-02 02:15:09 [RPC in] id=44
2026-04-02 02:15:09 [RPC in] id=44
2026-04-02 02:15:09 [RPC in] id=44
2026-04-02 02:15:09 [RPC in] id=44
2026-04-02 02:15:09 [RPC in] id=44
2026-04-02 02:15:09 [RPC in] id=44
2026-04-02 02:15:09 [RPC in] id=44
2026-04-02 02:15:09 [RPC in] id=44
2026-04-02 02:15:09 [RPC in] id=44
2026-04-02 02:15:09 [RPC in] id=44
2026-04-02 02:15:09 [RPC in] id=44
2026-04-02 02:15:09 [RPC in] id=44
2026-04-02 02:15:09 [RPC in] id=44
2026-04-02 02:15:09 [RPC in] id=44
2026-04-02 02:15:09 [RPC in] id=44
2026-04-02 02:15:09 [RPC in] id=44
2026-04-02 02:15:09 [RPC in] id=44
2026-04-02 02:15:09 [RPC in] id=44
2026-04-02 02:15:09 [RPC in] id=44
2026-04-02 02:15:09 [RPC in] id=44
2026-04-02 02:15:09 [RPC in] id=44
2026-04-02 02:15:09 [RPC in] id=44
2026-04-02 02:15:09 [RPC in] id=44
2026-04-02 02:15:09 [RPC in] id=44
2026-04-02 02:15:09 [RPC in] id=44
2026-04-02 02:15:09 [RPC in] id=44
2026-04-02 02:15:09 [RPC in] id=44
2026-04-02 02:15:09 [RPC in] id=44
2026-04-02 02:15:09 [RPC in] id=44
2026-04-02 02:15:09 [RPC in] id=44
2026-04-02 02:15:09 [RPC in] id=44
2026-04-02 02:15:09 [RPC in] id=44
2026-04-02 02:15:09 [RPC in] id=44
2026-04-02 02:15:09 [RPC in] id=44
2026-04-02 02:15:09 [RPC in] id=44
2026-04-02 02:15:09 [RPC in] id=44
2026-04-02 02:15:09 [RPC in] id=44
2026-04-02 02:15:09 [RPC in] id=44
2026-04-02 02:15:09 [RPC in] id=44
2026-04-02 02:15:09 [RPC in] id=44
2026-04-02 02:15:09 [RPC in] id=44
2026-04-02 02:15:09 [RPC in] id=44
2026-04-02 02:15:09 [RPC in] id=44
2026-04-02 02:15:09 [RPC in] id=139
2026-04-02 02:15:09 [merged] onInitGame playerId=2 host=PRIME RUSSIA classes=1
2026-04-02 02:15:09 [merged] onInitGame: waiting for JSON GUI flow (screen 38/50)
2026-04-02 02:15:09 [RPC in] id=151
2026-04-02 02:15:09 [RPC in] id=157
2026-04-02 02:15:10 [RPC in] id=158
2026-04-02 02:15:10 [pkt in] id=252
2026-04-02 02:15:10 [PR-IN] pkt=252 total_bytes=20
2026-04-02 02:15:10 [PR-IN-HEX] FC 26 00 0D 00 00 00 7B 22 6F 22 3A 31 2C 22 72 22 3A 30 7D 
2026-04-02 02:15:10 [PR-IN-PARSE] pkt=0xFC screen=38 len=13 dup=0 total=20
2026-04-02 02:15:10 [PR-IN] screen=38 json={"o":1,"r":0}
2026-04-02 02:15:10 [PR-IN] screen=38 json={"o":1,"r":0}
2026-04-02 02:15:10 [PR] GUI38 OPEN: REGISTRATION mode
2026-04-02 02:15:10 [RPC in] id=41
2026-04-02 02:15:10 [RPC in] id=168
2026-04-02 02:15:10 [pkt in] id=251
2026-04-02 02:15:10 [PR-IN] pkt=251 total_bytes=54
2026-04-02 02:15:10 [PR-IN-HEX] FB 05 00 00 00 30 68 74 74 70 3A 2F 2F 77 68 33 36 30 36 2E 
2026-04-02 02:15:10 [PR-IN-PARSE] pkt=0xFB screen=5 len=0 dup=26672 total=54
2026-04-02 02:15:10 [PR-IN] screen=5 json=ttp://wh3606.web3.maze-host.ru/music/enter_.mp3
2026-04-02 02:15:10 [PR-IN] screen=5 json=ttp://wh3606.web3.maze-host.ru/music/enter_.mp3
2026-04-02 02:15:10 [pkt in] id=251
2026-04-02 02:15:10 [PR-IN] pkt=251 total_bytes=54
2026-04-02 02:15:10 [PR-IN-HEX] FB 05 00 00 00 30 68 74 74 70 3A 2F 2F 77 68 33 36 30 36 2E 
2026-04-02 02:15:10 [PR-IN-PARSE] pkt=0xFB screen=5 len=0 dup=26672 total=54
2026-04-02 02:15:10 [PR-IN] screen=5 json=ttp://wh3606.web3.maze-host.ru/music/enter_.mp3
2026-04-02 02:15:10 [PR-IN] screen=5 json=ttp://wh3606.web3.maze-host.ru/music/enter_.mp3
2026-04-02 02:15:10 [RPC in] id=128
2026-04-02 02:15:10 [merged] RequestClassResponse canSpawn=true skin=0
2026-04-02 02:15:10 [RPC in] id=47
2026-04-02 02:15:10 [RPC in] id=44
2026-04-02 02:15:10 [RPC in] id=47
2026-04-02 02:15:10 [RPC in] id=44
2026-04-02 02:15:10 [RPC in] id=47
2026-04-02 02:15:10 [RPC in] id=44
2026-04-02 02:15:10 [RPC in] id=47
2026-04-02 02:15:10 [RPC in] id=44
2026-04-02 02:15:10 [RPC in] id=47
2026-04-02 02:15:10 [RPC in] id=44
2026-04-02 02:15:10 [RPC in] id=47
2026-04-02 02:15:10 [RPC in] id=44
2026-04-02 02:15:10 [RPC in] id=47
2026-04-02 02:15:10 [RPC in] id=44
2026-04-02 02:15:10 [RPC in] id=47
2026-04-02 02:15:10 [RPC in] id=44
2026-04-02 02:15:10 [RPC in] id=47
2026-04-02 02:15:10 [RPC in] id=44
2026-04-02 02:15:10 [RPC in] id=47
2026-04-02 02:15:10 [RPC in] id=44
2026-04-02 02:15:10 [RPC in] id=47
2026-04-02 02:15:10 [RPC in] id=44
2026-04-02 02:15:10 [RPC in] id=47
2026-04-02 02:15:10 [RPC in] id=44
2026-04-02 02:15:10 [RPC in] id=47
2026-04-02 02:15:10 [RPC in] id=44
2026-04-02 02:15:10 [RPC in] id=47
2026-04-02 02:15:10 [RPC in] id=44
2026-04-02 02:15:10 [RPC in] id=47
2026-04-02 02:15:10 [RPC in] id=44
2026-04-02 02:15:10 [RPC in] id=47
2026-04-02 02:15:10 [RPC in] id=44
2026-04-02 02:15:10 [RPC in] id=47
2026-04-02 02:15:10 [RPC in] id=44
2026-04-02 02:15:10 [RPC in] id=151
2026-04-02 02:15:10 [RPC in] id=47
2026-04-02 02:15:10 [RPC in] id=44
2026-04-02 02:15:10 [PR] REGISTER attempt=1 nick=Vitaly_Zaycev pw_len=15 skin=239
2026-04-02 02:15:10 [PR-SEND mode=FIXED] screen=38 len=49 json={"t":1,"s":"Vitaly_Zaycev","p":"[REDACTED_PASSWORD]"}
2026-04-02 02:15:10 [PR] Registration t=1 sent, waiting for server steps...
2026-04-02 02:15:11 [RPC in] id=151
2026-04-02 02:15:12 [RPC in] id=151
2026-04-02 02:15:13 [RPC in] id=47
2026-04-02 02:15:13 [RPC in] id=44
2026-04-02 02:15:13 [RPC in] id=47
2026-04-02 02:15:13 [RPC in] id=44
2026-04-02 02:15:13 [RPC in] id=47
2026-04-02 02:15:13 [RPC in] id=44
2026-04-02 02:15:13 [RPC in] id=47
2026-04-02 02:15:13 [RPC in] id=44
2026-04-02 02:15:13 [RPC in] id=47
2026-04-02 02:15:13 [RPC in] id=44
2026-04-02 02:15:13 [RPC in] id=47
2026-04-02 02:15:13 [RPC in] id=44
2026-04-02 02:15:13 [RPC in] id=47
2026-04-02 02:15:13 [RPC in] id=44
2026-04-02 02:15:13 [RPC in] id=47
2026-04-02 02:15:13 [RPC in] id=44
2026-04-02 02:15:13 [RPC in] id=47
2026-04-02 02:15:13 [RPC in] id=44
2026-04-02 02:15:13 [RPC in] id=47
2026-04-02 02:15:13 [RPC in] id=44
2026-04-02 02:15:13 [RPC in] id=47
2026-04-02 02:15:13 [RPC in] id=44
2026-04-02 02:15:13 [RPC in] id=47
2026-04-02 02:15:13 [RPC in] id=44
2026-04-02 02:15:13 [RPC in] id=47
2026-04-02 02:15:13 [RPC in] id=44
2026-04-02 02:15:13 [RPC in] id=47
2026-04-02 02:15:13 [RPC in] id=44
2026-04-02 02:15:13 [RPC in] id=47
2026-04-02 02:15:13 [RPC in] id=44
2026-04-02 02:15:13 [RPC in] id=47
2026-04-02 02:15:13 [RPC in] id=44
2026-04-02 02:15:13 [RPC in] id=47
2026-04-02 02:15:13 [RPC in] id=44
2026-04-02 02:15:13 [RPC in] id=151
2026-04-02 02:15:13 [RPC in] id=47
2026-04-02 02:15:13 [RPC in] id=44
2026-04-02 02:15:14 [RPC in] id=151
2026-04-02 02:15:15 [RPC in] id=151
2026-04-02 02:15:16 [RPC in] id=151
2026-04-02 02:15:17 [RPC in] id=151
2026-04-02 02:15:18 [RPC in] id=151
2026-04-02 02:15:19 [RPC in] id=151
2026-04-02 02:15:20 [RPC in] id=151
2026-04-02 02:15:21 [RPC in] id=60
2026-04-02 02:15:21 [RPC in] id=151
2026-04-02 02:15:22 [RPC in] id=151
2026-04-02 02:15:23 [RPC in] id=151
2026-04-02 02:15:24 [RPC in] id=151
2026-04-02 02:15:25 [RPC in] id=151
2026-04-02 02:15:26 [RPC in] id=151
2026-04-02 02:15:27 [RPC in] id=151
2026-04-02 02:15:28 [RPC in] id=151
2026-04-02 02:15:29 [RPC in] id=151
2026-04-02 02:15:30 [RPC in] id=151
2026-04-02 02:15:31 [RPC in] id=151
2026-04-02 02:15:32 [RPC in] id=151
2026-04-02 02:15:33 [RPC in] id=151
2026-04-02 02:15:34 [RPC in] id=151
2026-04-02 02:15:35 [RPC in] id=151
2026-04-02 02:15:36 [RPC in] id=151
2026-04-02 02:15:37 [RPC in] id=151
2026-04-02 02:15:38 [RPC in] id=151
2026-04-02 02:15:39 [RPC in] id=47
2026-04-02 02:15:39 [RPC in] id=44
2026-04-02 02:15:39 [RPC in] id=47
2026-04-02 02:15:39 [RPC in] id=44
2026-04-02 02:15:39 [RPC in] id=47
2026-04-02 02:15:39 [RPC in] id=44
2026-04-02 02:15:39 [RPC in] id=47
2026-04-02 02:15:39 [RPC in] id=44
2026-04-02 02:15:39 [RPC in] id=47
2026-04-02 02:15:39 [RPC in] id=44
2026-04-02 02:15:39 [RPC in] id=47
2026-04-02 02:15:39 [RPC in] id=44
2026-04-02 02:15:39 [RPC in] id=47
2026-04-02 02:15:39 [RPC in] id=44
2026-04-02 02:15:39 [RPC in] id=47
2026-04-02 02:15:39 [RPC in] id=44
2026-04-02 02:15:39 [RPC in] id=47
2026-04-02 02:15:39 [RPC in] id=44
2026-04-02 02:15:39 [RPC in] id=47
2026-04-02 02:15:39 [RPC in] id=44
2026-04-02 02:15:39 [RPC in] id=47
2026-04-02 02:15:39 [RPC in] id=44
2026-04-02 02:15:39 [RPC in] id=47
2026-04-02 02:15:39 [RPC in] id=44
2026-04-02 02:15:39 [RPC in] id=47
2026-04-02 02:15:39 [RPC in] id=44
2026-04-02 02:15:39 [RPC in] id=47
2026-04-02 02:15:39 [RPC in] id=44
2026-04-02 02:15:39 [RPC in] id=47
2026-04-02 02:15:39 [RPC in] id=44
2026-04-02 02:15:39 [RPC in] id=47
2026-04-02 02:15:39 [RPC in] id=44
2026-04-02 02:15:39 [RPC in] id=47
2026-04-02 02:15:39 [RPC in] id=44
2026-04-02 02:15:39 [RPC in] id=47
2026-04-02 02:15:39 [RPC in] id=44
2026-04-02 02:15:39 [RPC in] id=151
2026-04-02 02:15:40 [RPC in] id=151
2026-04-02 02:15:41 [RPC in] id=151
2026-04-02 02:15:42 [RPC in] id=47
2026-04-02 02:15:42 [RPC in] id=44
2026-04-02 02:15:42 [RPC in] id=47
2026-04-02 02:15:42 [RPC in] id=44
2026-04-02 02:15:42 [RPC in] id=47
2026-04-02 02:15:42 [RPC in] id=44
2026-04-02 02:15:42 [RPC in] id=47
2026-04-02 02:15:42 [RPC in] id=44
2026-04-02 02:15:42 [RPC in] id=47
2026-04-02 02:15:42 [RPC in] id=44
2026-04-02 02:15:42 [RPC in] id=47
2026-04-02 02:15:42 [RPC in] id=44
2026-04-02 02:15:42 [RPC in] id=47
2026-04-02 02:15:42 [RPC in] id=44
2026-04-02 02:15:42 [RPC in] id=47
2026-04-02 02:15:42 [RPC in] id=44
2026-04-02 02:15:42 [RPC in] id=47
2026-04-02 02:15:42 [RPC in] id=44
2026-04-02 02:15:42 [RPC in] id=47
2026-04-02 02:15:42 [RPC in] id=44
2026-04-02 02:15:42 [RPC in] id=47
2026-04-02 02:15:42 [RPC in] id=44
2026-04-02 02:15:42 [RPC in] id=47
2026-04-02 02:15:42 [RPC in] id=44
2026-04-02 02:15:42 [RPC in] id=47
2026-04-02 02:15:42 [RPC in] id=44
2026-04-02 02:15:42 [RPC in] id=47
2026-04-02 02:15:42 [RPC in] id=44
2026-04-02 02:15:42 [RPC in] id=47
2026-04-02 02:15:42 [RPC in] id=44
2026-04-02 02:15:42 [RPC in] id=47
2026-04-02 02:15:42 [RPC in] id=44
2026-04-02 02:15:42 [RPC in] id=47
2026-04-02 02:15:42 [RPC in] id=44
2026-04-02 02:15:42 [RPC in] id=47
2026-04-02 02:15:42 [RPC in] id=44
2026-04-02 02:15:42 [RPC in] id=151
2026-04-02 02:15:43 [RPC in] id=151
2026-04-02 02:15:44 [RPC in] id=151
2026-04-02 02:15:45 [RPC in] id=151
2026-04-02 02:15:46 [RPC in] id=151
2026-04-02 02:15:47 [RPC in] id=151
2026-04-02 02:15:48 [RPC in] id=151
2026-04-02 02:15:49 [RPC in] id=151
2026-04-02 02:15:50 [RPC in] id=151
2026-04-02 02:15:51 [RPC in] id=60
2026-04-02 02:15:51 [RPC in] id=151
2026-04-02 02:15:52 [RPC in] id=151
2026-04-02 02:15:53 [RPC in] id=151
2026-04-02 02:15:54 [RPC in] id=151
2026-04-02 02:15:55 [RPC in] id=151
2026-04-02 02:15:56 [RPC in] id=151
2026-04-02 02:15:57 [RPC in] id=151
2026-04-02 02:15:58 [RPC in] id=151
2026-04-02 02:15:59 [RPC in] id=151
2026-04-02 02:16:00 [RPC in] id=94
2026-04-02 02:16:00 [RPC in] id=29
2026-04-02 02:16:00 [RPC in] id=151
2026-04-02 02:16:01 [RPC in] id=151
2026-04-02 02:16:02 [RPC in] id=151
2026-04-02 02:16:03 [RPC in] id=151
2026-04-02 02:16:04 [RPC in] id=151
2026-04-02 02:16:05 [RPC in] id=151
2026-04-02 02:16:06 [RPC in] id=151
2026-04-02 02:16:07 [RPC in] id=47
2026-04-02 02:16:07 [RPC in] id=44
2026-04-02 02:16:07 [RPC in] id=47
2026-04-02 02:16:07 [RPC in] id=44
2026-04-02 02:16:07 [RPC in] id=47
2026-04-02 02:16:07 [RPC in] id=44
2026-04-02 02:16:07 [RPC in] id=47
2026-04-02 02:16:07 [RPC in] id=44
2026-04-02 02:16:07 [RPC in] id=47
2026-04-02 02:16:07 [RPC in] id=44
2026-04-02 02:16:07 [RPC in] id=47
2026-04-02 02:16:07 [RPC in] id=44
2026-04-02 02:16:07 [RPC in] id=47
2026-04-02 02:16:07 [RPC in] id=44
2026-04-02 02:16:07 [RPC in] id=47
2026-04-02 02:16:07 [RPC in] id=44
2026-04-02 02:16:07 [RPC in] id=47
2026-04-02 02:16:07 [RPC in] id=44
2026-04-02 02:16:07 [RPC in] id=47
2026-04-02 02:16:07 [RPC in] id=44
2026-04-02 02:16:07 [RPC in] id=47
2026-04-02 02:16:07 [RPC in] id=44
2026-04-02 02:16:07 [RPC in] id=47
2026-04-02 02:16:07 [RPC in] id=44
2026-04-02 02:16:07 [RPC in] id=47
2026-04-02 02:16:07 [RPC in] id=44
2026-04-02 02:16:07 [RPC in] id=47
2026-04-02 02:16:07 [RPC in] id=44
2026-04-02 02:16:07 [RPC in] id=47
2026-04-02 02:16:07 [RPC in] id=44
2026-04-02 02:16:07 [RPC in] id=47
2026-04-02 02:16:07 [RPC in] id=44
2026-04-02 02:16:07 [RPC in] id=47
2026-04-02 02:16:07 [RPC in] id=44
2026-04-02 02:16:07 [RPC in] id=47
2026-04-02 02:16:07 [RPC in] id=44
2026-04-02 02:16:07 [RPC in] id=151
2026-04-02 02:16:08 [RPC in] id=151
2026-04-02 02:16:09 [RPC in] id=151
2026-04-02 02:16:10 [RPC in] id=47
2026-04-02 02:16:10 [RPC in] id=44
2026-04-02 02:16:10 [RPC in] id=47
2026-04-02 02:16:10 [RPC in] id=44
2026-04-02 02:16:10 [RPC in] id=47
2026-04-02 02:16:10 [RPC in] id=44
2026-04-02 02:16:10 [RPC in] id=47
2026-04-02 02:16:10 [RPC in] id=44
2026-04-02 02:16:10 [RPC in] id=47
2026-04-02 02:16:10 [RPC in] id=44
2026-04-02 02:16:10 [RPC in] id=47
2026-04-02 02:16:10 [RPC in] id=44
2026-04-02 02:16:10 [RPC in] id=47
2026-04-02 02:16:10 [RPC in] id=44
2026-04-02 02:16:10 [RPC in] id=47
2026-04-02 02:16:10 [RPC in] id=44
2026-04-02 02:16:10 [RPC in] id=47
2026-04-02 02:16:10 [RPC in] id=44
2026-04-02 02:16:10 [RPC in] id=47
2026-04-02 02:16:10 [RPC in] id=44
2026-04-02 02:16:10 [RPC in] id=47
2026-04-02 02:16:10 [RPC in] id=44
2026-04-02 02:16:10 [RPC in] id=47
2026-04-02 02:16:10 [RPC in] id=44
2026-04-02 02:16:10 [RPC in] id=47
2026-04-02 02:16:10 [RPC in] id=44
2026-04-02 02:16:10 [RPC in] id=47
2026-04-02 02:16:10 [RPC in] id=44
2026-04-02 02:16:10 [RPC in] id=47
2026-04-02 02:16:10 [RPC in] id=44
2026-04-02 02:16:10 [RPC in] id=47
2026-04-02 02:16:10 [RPC in] id=44
2026-04-02 02:16:10 [RPC in] id=47
2026-04-02 02:16:10 [RPC in] id=44
2026-04-02 02:16:10 [RPC in] id=47
2026-04-02 02:16:10 [RPC in] id=44
2026-04-02 02:16:10 [RPC in] id=151
2026-04-02 02:16:11 [RPC in] id=151
2026-04-02 02:16:12 [RPC in] id=151
2026-04-02 02:16:13 [RPC in] id=151
