[14:01:45]  
[14:01:45] * ===================================================== *
[14:01:45]   RakSAMP Lite initialized on 26/03/2026 14:01:45
[14:01:45]   Authors: jlfm, bartekdvd, P3ti, Rei
[14:01:45]   Visit t.me/reiscripts
[14:01:45] * ===================================================== *
[14:01:45]  
[14:01:45] [LUA] Loading scripts...
[14:01:45] [LUA] Z:\workspace\raksamp\lite_debug_run\scripts\blasthk_aim_and_ping_merged.lua loaded
[14:01:45] [LUA] ========== blasthk_aim_and_ping_merged onLoad ==========
[14:01:45] [LUA] [merged] aim_fix + send_ping_fix + PRIME RUSSIA GUI handler
[14:01:45] [LUA] [merged] GUI packets: in=251/252 out=251
[14:01:45] [LUA] [merged] pw_len=15
[14:01:45] [NET] Connecting to 51.75.232.67:1801...
[14:01:45] [LUA] [pkt in] id=12
[14:01:45] [LUA] [pkt in] id=34
[14:01:45] [NET] Connected. Joining the game...
[14:01:45] [LUA] [pkt in] id=41
[14:01:45] [NET] Bad nickname
[14:01:45] [LUA] [pkt in] id=32
[14:01:45] [LUA] [merged] PACKET_DISCONNECTION_NOTIFICATION
[14:01:45] [NET] Connection was closed by the server. Reconnecting in 15 seconds.
[14:02:00] [NET] Connecting to 51.75.232.67:1801...
[14:02:01] [LUA] [pkt in] id=12
[14:02:01] [LUA] [pkt in] id=34
[14:02:01] [NET] Connected. Joining the game...
[14:02:01] [LUA] [pkt in] id=41
[14:02:01] [MSG]  
[14:02:01] [MSG]  
[14:02:01] [MSG]  
[14:02:01] [MSG]  
[14:02:01] [MSG]  
[14:02:01] [MSG]  
[14:02:01] [MSG]  
[14:02:01] [MSG]  
[14:02:01] [MSG]  
[14:02:01] [MSG]  
[14:02:01] [MSG]  
[14:02:01] [MSG]  
[14:02:01] [MSG]  
[14:02:01] [MSG]  
[14:02:01] [MSG]  
[14:02:01] [MSG]  
[14:02:01] [MSG]  
[14:02:01] [MSG]  
[14:02:01] [MSG]  
[14:02:01] [MSG]  
[14:02:01] [MSG]  
[14:02:01] [MSG]  
[14:02:01] [MSG]  
[14:02:01] [MSG]  
[14:02:01] [MSG]  
[14:02:01] [MSG]  
[14:02:01] [MSG] {FFFFFF}| Добро пожаловать на {E24B4B}PRIME RUSSIA{FFFFFF}, сервер —
[14:02:01] [MSG] {FFFFFF}| — {E24B4B}RED
[14:02:01] [MSG] {FFFFFF}| В нашем канале Телеграм {E24B4B}t.me/primee_dev{FFFFFF} идёт
[14:02:01] [MSG] {FFFFFF}| — раздача подарков
[14:02:01] [MSG] {FFFFFF}| Для участия нужно написать в ЛС группы кодовое
[14:02:01] [MSG] {FFFFFF}| — слово {E24B4B}#ХОЧУ
[14:02:01] [MSG]  
[14:02:03] [AUDIO] 
[14:02:03] [LUA] [pkt in] id=251
[14:02:03] [LUA] [PR-IN] pkt=251 unread_bits=432
[14:02:03] [LUA] [PR-IN] screen=5 json_len=0 remaining=49
[14:02:03] [LUA] [PR-IN] screen=5 json=0http://wh3606.web3.maze-host.ru/music/enter_.mp3
[14:02:03] [LUA] [PR-IN] screen=5 json=0http://wh3606.web3.maze-host.ru/music/enter_.mp3
[14:02:03] [LUA] [pkt in] id=251
[14:02:03] [LUA] [PR-IN] pkt=251 unread_bits=432
[14:02:03] [LUA] [PR-IN] screen=5 json_len=0 remaining=49
[14:02:03] [LUA] [PR-IN] screen=5 json=0http://wh3606.web3.maze-host.ru/music/enter_.mp3
[14:02:03] [LUA] [PR-IN] screen=5 json=0http://wh3606.web3.maze-host.ru/music/enter_.mp3
[14:02:03] [NET] Connected to PRIME RUSSIA
[14:02:03] [RPC] >> Class 0 requested
[14:02:03] [LUA] [pkt in] id=252
[14:02:03] [LUA] [PR-IN] pkt=252 unread_bits=160
[14:02:03] [LUA] [PR-IN] screen=38 json_len=13 remaining=15
[14:02:03] [LUA] [PR-IN] trimming 2 leading bytes before JSON
[14:02:03] [LUA] [PR-IN] screen=38 json={"o":1,"r":0}
[14:02:03] [LUA] [PR-IN] screen=38 json={"o":1,"r":0}
[14:02:03] [LUA] [PR] GUI38 OPEN: REGISTRATION mode
[14:02:04] [LUA] [PR] Generated nick: Vitaly9724 (attempt 1)
[14:02:04] [LUA] [PR] REGISTER attempt=1 nick=Vitaly9724 pw_len=15
[14:02:04] [LUA] [PR-SEND mode=3C] screen=38 len=46 json={"t":1,"s":"Vitaly9724","p":"RakLiteBot_2026"}
